#
# There is insufficient memory for the Java Runtime Environment to continue.
# Native memory allocation (malloc) failed to allocate 1321936 bytes for Chunk::new
# Possible reasons:
#   The system is out of physical RAM or swap space
#   The process is running with CompressedOops enabled, and the Java Heap may be blocking the growth of the native heap
# Possible solutions:
#   Reduce memory load on the system
#   Increase physical memory or swap space
#   Check if swap backing store is full
#   Decrease Java heap size (-Xmx/-Xms)
#   Decrease number of Java threads
#   Decrease Java thread stack sizes (-Xss)
#   Set larger code cache with -XX:ReservedCodeCacheSize=
#   JVM is running with Unscaled Compressed Oops mode in which the Java heap is
#     placed in the first 4GB address space. The Java Heap base address is the
#     maximum limit for the native heap growth. Please use -XX:HeapBaseMinAddress
#     to set the Java Heap base and to place the Java Heap above 4GB virtual address.
# This output file may be truncated or incomplete.
#
#  Out of Memory Error (./src/hotspot/share/memory/arena.cpp:197), pid=5704, tid=5176
#
# JRE version: OpenJDK Runtime Environment (11.0.13) (build 11.0.13+0-b1751.21-8125866)
# Java VM: OpenJDK 64-Bit Server VM (11.0.13+0-b1751.21-8125866, mixed mode, tiered, compressed oops, g1 gc, windows-amd64)
# No core dump will be written. Minidumps are not enabled by default on client versions of Windows
#

---------------  S U M M A R Y ------------

Command Line: --add-opens=java.base/java.util=ALL-UNNAMED --add-opens=java.base/java.lang=ALL-UNNAMED --add-opens=java.base/java.lang.invoke=ALL-UNNAMED --add-opens=java.base/java.util=ALL-UNNAMED --add-opens=java.prefs/java.util.prefs=ALL-UNNAMED --add-opens=java.prefs/java.util.prefs=ALL-UNNAMED --add-opens=java.base/java.nio.charset=ALL-UNNAMED --add-opens=java.base/java.net=ALL-UNNAMED --add-opens=java.base/java.util.concurrent.atomic=ALL-UNNAMED -Xmx2048m -Dfile.encoding=UTF-8 -Duser.country=RU -Duser.language=ru -Duser.variant org.gradle.launcher.daemon.bootstrap.GradleDaemon 7.4

Host: Intel(R) Core(TM) i5-2450M CPU @ 2.50GHz, 4 cores, 7G,  Windows 8.1 , 64 bit Build 9600 (6.3.9600.20389)
Time: Wed Nov 16 21:40:46 2022 RTZ 4 (ceia) elapsed time: 20.432736 seconds (0d 0h 0m 20s)

---------------  T H R E A D  ---------------

Current thread (0x0000006ad61ce800):  JavaThread "C2 CompilerThread1" daemon [_thread_in_native, id=5176, stack(0x0000006ad7500000,0x0000006ad7600000)]


Current CompileTask:
C2:  20432 3737       4       java.net.URLClassLoader$1::run (5 bytes)

Stack: [0x0000006ad7500000,0x0000006ad7600000]
Native frames: (J=compiled Java code, j=interpreted, Vv=VM code, C=native code)
V  [jvm.dll+0x6100fa]
V  [jvm.dll+0x747090]
V  [jvm.dll+0x7486ad]
V  [jvm.dll+0x748d83]
V  [jvm.dll+0x24ab48]
V  [jvm.dll+0xc04dc]
V  [jvm.dll+0xc0a0c]
V  [jvm.dll+0x35eb5b]
V  [jvm.dll+0x19d7bc]
V  [jvm.dll+0x2033be]
V  [jvm.dll+0x202437]
V  [jvm.dll+0x188e01]
V  [jvm.dll+0x21106b]
V  [jvm.dll+0x20f8c1]
V  [jvm.dll+0x70de0f]
V  [jvm.dll+0x706a75]
V  [jvm.dll+0x60ed66]
C  [ucrtbase.DLL+0x1f4a0]
C  [KERNEL32.DLL+0x1412]
C  [ntdll.dll+0x15504]


---------------  P R O C E S S  ---------------

Threads class SMR info:
_java_thread_list=0x0000006ad1bff0d0, length=33, elements={
0x0000006ab5895800, 0x0000006acf7ac800, 0x0000006acf7ad800, 0x0000006ad01d0800,
0x0000006ad01d2800, 0x0000006ad01d3800, 0x0000006ad01d7000, 0x0000006ad0281800,
0x0000006ad0282800, 0x0000006ad0377000, 0x0000006ad05b5000, 0x0000006ad27e7800,
0x0000006ad39d6800, 0x0000006ad2670800, 0x0000006ad2671000, 0x0000006ad2673000,
0x0000006ad2674800, 0x0000006ad2672000, 0x0000006ad2675800, 0x0000006ad2673800,
0x0000006ad2676000, 0x0000006ad2677000, 0x0000006ad1d8a000, 0x0000006ad1d87800,
0x0000006ad1d8b000, 0x0000006ad1d88800, 0x0000006ad1d8c000, 0x0000006ad1d89800,
0x0000006ad1d8f000, 0x0000006ad1d90000, 0x0000006ad61ce800, 0x0000006ad1d90800,
0x0000006ad1d93000
}

Java Threads: ( => current thread )
  0x0000006ab5895800 JavaThread "main" [_thread_blocked, id=5732, stack(0x0000006ab37c0000,0x0000006ab38c0000)]
  0x0000006acf7ac800 JavaThread "Reference Handler" daemon [_thread_blocked, id=5780, stack(0x0000006ad06c0000,0x0000006ad07c0000)]
  0x0000006acf7ad800 JavaThread "Finalizer" daemon [_thread_blocked, id=5784, stack(0x0000006ad07c0000,0x0000006ad08c0000)]
  0x0000006ad01d0800 JavaThread "Signal Dispatcher" daemon [_thread_blocked, id=5824, stack(0x0000006ad09a0000,0x0000006ad0aa0000)]
  0x0000006ad01d2800 JavaThread "Attach Listener" daemon [_thread_blocked, id=5828, stack(0x0000006ad0aa0000,0x0000006ad0ba0000)]
  0x0000006ad01d3800 JavaThread "Service Thread" daemon [_thread_blocked, id=5832, stack(0x0000006ad0ba0000,0x0000006ad0ca0000)]
  0x0000006ad01d7000 JavaThread "C2 CompilerThread0" daemon [_thread_in_native, id=5836, stack(0x0000006ad0ca0000,0x0000006ad0da0000)]
  0x0000006ad0281800 JavaThread "C1 CompilerThread0" daemon [_thread_blocked, id=5840, stack(0x0000006ad0da0000,0x0000006ad0ea0000)]
  0x0000006ad0282800 JavaThread "Sweeper thread" daemon [_thread_blocked, id=5844, stack(0x0000006ad0ea0000,0x0000006ad0fa0000)]
  0x0000006ad0377000 JavaThread "Common-Cleaner" daemon [_thread_blocked, id=5892, stack(0x0000006ad0fa0000,0x0000006ad10a0000)]
  0x0000006ad05b5000 JavaThread "Daemon health stats" [_thread_blocked, id=6072, stack(0x0000006ad19a0000,0x0000006ad1aa0000)]
  0x0000006ad27e7800 JavaThread "Incoming local TCP Connector on port 50017" [_thread_in_native, id=2568, stack(0x0000006ad4920000,0x0000006ad4a20000)]
  0x0000006ad39d6800 JavaThread "Daemon periodic checks" [_thread_blocked, id=628, stack(0x0000006ad4d20000,0x0000006ad4e20000)]
  0x0000006ad2670800 JavaThread "Daemon" [_thread_blocked, id=3744, stack(0x0000006ad4e20000,0x0000006ad4f20000)]
  0x0000006ad2671000 JavaThread "Handler for socket connection from /127.0.0.1:50017 to /127.0.0.1:50022" [_thread_in_native, id=1020, stack(0x0000006ad4f20000,0x0000006ad5020000)]
  0x0000006ad2673000 JavaThread "Cancel handler" [_thread_blocked, id=5132, stack(0x0000006ad5020000,0x0000006ad5120000)]
  0x0000006ad2674800 JavaThread "Daemon worker" [_thread_in_Java, id=1312, stack(0x0000006ad5120000,0x0000006ad5220000)]
  0x0000006ad2672000 JavaThread "Asynchronous log dispatcher for DefaultDaemonConnection: socket connection from /127.0.0.1:50017 to /127.0.0.1:50022" [_thread_blocked, id=4364, stack(0x0000006ad5220000,0x0000006ad5320000)]
  0x0000006ad2675800 JavaThread "Stdin handler" [_thread_blocked, id=3984, stack(0x0000006ad5320000,0x0000006ad5420000)]
  0x0000006ad2673800 JavaThread "Daemon client event forwarder" [_thread_blocked, id=3408, stack(0x0000006ad5520000,0x0000006ad5620000)]
  0x0000006ad2676000 JavaThread "Cache worker for journal cache (C:\Users\Nadezhda S\.gradle\caches\journal-1)" [_thread_blocked, id=660, stack(0x0000006ad5820000,0x0000006ad5920000)]
  0x0000006ad2677000 JavaThread "File lock request listener" [_thread_in_native, id=2284, stack(0x0000006ad5920000,0x0000006ad5a20000)]
  0x0000006ad1d8a000 JavaThread "Cache worker for file hash cache (C:\Users\Nadezhda S\.gradle\caches\7.4\fileHashes)" [_thread_blocked, id=2808, stack(0x0000006ad5a20000,0x0000006ad5b20000)]
  0x0000006ad1d87800 JavaThread "Cache worker for checksums cache (C:\Users\Nadezhda S\AndroidStudioProjects\MFinishProjekt\.gradle\7.4\checksums)" [_thread_blocked, id=4968, stack(0x0000006ad5f20000,0x0000006ad6020000)]
  0x0000006ad1d8b000 JavaThread "Cache worker for cache directory md-rule (C:\Users\Nadezhda S\.gradle\caches\7.4\md-rule)" [_thread_blocked, id=4212, stack(0x0000006ad7200000,0x0000006ad7300000)]
  0x0000006ad1d88800 JavaThread "Cache worker for file hash cache (C:\Users\Nadezhda S\AndroidStudioProjects\MFinishProjekt\.gradle\7.4\fileHashes)" [_thread_blocked, id=4780, stack(0x0000006ad7600000,0x0000006ad7700000)]
  0x0000006ad1d8c000 JavaThread "Cache worker for cache directory md-supplier (C:\Users\Nadezhda S\.gradle\caches\7.4\md-supplier)" [_thread_blocked, id=1520, stack(0x0000006ad7920000,0x0000006ad7a20000)]
  0x0000006ad1d89800 JavaThread "Cache worker for execution history cache (C:\Users\Nadezhda S\.gradle\caches\7.4\executionHistory)" [_thread_blocked, id=3752, stack(0x0000006ad7700000,0x0000006ad7800000)]
  0x0000006ad1d8f000 JavaThread "jar transforms" [_thread_blocked, id=3476, stack(0x0000006ad7800000,0x0000006ad7900000)]
  0x0000006ad1d90000 JavaThread "Cache worker for file content cache (C:\Users\Nadezhda S\.gradle\caches\7.4\fileContent)" [_thread_blocked, id=4720, stack(0x0000006ad8220000,0x0000006ad8320000)]
=>0x0000006ad61ce800 JavaThread "C2 CompilerThread1" daemon [_thread_in_native, id=5176, stack(0x0000006ad7500000,0x0000006ad7600000)]
  0x0000006ad1d90800 JavaThread "jar transforms Thread 2" [_thread_blocked, id=5164, stack(0x0000006ad94f0000,0x0000006ad95f0000)]
  0x0000006ad1d93000 JavaThread "Cache worker for dependencies-accessors (C:\Users\Nadezhda S\AndroidStudioProjects\MFinishProjekt\.gradle\7.4\dependencies-accessors)" [_thread_blocked, id=5140, stack(0x0000006ad95f0000,0x0000006ad96f0000)]

Other Threads:
  0x0000006ad01c4000 VMThread "VM Thread" [stack: 0x0000006ad05c0000,0x0000006ad06c0000] [id=5772]
  0x0000006ad039c000 WatcherThread [stack: 0x0000006ad10a0000,0x0000006ad11a0000] [id=5896]
  0x0000006ab58ae800 GCTaskThread "GC Thread#0" [stack: 0x0000006ab5220000,0x0000006ab5320000] [id=5736]
  0x0000006ad1b10800 GCTaskThread "GC Thread#1" [stack: 0x0000006ad2a70000,0x0000006ad2b70000] [id=5988]
  0x0000006ad135a000 GCTaskThread "GC Thread#2" [stack: 0x0000006ad2b70000,0x0000006ad2c70000] [id=5992]
  0x0000006ad38f6800 GCTaskThread "GC Thread#3" [stack: 0x0000006ad4c20000,0x0000006ad4d20000] [id=4576]
  0x0000006ab58e0800 ConcurrentGCThread "G1 Main Marker" [stack: 0x0000006accf80000,0x0000006acd080000] [id=5740]
  0x0000006ab58e3000 ConcurrentGCThread "G1 Conc#0" [stack: 0x0000006acd080000,0x0000006acd180000] [id=5744]
  0x0000006ab593e800 ConcurrentGCThread "G1 Refine#0" [stack: 0x0000006acf7c0000,0x0000006acf8c0000] [id=5748]
  0x0000006acf5ff000 ConcurrentGCThread "G1 Young RemSet Sampling" [stack: 0x0000006acf8c0000,0x0000006acf9c0000] [id=5752]

Threads with active compile tasks:
C2 CompilerThread0  20464 3756   !   4       java.net.URLClassLoader$1::run (81 bytes)
C2 CompilerThread1  20464 3737       4       java.net.URLClassLoader$1::run (5 bytes)

VM state:not at safepoint (normal execution)

VM Mutex/Monitor currently owned by a thread: None

Heap address: 0x0000000080000000, size: 2048 MB, Compressed Oops mode: 32-bit
Narrow klass base: 0x0000000000000000, Narrow klass shift: 3
Compressed class space size: 1073741824 Address: 0x0000000100000000

Heap:
 garbage-first heap   total 131072K, used 60130K [0x0000000080000000, 0x0000000100000000)
  region size 1024K, 41 young (41984K), 7 survivors (7168K)
 Metaspace       used 42333K, capacity 43254K, committed 43548K, reserved 1087488K
  class space    used 5374K, capacity 5734K, committed 5792K, reserved 1048576K
Heap Regions: E=young(eden), S=young(survivor), O=old, HS=humongous(starts), HC=humongous(continues), CS=collection set, F=free, A=archive, TAMS=top-at-mark-start (previous, next)
|   0|0x0000000080000000, 0x0000000080100000, 0x0000000080100000|100%|HS|  |TAMS 0x0000000080100000, 0x0000000080000000| Complete 
|   1|0x0000000080100000, 0x0000000080200000, 0x0000000080200000|100%|HC|  |TAMS 0x0000000080200000, 0x0000000080100000| Complete 
|   2|0x0000000080200000, 0x0000000080300000, 0x0000000080300000|100%|HC|  |TAMS 0x0000000080300000, 0x0000000080200000| Complete 
|   3|0x0000000080300000, 0x0000000080400000, 0x0000000080400000|100%| O|  |TAMS 0x0000000080400000, 0x0000000080300000| Untracked 
|   4|0x0000000080400000, 0x0000000080500000, 0x0000000080500000|100%| O|  |TAMS 0x0000000080500000, 0x0000000080400000| Untracked 
|   5|0x0000000080500000, 0x0000000080600000, 0x0000000080600000|100%| O|  |TAMS 0x0000000080600000, 0x0000000080500000| Untracked 
|   6|0x0000000080600000, 0x0000000080700000, 0x0000000080700000|100%| O|  |TAMS 0x0000000080700000, 0x0000000080600000| Untracked 
|   7|0x0000000080700000, 0x0000000080800000, 0x0000000080800000|100%| O|  |TAMS 0x0000000080800000, 0x0000000080700000| Untracked 
|   8|0x0000000080800000, 0x0000000080900000, 0x0000000080900000|100%| O|  |TAMS 0x0000000080900000, 0x0000000080800000| Untracked 
|   9|0x0000000080900000, 0x0000000080a00000, 0x0000000080a00000|100%| O|  |TAMS 0x0000000080a00000, 0x0000000080900000| Untracked 
|  10|0x0000000080a00000, 0x0000000080b00000, 0x0000000080b00000|100%| O|  |TAMS 0x0000000080b00000, 0x0000000080a00000| Untracked 
|  11|0x0000000080b00000, 0x0000000080c00000, 0x0000000080c00000|100%| O|  |TAMS 0x0000000080c00000, 0x0000000080b00000| Untracked 
|  12|0x0000000080c00000, 0x0000000080d00000, 0x0000000080d00000|100%| O|  |TAMS 0x0000000080d00000, 0x0000000080c00000| Untracked 
|  13|0x0000000080d00000, 0x0000000080e00000, 0x0000000080e00000|100%| O|  |TAMS 0x0000000080e00000, 0x0000000080d00000| Untracked 
|  14|0x0000000080e00000, 0x0000000080f00000, 0x0000000080f00000|100%| O|  |TAMS 0x0000000080f00000, 0x0000000080e00000| Untracked 
|  15|0x0000000080f00000, 0x0000000081000000, 0x0000000081000000|100%| O|  |TAMS 0x0000000081000000, 0x0000000080f00000| Untracked 
|  16|0x0000000081000000, 0x0000000081100000, 0x0000000081100000|100%| O|  |TAMS 0x0000000081100000, 0x0000000081000000| Untracked 
|  17|0x0000000081100000, 0x0000000081200000, 0x0000000081200000|100%| O|  |TAMS 0x0000000081200000, 0x0000000081100000| Untracked 
|  18|0x0000000081200000, 0x00000000812b8800, 0x0000000081300000| 72%| O|  |TAMS 0x0000000081225400, 0x0000000081200000| Untracked 
|  19|0x0000000081300000, 0x0000000081300000, 0x0000000081400000|  0%| F|  |TAMS 0x0000000081300000, 0x0000000081300000| Untracked 
|  20|0x0000000081400000, 0x0000000081400000, 0x0000000081500000|  0%| F|  |TAMS 0x0000000081400000, 0x0000000081400000| Untracked 
|  21|0x0000000081500000, 0x0000000081500000, 0x0000000081600000|  0%| F|  |TAMS 0x0000000081500000, 0x0000000081500000| Untracked 
|  22|0x0000000081600000, 0x0000000081600000, 0x0000000081700000|  0%| F|  |TAMS 0x0000000081600000, 0x0000000081600000| Untracked 
|  23|0x0000000081700000, 0x0000000081700000, 0x0000000081800000|  0%| F|  |TAMS 0x0000000081700000, 0x0000000081700000| Untracked 
|  24|0x0000000081800000, 0x0000000081800000, 0x0000000081900000|  0%| F|  |TAMS 0x0000000081800000, 0x0000000081800000| Untracked 
|  25|0x0000000081900000, 0x0000000081900000, 0x0000000081a00000|  0%| F|  |TAMS 0x0000000081900000, 0x0000000081900000| Untracked 
|  26|0x0000000081a00000, 0x0000000081a00000, 0x0000000081b00000|  0%| F|  |TAMS 0x0000000081a00000, 0x0000000081a00000| Untracked 
|  27|0x0000000081b00000, 0x0000000081b00000, 0x0000000081c00000|  0%| F|  |TAMS 0x0000000081b00000, 0x0000000081b00000| Untracked 
|  28|0x0000000081c00000, 0x0000000081c00000, 0x0000000081d00000|  0%| F|  |TAMS 0x0000000081c00000, 0x0000000081c00000| Untracked 
|  29|0x0000000081d00000, 0x0000000081d00000, 0x0000000081e00000|  0%| F|  |TAMS 0x0000000081d00000, 0x0000000081d00000| Untracked 
|  30|0x0000000081e00000, 0x0000000081e00000, 0x0000000081f00000|  0%| F|  |TAMS 0x0000000081e00000, 0x0000000081e00000| Untracked 
|  31|0x0000000081f00000, 0x0000000081f00000, 0x0000000082000000|  0%| F|  |TAMS 0x0000000081f00000, 0x0000000081f00000| Untracked 
|  32|0x0000000082000000, 0x0000000082000000, 0x0000000082100000|  0%| F|  |TAMS 0x0000000082000000, 0x0000000082000000| Untracked 
|  33|0x0000000082100000, 0x0000000082100000, 0x0000000082200000|  0%| F|  |TAMS 0x0000000082100000, 0x0000000082100000| Untracked 
|  34|0x0000000082200000, 0x0000000082200000, 0x0000000082300000|  0%| F|  |TAMS 0x0000000082200000, 0x0000000082200000| Untracked 
|  35|0x0000000082300000, 0x0000000082300000, 0x0000000082400000|  0%| F|  |TAMS 0x0000000082300000, 0x0000000082300000| Untracked 
|  36|0x0000000082400000, 0x0000000082400000, 0x0000000082500000|  0%| F|  |TAMS 0x0000000082400000, 0x0000000082400000| Untracked 
|  37|0x0000000082500000, 0x0000000082500000, 0x0000000082600000|  0%| F|  |TAMS 0x0000000082500000, 0x0000000082500000| Untracked 
|  38|0x0000000082600000, 0x0000000082600000, 0x0000000082700000|  0%| F|  |TAMS 0x0000000082600000, 0x0000000082600000| Untracked 
|  39|0x0000000082700000, 0x0000000082700000, 0x0000000082800000|  0%| F|  |TAMS 0x0000000082700000, 0x0000000082700000| Untracked 
|  40|0x0000000082800000, 0x0000000082800000, 0x0000000082900000|  0%| F|  |TAMS 0x0000000082800000, 0x0000000082800000| Untracked 
|  41|0x0000000082900000, 0x0000000082900000, 0x0000000082a00000|  0%| F|  |TAMS 0x0000000082900000, 0x0000000082900000| Untracked 
|  42|0x0000000082a00000, 0x0000000082a00000, 0x0000000082b00000|  0%| F|  |TAMS 0x0000000082a00000, 0x0000000082a00000| Untracked 
|  43|0x0000000082b00000, 0x0000000082b00000, 0x0000000082c00000|  0%| F|  |TAMS 0x0000000082b00000, 0x0000000082b00000| Untracked 
|  44|0x0000000082c00000, 0x0000000082c00000, 0x0000000082d00000|  0%| F|  |TAMS 0x0000000082c00000, 0x0000000082c00000| Untracked 
|  45|0x0000000082d00000, 0x0000000082d00000, 0x0000000082e00000|  0%| F|  |TAMS 0x0000000082d00000, 0x0000000082d00000| Untracked 
|  46|0x0000000082e00000, 0x0000000082e00000, 0x0000000082f00000|  0%| F|  |TAMS 0x0000000082e00000, 0x0000000082e00000| Untracked 
|  47|0x0000000082f00000, 0x0000000082f00000, 0x0000000083000000|  0%| F|  |TAMS 0x0000000082f00000, 0x0000000082f00000| Untracked 
|  48|0x0000000083000000, 0x0000000083000000, 0x0000000083100000|  0%| F|  |TAMS 0x0000000083000000, 0x0000000083000000| Untracked 
|  49|0x0000000083100000, 0x0000000083100000, 0x0000000083200000|  0%| F|  |TAMS 0x0000000083100000, 0x0000000083100000| Untracked 
|  50|0x0000000083200000, 0x0000000083200000, 0x0000000083300000|  0%| F|  |TAMS 0x0000000083200000, 0x0000000083200000| Untracked 
|  51|0x0000000083300000, 0x0000000083300000, 0x0000000083400000|  0%| F|  |TAMS 0x0000000083300000, 0x0000000083300000| Untracked 
|  52|0x0000000083400000, 0x0000000083400000, 0x0000000083500000|  0%| F|  |TAMS 0x0000000083400000, 0x0000000083400000| Untracked 
|  53|0x0000000083500000, 0x0000000083500000, 0x0000000083600000|  0%| F|  |TAMS 0x0000000083500000, 0x0000000083500000| Untracked 
|  54|0x0000000083600000, 0x0000000083600000, 0x0000000083700000|  0%| F|  |TAMS 0x0000000083600000, 0x0000000083600000| Untracked 
|  55|0x0000000083700000, 0x0000000083700000, 0x0000000083800000|  0%| F|  |TAMS 0x0000000083700000, 0x0000000083700000| Untracked 
|  56|0x0000000083800000, 0x0000000083800000, 0x0000000083900000|  0%| F|  |TAMS 0x0000000083800000, 0x0000000083800000| Untracked 
|  57|0x0000000083900000, 0x0000000083900000, 0x0000000083a00000|  0%| F|  |TAMS 0x0000000083900000, 0x0000000083900000| Untracked 
|  58|0x0000000083a00000, 0x0000000083a00000, 0x0000000083b00000|  0%| F|  |TAMS 0x0000000083a00000, 0x0000000083a00000| Untracked 
|  59|0x0000000083b00000, 0x0000000083b00000, 0x0000000083c00000|  0%| F|  |TAMS 0x0000000083b00000, 0x0000000083b00000| Untracked 
|  60|0x0000000083c00000, 0x0000000083c00000, 0x0000000083d00000|  0%| F|  |TAMS 0x0000000083c00000, 0x0000000083c00000| Untracked 
|  61|0x0000000083d00000, 0x0000000083d00000, 0x0000000083e00000|  0%| F|  |TAMS 0x0000000083d00000, 0x0000000083d00000| Untracked 
|  62|0x0000000083e00000, 0x0000000083e00000, 0x0000000083f00000|  0%| F|  |TAMS 0x0000000083e00000, 0x0000000083e00000| Untracked 
|  63|0x0000000083f00000, 0x0000000083f00000, 0x0000000084000000|  0%| F|  |TAMS 0x0000000083f00000, 0x0000000083f00000| Untracked 
|  64|0x0000000084000000, 0x0000000084000000, 0x0000000084100000|  0%| F|  |TAMS 0x0000000084000000, 0x0000000084000000| Untracked 
|  65|0x0000000084100000, 0x0000000084200000, 0x0000000084200000|100%| S|CS|TAMS 0x0000000084100000, 0x0000000084100000| Complete 
|  66|0x0000000084200000, 0x0000000084300000, 0x0000000084300000|100%| S|CS|TAMS 0x0000000084200000, 0x0000000084200000| Complete 
|  67|0x0000000084300000, 0x0000000084400000, 0x0000000084400000|100%| S|CS|TAMS 0x0000000084300000, 0x0000000084300000| Complete 
|  68|0x0000000084400000, 0x0000000084500000, 0x0000000084500000|100%| S|CS|TAMS 0x0000000084400000, 0x0000000084400000| Complete 
|  69|0x0000000084500000, 0x0000000084600000, 0x0000000084600000|100%| S|CS|TAMS 0x0000000084500000, 0x0000000084500000| Complete 
|  70|0x0000000084600000, 0x0000000084700000, 0x0000000084700000|100%| S|CS|TAMS 0x0000000084600000, 0x0000000084600000| Complete 
|  71|0x0000000084700000, 0x0000000084800000, 0x0000000084800000|100%| S|CS|TAMS 0x0000000084700000, 0x0000000084700000| Complete 
|  72|0x0000000084800000, 0x0000000084800000, 0x0000000084900000|  0%| F|  |TAMS 0x0000000084800000, 0x0000000084800000| Untracked 
|  73|0x0000000084900000, 0x0000000084900000, 0x0000000084a00000|  0%| F|  |TAMS 0x0000000084900000, 0x0000000084900000| Untracked 
|  74|0x0000000084a00000, 0x0000000084a00000, 0x0000000084b00000|  0%| F|  |TAMS 0x0000000084a00000, 0x0000000084a00000| Untracked 
|  75|0x0000000084b00000, 0x0000000084b00000, 0x0000000084c00000|  0%| F|  |TAMS 0x0000000084b00000, 0x0000000084b00000| Untracked 
|  76|0x0000000084c00000, 0x0000000084c00000, 0x0000000084d00000|  0%| F|  |TAMS 0x0000000084c00000, 0x0000000084c00000| Untracked 
|  77|0x0000000084d00000, 0x0000000084d00000, 0x0000000084e00000|  0%| F|  |TAMS 0x0000000084d00000, 0x0000000084d00000| Untracked 
|  78|0x0000000084e00000, 0x0000000084e00000, 0x0000000084f00000|  0%| F|  |TAMS 0x0000000084e00000, 0x0000000084e00000| Untracked 
|  79|0x0000000084f00000, 0x0000000084f00000, 0x0000000085000000|  0%| F|  |TAMS 0x0000000084f00000, 0x0000000084f00000| Untracked 
|  80|0x0000000085000000, 0x0000000085000000, 0x0000000085100000|  0%| F|  |TAMS 0x0000000085000000, 0x0000000085000000| Untracked 
|  81|0x0000000085100000, 0x0000000085100000, 0x0000000085200000|  0%| F|  |TAMS 0x0000000085100000, 0x0000000085100000| Untracked 
|  82|0x0000000085200000, 0x0000000085200000, 0x0000000085300000|  0%| F|  |TAMS 0x0000000085200000, 0x0000000085200000| Untracked 
|  83|0x0000000085300000, 0x0000000085300000, 0x0000000085400000|  0%| F|  |TAMS 0x0000000085300000, 0x0000000085300000| Untracked 
|  84|0x0000000085400000, 0x0000000085400000, 0x0000000085500000|  0%| F|  |TAMS 0x0000000085400000, 0x0000000085400000| Untracked 
|  85|0x0000000085500000, 0x0000000085500000, 0x0000000085600000|  0%| F|  |TAMS 0x0000000085500000, 0x0000000085500000| Untracked 
|  86|0x0000000085600000, 0x0000000085600000, 0x0000000085700000|  0%| F|  |TAMS 0x0000000085600000, 0x0000000085600000| Untracked 
|  87|0x0000000085700000, 0x0000000085700000, 0x0000000085800000|  0%| F|  |TAMS 0x0000000085700000, 0x0000000085700000| Untracked 
|  88|0x0000000085800000, 0x0000000085800000, 0x0000000085900000|  0%| F|  |TAMS 0x0000000085800000, 0x0000000085800000| Untracked 
|  89|0x0000000085900000, 0x0000000085900000, 0x0000000085a00000|  0%| F|  |TAMS 0x0000000085900000, 0x0000000085900000| Untracked 
|  90|0x0000000085a00000, 0x0000000085a00000, 0x0000000085b00000|  0%| F|  |TAMS 0x0000000085a00000, 0x0000000085a00000| Untracked 
|  91|0x0000000085b00000, 0x0000000085b00000, 0x0000000085c00000|  0%| F|  |TAMS 0x0000000085b00000, 0x0000000085b00000| Untracked 
|  92|0x0000000085c00000, 0x0000000085c00000, 0x0000000085d00000|  0%| F|  |TAMS 0x0000000085c00000, 0x0000000085c00000| Untracked 
|  93|0x0000000085d00000, 0x0000000085d00000, 0x0000000085e00000|  0%| F|  |TAMS 0x0000000085d00000, 0x0000000085d00000| Untracked 
|  94|0x0000000085e00000, 0x0000000085e80800, 0x0000000085f00000| 50%| E|  |TAMS 0x0000000085e00000, 0x0000000085e00000| Complete 
|  95|0x0000000085f00000, 0x0000000086000000, 0x0000000086000000|100%| E|CS|TAMS 0x0000000085f00000, 0x0000000085f00000| Complete 
|  96|0x0000000086000000, 0x0000000086100000, 0x0000000086100000|100%| E|CS|TAMS 0x0000000086000000, 0x0000000086000000| Complete 
|  97|0x0000000086100000, 0x0000000086200000, 0x0000000086200000|100%| E|CS|TAMS 0x0000000086100000, 0x0000000086100000| Complete 
|  98|0x0000000086200000, 0x0000000086300000, 0x0000000086300000|100%| E|CS|TAMS 0x0000000086200000, 0x0000000086200000| Complete 
|  99|0x0000000086300000, 0x0000000086400000, 0x0000000086400000|100%| E|CS|TAMS 0x0000000086300000, 0x0000000086300000| Complete 
| 100|0x0000000086400000, 0x0000000086500000, 0x0000000086500000|100%| E|CS|TAMS 0x0000000086400000, 0x0000000086400000| Complete 
| 101|0x0000000086500000, 0x0000000086600000, 0x0000000086600000|100%| E|CS|TAMS 0x0000000086500000, 0x0000000086500000| Complete 
| 102|0x0000000086600000, 0x0000000086700000, 0x0000000086700000|100%| E|CS|TAMS 0x0000000086600000, 0x0000000086600000| Complete 
| 103|0x0000000086700000, 0x0000000086800000, 0x0000000086800000|100%| E|CS|TAMS 0x0000000086700000, 0x0000000086700000| Complete 
| 104|0x0000000086800000, 0x0000000086900000, 0x0000000086900000|100%| E|CS|TAMS 0x0000000086800000, 0x0000000086800000| Complete 
| 105|0x0000000086900000, 0x0000000086a00000, 0x0000000086a00000|100%| E|CS|TAMS 0x0000000086900000, 0x0000000086900000| Complete 
| 106|0x0000000086a00000, 0x0000000086b00000, 0x0000000086b00000|100%| E|CS|TAMS 0x0000000086a00000, 0x0000000086a00000| Complete 
| 107|0x0000000086b00000, 0x0000000086c00000, 0x0000000086c00000|100%| E|CS|TAMS 0x0000000086b00000, 0x0000000086b00000| Complete 
| 108|0x0000000086c00000, 0x0000000086d00000, 0x0000000086d00000|100%| E|CS|TAMS 0x0000000086c00000, 0x0000000086c00000| Complete 
| 109|0x0000000086d00000, 0x0000000086e00000, 0x0000000086e00000|100%| E|CS|TAMS 0x0000000086d00000, 0x0000000086d00000| Complete 
| 110|0x0000000086e00000, 0x0000000086f00000, 0x0000000086f00000|100%| E|CS|TAMS 0x0000000086e00000, 0x0000000086e00000| Complete 
| 111|0x0000000086f00000, 0x0000000087000000, 0x0000000087000000|100%| E|CS|TAMS 0x0000000086f00000, 0x0000000086f00000| Complete 
| 112|0x0000000087000000, 0x0000000087100000, 0x0000000087100000|100%| E|CS|TAMS 0x0000000087000000, 0x0000000087000000| Complete 
| 113|0x0000000087100000, 0x0000000087200000, 0x0000000087200000|100%| E|CS|TAMS 0x0000000087100000, 0x0000000087100000| Complete 
| 114|0x0000000087200000, 0x0000000087300000, 0x0000000087300000|100%| E|CS|TAMS 0x0000000087200000, 0x0000000087200000| Complete 
| 115|0x0000000087300000, 0x0000000087400000, 0x0000000087400000|100%| E|CS|TAMS 0x0000000087300000, 0x0000000087300000| Complete 
| 116|0x0000000087400000, 0x0000000087500000, 0x0000000087500000|100%| E|CS|TAMS 0x0000000087400000, 0x0000000087400000| Complete 
| 117|0x0000000087500000, 0x0000000087600000, 0x0000000087600000|100%| E|CS|TAMS 0x0000000087500000, 0x0000000087500000| Complete 
| 118|0x0000000087600000, 0x0000000087700000, 0x0000000087700000|100%| E|CS|TAMS 0x0000000087600000, 0x0000000087600000| Complete 
| 119|0x0000000087700000, 0x0000000087800000, 0x0000000087800000|100%| E|CS|TAMS 0x0000000087700000, 0x0000000087700000| Complete 
| 120|0x0000000087800000, 0x0000000087900000, 0x0000000087900000|100%| E|CS|TAMS 0x0000000087800000, 0x0000000087800000| Complete 
| 121|0x0000000087900000, 0x0000000087a00000, 0x0000000087a00000|100%| E|CS|TAMS 0x0000000087900000, 0x0000000087900000| Complete 
| 122|0x0000000087a00000, 0x0000000087b00000, 0x0000000087b00000|100%| E|CS|TAMS 0x0000000087a00000, 0x0000000087a00000| Complete 
| 123|0x0000000087b00000, 0x0000000087c00000, 0x0000000087c00000|100%| E|CS|TAMS 0x0000000087b00000, 0x0000000087b00000| Complete 
| 124|0x0000000087c00000, 0x0000000087d00000, 0x0000000087d00000|100%| E|CS|TAMS 0x0000000087c00000, 0x0000000087c00000| Complete 
| 125|0x0000000087d00000, 0x0000000087e00000, 0x0000000087e00000|100%| E|CS|TAMS 0x0000000087d00000, 0x0000000087d00000| Complete 
| 126|0x0000000087e00000, 0x0000000087f00000, 0x0000000087f00000|100%| E|CS|TAMS 0x0000000087e00000, 0x0000000087e00000| Complete 
| 127|0x0000000087f00000, 0x0000000088000000, 0x0000000088000000|100%| E|CS|TAMS 0x0000000087f00000, 0x0000000087f00000| Complete 

Card table byte_map: [0x0000006ac8780000,0x0000006ac8b80000] _byte_map_base: 0x0000006ac8380000

Marking Bits (Prev, Next): (CMBitMap*) 0x0000006ab58d79c8, (CMBitMap*) 0x0000006ab58d7a00
 Prev Bits: [0x0000006ac8f80000, 0x0000006acaf80000)
 Next Bits: [0x0000006acaf80000, 0x0000006accf80000)

Polling page: 0x0000006ab36a0000

Metaspace:

Usage:
  Non-class:     36.70 MB capacity,    36.10 MB ( 98%) used,   516.94 KB (  1%) free+waste,    96.56 KB ( <1%) overhead. 
      Class:      5.60 MB capacity,     5.25 MB ( 94%) used,   312.58 KB (  5%) free+waste,    45.75 KB ( <1%) overhead. 
       Both:     42.30 MB capacity,    41.35 MB ( 98%) used,   829.52 KB (  2%) free+waste,   142.31 KB ( <1%) overhead. 

Virtual space:
  Non-class space:       38.00 MB reserved,      36.87 MB ( 97%) committed 
      Class space:        1.00 GB reserved,       5.66 MB ( <1%) committed 
             Both:        1.04 GB reserved,      42.53 MB (  4%) committed 

Chunk freelists:
   Non-Class:  44.00 KB
       Class:  26.00 KB
        Both:  70.00 KB

MaxMetaspaceSize: 17179869184.00 GB
CompressedClassSpaceSize: 1.00 GB
Initial GC threshold: 20.80 MB
Current GC threshold: 59.00 MB
CDS: off

CodeHeap 'non-profiled nmethods': size=120064Kb used=2159Kb max_used=2159Kb free=117904Kb
 bounds [0x0000006ac0e40000, 0x0000006ac10b0000, 0x0000006ac8380000]
CodeHeap 'profiled nmethods': size=120000Kb used=8201Kb max_used=8201Kb free=111799Kb
 bounds [0x0000006ab9910000, 0x0000006aba120000, 0x0000006ac0e40000]
CodeHeap 'non-nmethods': size=5696Kb used=2268Kb max_used=2311Kb free=3427Kb
 bounds [0x0000006ab9380000, 0x0000006ab95f0000, 0x0000006ab9910000]
 total_blobs=4529 nmethods=3767 adapters=674
 compilation: enabled
              stopped_count=0, restarted_count=0
 full_count=0

Compilation events (20 events):
Event: 20.238 Thread 0x0000006ad0281800 3754       3       org.gradle.internal.reflect.PropertyAccessorType::isSetterName (23 bytes)
Event: 20.239 Thread 0x0000006ad0281800 nmethod 3754 0x0000006aba105f90 code [0x0000006aba106160, 0x0000006aba106488]
Event: 20.239 Thread 0x0000006ad01d7000 nmethod 3755 0x0000006ac105b210 code [0x0000006ac105b3a0, 0x0000006ac105b438]
Event: 20.239 Thread 0x0000006ad01d7000 3756   !   4       java.net.URLClassLoader$1::run (81 bytes)
Event: 20.248 Thread 0x0000006ad0281800 3757       3       java.util.LinkedHashMap::get (33 bytes)
Event: 20.249 Thread 0x0000006ad0281800 nmethod 3757 0x0000006aba106610 code [0x0000006aba106800, 0x0000006aba106c28]
Event: 20.277 Thread 0x0000006ad0281800 3759       3       java.lang.ThreadLocal::set (30 bytes)
Event: 20.277 Thread 0x0000006ad0281800 nmethod 3759 0x0000006aba106d90 code [0x0000006aba106f80, 0x0000006aba1072c8]
Event: 20.298 Thread 0x0000006ad0281800 3760       3       org.objectweb.asm.ClassReader::readUnsignedShort (26 bytes)
Event: 20.298 Thread 0x0000006ad0281800 nmethod 3760 0x0000006aba107410 code [0x0000006aba1075c0, 0x0000006aba107718]
Event: 20.303 Thread 0x0000006ad0281800 3761       3       org.objectweb.asm.ClassReader::readUTF8 (23 bytes)
Event: 20.304 Thread 0x0000006ad0281800 nmethod 3761 0x0000006aba107810 code [0x0000006aba1079e0, 0x0000006aba107c68]
Event: 20.382 Thread 0x0000006ad0281800 3762       3       org.objectweb.asm.ClassReader::readUtf (161 bytes)
Event: 20.383 Thread 0x0000006ad0281800 nmethod 3762 0x0000006aba107d90 code [0x0000006aba107fa0, 0x0000006aba108538]
Event: 20.384 Thread 0x0000006ad0281800 3764       3       org.objectweb.asm.ClassReader::readUtf (44 bytes)
Event: 20.384 Thread 0x0000006ad0281800 nmethod 3764 0x0000006aba108890 code [0x0000006aba108a80, 0x0000006aba108ec8]
Event: 20.386 Thread 0x0000006ad0281800 3765       3       org.objectweb.asm.ByteVector::putShort (52 bytes)
Event: 20.387 Thread 0x0000006ad0281800 nmethod 3765 0x0000006aba109110 code [0x0000006aba1092e0, 0x0000006aba1094e8]
Event: 20.412 Thread 0x0000006ad0281800 3766       1       org.gradle.internal.operations.BuildOperationDescriptor::getParentId (5 bytes)
Event: 20.412 Thread 0x0000006ad0281800 nmethod 3766 0x0000006ac105b510 code [0x0000006ac105b6c0, 0x0000006ac105b778]

GC Heap History (16 events):
Event: 1.075 GC heap before
{Heap before GC invocations=0 (full 0):
 garbage-first heap   total 131072K, used 16384K [0x0000000080000000, 0x0000000100000000)
  region size 1024K, 14 young (14336K), 0 survivors (0K)
 Metaspace       used 6797K, capacity 7001K, committed 7168K, reserved 1056768K
  class space    used 576K, capacity 650K, committed 768K, reserved 1048576K
}
Event: 1.086 GC heap after
{Heap after GC invocations=1 (full 0):
 garbage-first heap   total 131072K, used 4023K [0x0000000080000000, 0x0000000100000000)
  region size 1024K, 2 young (2048K), 2 survivors (2048K)
 Metaspace       used 6797K, capacity 7001K, committed 7168K, reserved 1056768K
  class space    used 576K, capacity 650K, committed 768K, reserved 1048576K
}
Event: 2.598 GC heap before
{Heap before GC invocations=1 (full 0):
 garbage-first heap   total 131072K, used 43959K [0x0000000080000000, 0x0000000100000000)
  region size 1024K, 38 young (38912K), 2 survivors (2048K)
 Metaspace       used 11306K, capacity 11584K, committed 11776K, reserved 1060864K
  class space    used 1156K, capacity 1244K, committed 1280K, reserved 1048576K
}
Event: 2.605 GC heap after
{Heap after GC invocations=2 (full 0):
 garbage-first heap   total 131072K, used 9874K [0x0000000080000000, 0x0000000100000000)
  region size 1024K, 5 young (5120K), 5 survivors (5120K)
 Metaspace       used 11306K, capacity 11584K, committed 11776K, reserved 1060864K
  class space    used 1156K, capacity 1244K, committed 1280K, reserved 1048576K
}
Event: 10.139 GC heap before
{Heap before GC invocations=2 (full 0):
 garbage-first heap   total 131072K, used 49810K [0x0000000080000000, 0x0000000100000000)
  region size 1024K, 43 young (44032K), 5 survivors (5120K)
 Metaspace       used 16079K, capacity 16461K, committed 16640K, reserved 1064960K
  class space    used 1809K, capacity 1935K, committed 2048K, reserved 1048576K
}
Event: 10.507 GC heap after
{Heap after GC invocations=3 (full 0):
 garbage-first heap   total 131072K, used 15393K [0x0000000080000000, 0x0000000100000000)
  region size 1024K, 6 young (6144K), 6 survivors (6144K)
 Metaspace       used 16079K, capacity 16461K, committed 16640K, reserved 1064960K
  class space    used 1809K, capacity 1935K, committed 2048K, reserved 1048576K
}
Event: 13.001 GC heap before
{Heap before GC invocations=3 (full 0):
 garbage-first heap   total 131072K, used 54305K [0x0000000080000000, 0x0000000100000000)
  region size 1024K, 45 young (46080K), 6 survivors (6144K)
 Metaspace       used 20794K, capacity 21155K, committed 21296K, reserved 1069056K
  class space    used 2518K, capacity 2650K, committed 2688K, reserved 1048576K
}
Event: 13.014 GC heap after
{Heap after GC invocations=4 (full 0):
 garbage-first heap   total 131072K, used 17051K [0x0000000080000000, 0x0000000100000000)
  region size 1024K, 2 young (2048K), 2 survivors (2048K)
 Metaspace       used 20794K, capacity 21155K, committed 21296K, reserved 1069056K
  class space    used 2518K, capacity 2650K, committed 2688K, reserved 1048576K
}
Event: 14.909 GC heap before
{Heap before GC invocations=5 (full 0):
 garbage-first heap   total 131072K, used 69275K [0x0000000080000000, 0x0000000100000000)
  region size 1024K, 53 young (54272K), 2 survivors (2048K)
 Metaspace       used 26171K, capacity 26762K, committed 26800K, reserved 1073152K
  class space    used 3363K, capacity 3567K, committed 3584K, reserved 1048576K
}
Event: 14.920 GC heap after
{Heap after GC invocations=6 (full 0):
 garbage-first heap   total 131072K, used 18799K [0x0000000080000000, 0x0000000100000000)
  region size 1024K, 4 young (4096K), 4 survivors (4096K)
 Metaspace       used 26171K, capacity 26762K, committed 26800K, reserved 1073152K
  class space    used 3363K, capacity 3567K, committed 3584K, reserved 1048576K
}
Event: 16.887 GC heap before
{Heap before GC invocations=6 (full 0):
 garbage-first heap   total 131072K, used 80239K [0x0000000080000000, 0x0000000100000000)
  region size 1024K, 64 young (65536K), 4 survivors (4096K)
 Metaspace       used 35046K, capacity 35778K, committed 35920K, reserved 1081344K
  class space    used 4468K, capacity 4749K, committed 4768K, reserved 1048576K
}
Event: 16.901 GC heap after
{Heap after GC invocations=7 (full 0):
 garbage-first heap   total 131072K, used 22153K [0x0000000080000000, 0x0000000100000000)
  region size 1024K, 7 young (7168K), 7 survivors (7168K)
 Metaspace       used 35046K, capacity 35778K, committed 35920K, reserved 1081344K
  class space    used 4468K, capacity 4749K, committed 4768K, reserved 1048576K
}
Event: 16.918 GC heap before
{Heap before GC invocations=7 (full 0):
 garbage-first heap   total 131072K, used 22153K [0x0000000080000000, 0x0000000100000000)
  region size 1024K, 8 young (8192K), 7 survivors (7168K)
 Metaspace       used 35092K, capacity 35842K, committed 35920K, reserved 1081344K
  class space    used 4476K, capacity 4749K, committed 4768K, reserved 1048576K
}
Event: 16.934 GC heap after
{Heap after GC invocations=8 (full 0):
 garbage-first heap   total 131072K, used 22677K [0x0000000080000000, 0x0000000100000000)
  region size 1024K, 4 young (4096K), 4 survivors (4096K)
 Metaspace       used 35092K, capacity 35842K, committed 35920K, reserved 1081344K
  class space    used 4476K, capacity 4749K, committed 4768K, reserved 1048576K
}
Event: 19.073 GC heap before
{Heap before GC invocations=9 (full 0):
 garbage-first heap   total 131072K, used 77973K [0x0000000080000000, 0x0000000100000000)
  region size 1024K, 56 young (57344K), 4 survivors (4096K)
 Metaspace       used 39200K, capacity 40072K, committed 40220K, reserved 1085440K
  class space    used 4928K, capacity 5259K, committed 5280K, reserved 1048576K
}
Event: 19.090 GC heap after
{Heap after GC invocations=10 (full 0):
 garbage-first heap   total 131072K, used 26338K [0x0000000080000000, 0x0000000100000000)
  region size 1024K, 7 young (7168K), 7 survivors (7168K)
 Metaspace       used 39200K, capacity 40072K, committed 40220K, reserved 1085440K
  class space    used 4928K, capacity 5259K, committed 5280K, reserved 1048576K
}

Deoptimization events (20 events):
Event: 20.225 Thread 0x0000006ad2674800 Uncommon trap: trap_request=0xffffff4d fr.pc=0x0000006ac0f29004 relative=0x00000000000001c4
Event: 20.225 Thread 0x0000006ad2674800 Uncommon trap: reason=unstable_if action=reinterpret pc=0x0000006ac0f29004 method=java.util.HashMap.getNode(ILjava/lang/Object;)Ljava/util/HashMap$Node; @ 53 c2
Event: 20.225 Thread 0x0000006ad2674800 DEOPT PACKING pc=0x0000006ac0f29004 sp=0x0000006ad5218a20
Event: 20.225 Thread 0x0000006ad2674800 DEOPT UNPACKING pc=0x0000006ab93ca1af sp=0x0000006ad52189a8 mode 2
Event: 20.225 Thread 0x0000006ad2674800 Uncommon trap: trap_request=0xffffff4d fr.pc=0x0000006ac0e69114 relative=0x00000000000000d4
Event: 20.225 Thread 0x0000006ad2674800 Uncommon trap: reason=unstable_if action=reinterpret pc=0x0000006ac0e69114 method=java.util.HashMap.hash(Ljava/lang/Object;)I @ 1 c2
Event: 20.226 Thread 0x0000006ad2674800 DEOPT PACKING pc=0x0000006ac0e69114 sp=0x0000006ad5218aa0
Event: 20.226 Thread 0x0000006ad2674800 DEOPT UNPACKING pc=0x0000006ab93ca1af sp=0x0000006ad52189e0 mode 2
Event: 20.226 Thread 0x0000006ad2674800 Uncommon trap: trap_request=0xffffff4d fr.pc=0x0000006ac0fc9444 relative=0x00000000000006c4
Event: 20.226 Thread 0x0000006ad2674800 Uncommon trap: reason=unstable_if action=reinterpret pc=0x0000006ac0fc9444 method=java.util.HashMap.putVal(ILjava/lang/Object;Ljava/lang/Object;ZZ)Ljava/lang/Object; @ 85 c2
Event: 20.226 Thread 0x0000006ad2674800 DEOPT PACKING pc=0x0000006ac0fc9444 sp=0x0000006ad52189d0
Event: 20.226 Thread 0x0000006ad2674800 DEOPT UNPACKING pc=0x0000006ab93ca1af sp=0x0000006ad5218988 mode 2
Event: 20.233 Thread 0x0000006ad2674800 Uncommon trap: trap_request=0xffffff4d fr.pc=0x0000006ac0f91678 relative=0x0000000000000318
Event: 20.233 Thread 0x0000006ad2674800 Uncommon trap: reason=unstable_if action=reinterpret pc=0x0000006ac0f91678 method=org.gradle.internal.reflect.PropertyAccessorType.isGetGetterName(Ljava/lang/String;)Z @ 14 c2
Event: 20.233 Thread 0x0000006ad2674800 DEOPT PACKING pc=0x0000006ac0f91678 sp=0x0000006ad52194f0
Event: 20.233 Thread 0x0000006ad2674800 DEOPT UNPACKING pc=0x0000006ab93ca1af sp=0x0000006ad5219448 mode 2
Event: 20.384 Thread 0x0000006ad2674800 Uncommon trap: trap_request=0xffffff4d fr.pc=0x0000006ac0f8c008 relative=0x00000000000000e8
Event: 20.384 Thread 0x0000006ad2674800 Uncommon trap: reason=unstable_if action=reinterpret pc=0x0000006ac0f8c008 method=org.objectweb.asm.ByteVector.putShort(I)Lorg/objectweb/asm/ByteVector; @ 13 c2
Event: 20.385 Thread 0x0000006ad2674800 DEOPT PACKING pc=0x0000006ac0f8c008 sp=0x0000006ad5218f30
Event: 20.385 Thread 0x0000006ad2674800 DEOPT UNPACKING pc=0x0000006ab93ca1af sp=0x0000006ad5218ec8 mode 2

Classes redefined (0 events):
No events

Internal exceptions (20 events):
Event: 19.410 Thread 0x0000006ad2674800 Exception <a 'java/lang/ClassNotFoundException'{0x0000000087991188}: org/gradle/api/initialization/resolve/RepositoriesModeBeanInfo> (0x0000000087991188) thrown at [./src/hotspot/share/classfile/systemDictionary.cpp, line 231]
Event: 19.410 Thread 0x0000006ad2674800 Exception <a 'java/lang/ClassNotFoundException'{0x0000000087996050}: java/lang/EnumBeanInfo> (0x0000000087996050) thrown at [./src/hotspot/share/classfile/systemDictionary.cpp, line 231]
Event: 19.411 Thread 0x0000006ad2674800 Exception <a 'java/lang/ClassNotFoundException'{0x000000008799af38}: java/lang/EnumCustomizer> (0x000000008799af38) thrown at [./src/hotspot/share/classfile/systemDictionary.cpp, line 231]
Event: 19.414 Thread 0x0000006ad2674800 Exception <a 'java/lang/ClassNotFoundException'{0x00000000879c9d58}: org/gradle/api/initialization/resolve/RepositoriesModeCustomizer> (0x00000000879c9d58) thrown at [./src/hotspot/share/classfile/systemDictionary.cpp, line 231]
Event: 19.444 Thread 0x0000006ad2674800 Exception <a 'java/lang/ClassNotFoundException'{0x00000000878567d8}: org/gradle/api/internal/provider/DefaultPropertyBeanInfo> (0x00000000878567d8) thrown at [./src/hotspot/share/classfile/systemDictionary.cpp, line 231]
Event: 19.446 Thread 0x0000006ad2674800 Exception <a 'java/lang/ClassNotFoundException'{0x000000008787cef0}: org/gradle/api/internal/provider/AbstractPropertyBeanInfo> (0x000000008787cef0) thrown at [./src/hotspot/share/classfile/systemDictionary.cpp, line 231]
Event: 19.450 Thread 0x0000006ad2674800 Exception <a 'java/lang/ClassNotFoundException'{0x00000000878a6558}: org/gradle/api/internal/provider/AbstractMinimalProviderBeanInfo> (0x00000000878a6558) thrown at [./src/hotspot/share/classfile/systemDictionary.cpp, line 231]
Event: 19.455 Thread 0x0000006ad2674800 Exception <a 'java/lang/ClassNotFoundException'{0x00000000878cf970}: org/gradle/api/internal/provider/AbstractMinimalProviderCustomizer> (0x00000000878cf970) thrown at [./src/hotspot/share/classfile/systemDictionary.cpp, line 231]
Event: 19.475 Thread 0x0000006ad2674800 Exception <a 'java/lang/ClassNotFoundException'{0x0000000087731458}: org/gradle/api/internal/provider/AbstractPropertyCustomizer> (0x0000000087731458) thrown at [./src/hotspot/share/classfile/systemDictionary.cpp, line 231]
Event: 19.480 Thread 0x0000006ad2674800 Exception <a 'java/lang/ClassNotFoundException'{0x0000000087764268}: org/gradle/api/internal/provider/DefaultPropertyCustomizer> (0x0000000087764268) thrown at [./src/hotspot/share/classfile/systemDictionary.cpp, line 231]
Event: 19.684 Thread 0x0000006ad2674800 Exception <a 'java/lang/ClassNotFoundException'{0x0000000087567f38}: org/gradle/initialization/DefaultProjectDescriptorBeanInfo> (0x0000000087567f38) thrown at [./src/hotspot/share/classfile/systemDictionary.cpp, line 231]
Event: 19.685 Thread 0x0000006ad2674800 Exception <a 'java/lang/ClassNotFoundException'{0x000000008758e6b8}: org/gradle/initialization/DefaultProjectDescriptorCustomizer> (0x000000008758e6b8) thrown at [./src/hotspot/share/classfile/systemDictionary.cpp, line 231]
Event: 19.698 Thread 0x0000006ad2674800 Implicit null exception at 0x0000006ac0f9b06f to 0x0000006ac0f9b118
Event: 19.957 Thread 0x0000006ad2673800 Exception <a 'java/lang/NoSuchMethodError'{0x0000000086a82bc8}: <clinit>> (0x0000000086a82bc8) thrown at [./src/hotspot/share/prims/jni.cpp, line 1366]
Event: 19.958 Thread 0x0000006ad2673800 Exception <a 'java/lang/NoSuchMethodError'{0x0000000086a842b8}: <clinit>> (0x0000000086a842b8) thrown at [./src/hotspot/share/prims/jni.cpp, line 1366]
Event: 19.961 Thread 0x0000006ad2673800 Exception <a 'java/lang/NoSuchMethodError'{0x0000000086a935f0}: <clinit>> (0x0000000086a935f0) thrown at [./src/hotspot/share/prims/jni.cpp, line 1366]
Event: 19.962 Thread 0x0000006ad2673800 Exception <a 'java/lang/NoSuchMethodError'{0x0000000086a95978}: <clinit>> (0x0000000086a95978) thrown at [./src/hotspot/share/prims/jni.cpp, line 1366]
Event: 19.966 Thread 0x0000006ad2673800 Exception <a 'java/lang/NoSuchMethodError'{0x0000000086aa5898}: <clinit>> (0x0000000086aa5898) thrown at [./src/hotspot/share/prims/jni.cpp, line 1366]
Event: 20.225 Thread 0x0000006ad2674800 Implicit null exception at 0x0000006ac0f39c74 to 0x0000006ac0f39e84
Event: 20.225 Thread 0x0000006ad2674800 Implicit null exception at 0x0000006ac0e69078 to 0x0000006ac0e6910a

Events (20 events):
Event: 20.417 loading class org/gradle/api/reporting/components/ComponentReport
Event: 20.417 loading class org/gradle/api/reporting/components/ComponentReport done
Event: 20.418 loading class org/gradle/api/reporting/model/ModelReport
Event: 20.418 loading class org/gradle/api/reporting/model/ModelReport done
Event: 20.420 loading class org/gradle/api/reporting/dependents/DependentComponentsReport
Event: 20.420 loading class org/gradle/api/reporting/dependents/DependentComponentsReport done
Event: 20.422 loading class org/gradle/api/tasks/diagnostics/OutgoingVariantsReportTask
Event: 20.422 loading class org/gradle/api/tasks/diagnostics/OutgoingVariantsReportTask done
Event: 20.422 loading class org/gradle/api/tasks/diagnostics/OutgoingVariantsReportTask
Event: 20.422 loading class org/gradle/api/tasks/diagnostics/OutgoingVariantsReportTask done
Event: 20.422 loading class org/gradle/api/Action
Event: 20.422 loading class org/gradle/api/Action done
Event: 20.423 loading class org/gradle/api/internal/tasks/DefaultRealizableTaskCollection
Event: 20.423 loading class org/gradle/api/internal/tasks/DefaultRealizableTaskCollection done
Event: 20.425 loading class org/gradle/api/specs/Specs
Event: 20.425 loading class org/gradle/api/specs/Specs done
Event: 20.426 loading class org/gradle/api/specs/Specs$1
Event: 20.426 loading class org/gradle/api/specs/Specs$1 done
Event: 20.426 loading class org/gradle/api/specs/Specs$2
Event: 20.426 loading class org/gradle/api/specs/Specs$2 done


Dynamic libraries:
0x00007ff65a670000 - 0x00007ff65a67a000 	C:\Program Files\Android\Android Studio\jre\bin\java.exe
0x00007ffa82c20000 - 0x00007ffa82dcd000 	C:\Windows\SYSTEM32\ntdll.dll
0x00007ffa80c00000 - 0x00007ffa80d3f000 	C:\Windows\system32\KERNEL32.DLL
0x00007ffa7fef0000 - 0x00007ffa80005000 	C:\Windows\system32\KERNELBASE.dll
0x00007ffa61a30000 - 0x00007ffa61a49000 	C:\Program Files\Android\Android Studio\jre\bin\jli.dll
0x00007ffa79a00000 - 0x00007ffa79a17000 	C:\Program Files\Android\Android Studio\jre\bin\VCRUNTIME140.dll
0x00007ffa7c2d0000 - 0x00007ffa7c2d4000 	C:\Windows\SYSTEM32\api-ms-win-crt-stdio-l1-1-0.dll
0x00007ffa78870000 - 0x00007ffa78874000 	C:\Windows\SYSTEM32\api-ms-win-crt-runtime-l1-1-0.dll
0x00007ffa78730000 - 0x00007ffa78733000 	C:\Windows\SYSTEM32\api-ms-win-crt-environment-l1-1-0.dll
0x00007ffa785d0000 - 0x00007ffa785d5000 	C:\Windows\SYSTEM32\api-ms-win-crt-math-l1-1-0.dll
0x00007ffa71c60000 - 0x00007ffa71c63000 	C:\Windows\SYSTEM32\api-ms-win-crt-locale-l1-1-0.dll
0x00007ffa75000000 - 0x00007ffa75003000 	C:\Windows\SYSTEM32\api-ms-win-crt-heap-l1-1-0.dll
0x00007ffa7d850000 - 0x00007ffa7dacb000 	C:\Windows\WinSxS\amd64_microsoft.windows.common-controls_6595b64144ccf1df_6.0.9600.19394_none_62486577ecb635cf\COMCTL32.dll
0x00007ffa80950000 - 0x00007ffa80ac7000 	C:\Windows\system32\USER32.dll
0x00007ffa76970000 - 0x00007ffa76973000 	C:\Windows\SYSTEM32\api-ms-win-crt-filesystem-l1-1-0.dll
0x00007ffa78880000 - 0x00007ffa78884000 	C:\Windows\SYSTEM32\api-ms-win-crt-string-l1-1-0.dll
0x00007ffa78860000 - 0x00007ffa78864000 	C:\Windows\SYSTEM32\api-ms-win-crt-convert-l1-1-0.dll
0x00007ffa804e0000 - 0x00007ffa8058a000 	C:\Windows\system32\msvcrt.dll
0x00007ffa80d40000 - 0x00007ffa80e8e000 	C:\Windows\system32\GDI32.dll
0x00007ffa63290000 - 0x00007ffa63384000 	C:\Windows\SYSTEM32\ucrtbase.DLL
0x00007ffa80910000 - 0x00007ffa80946000 	C:\Windows\system32\IMM32.DLL
0x00007ffa80eb0000 - 0x00007ffa81001000 	C:\Windows\system32\MSCTF.dll
0x00007ffa62df0000 - 0x00007ffa62e8d000 	C:\Program Files\Android\Android Studio\jre\bin\msvcp140.dll
0x00007ffa71c50000 - 0x00007ffa71c55000 	C:\Windows\SYSTEM32\api-ms-win-crt-multibyte-l1-1-0.dll
0x00007ffa75010000 - 0x00007ffa75013000 	C:\Windows\SYSTEM32\api-ms-win-crt-time-l1-1-0.dll
0x00007ffa78720000 - 0x00007ffa78723000 	C:\Windows\SYSTEM32\api-ms-win-crt-utility-l1-1-0.dll
0x00007ffa60240000 - 0x00007ffa60d42000 	C:\Program Files\Android\Android Studio\jre\bin\server\jvm.dll
0x00007ffa80590000 - 0x00007ffa8063d000 	C:\Windows\system32\ADVAPI32.dll
0x00007ffa7c470000 - 0x00007ffa7c479000 	C:\Windows\SYSTEM32\WSOCK32.dll
0x00007ffa78590000 - 0x00007ffa785b2000 	C:\Windows\SYSTEM32\WINMM.dll
0x00007ffa78580000 - 0x00007ffa7858a000 	C:\Windows\SYSTEM32\VERSION.dll
0x00007ffa80e90000 - 0x00007ffa80e97000 	C:\Windows\system32\PSAPI.DLL
0x00007ffa802a0000 - 0x00007ffa802fb000 	C:\Windows\SYSTEM32\sechost.dll
0x00007ffa82940000 - 0x00007ffa82a75000 	C:\Windows\system32\RPCRT4.dll
0x00007ffa80710000 - 0x00007ffa8076a000 	C:\Windows\system32\WS2_32.dll
0x00007ffa78550000 - 0x00007ffa7857a000 	C:\Windows\SYSTEM32\WINMMBASE.dll
0x00007ffa80010000 - 0x00007ffa8003e000 	C:\Windows\system32\SspiCli.dll
0x00007ffa80b30000 - 0x00007ffa80b39000 	C:\Windows\system32\NSI.dll
0x00007ffa7fea0000 - 0x00007ffa7feef000 	C:\Windows\SYSTEM32\cfgmgr32.dll
0x00007ffa7eaf0000 - 0x00007ffa7eb18000 	C:\Windows\SYSTEM32\DEVOBJ.dll
0x00007ffa743f0000 - 0x00007ffa74401000 	C:\Program Files\Android\Android Studio\jre\bin\verify.dll
0x00007ffa71da0000 - 0x00007ffa71f2a000 	C:\Windows\SYSTEM32\DBGHELP.DLL
0x00007ffa743c0000 - 0x00007ffa743e9000 	C:\Program Files\Android\Android Studio\jre\bin\java.dll
0x00007ffa742a0000 - 0x00007ffa742ab000 	C:\Program Files\Android\Android Studio\jre\bin\jimage.dll
0x00007ffa74280000 - 0x00007ffa74298000 	C:\Program Files\Android\Android Studio\jre\bin\zip.dll
0x00007ffa81410000 - 0x00007ffa8293c000 	C:\Windows\system32\SHELL32.dll
0x00007ffa81010000 - 0x00007ffa81222000 	C:\Windows\SYSTEM32\combase.dll
0x00007ffa80780000 - 0x00007ffa807d4000 	C:\Windows\system32\SHLWAPI.dll
0x00007ffa7ddf0000 - 0x00007ffa7dea2000 	C:\Windows\SYSTEM32\SHCORE.dll
0x00007ffa7fcc0000 - 0x00007ffa7fcd5000 	C:\Windows\SYSTEM32\profapi.dll
0x00007ffa74260000 - 0x00007ffa7427a000 	C:\Program Files\Android\Android Studio\jre\bin\net.dll
0x00007ffa78bb0000 - 0x00007ffa78c79000 	C:\Windows\SYSTEM32\WINHTTP.dll
0x00007ffa7f500000 - 0x00007ffa7f559000 	C:\Windows\system32\mswsock.dll
0x00007ffa71c70000 - 0x00007ffa71c84000 	C:\Program Files\Android\Android Studio\jre\bin\nio.dll
0x00007ffa62940000 - 0x00007ffa62967000 	C:\Users\Nadezhda S\.gradle\native\e1d6ef7f7dcc3fd88c89a11ec53ec762bb8ba0a96d01ffa2cd45eb1d1d8dd5c5\windows-amd64\native-platform.dll
0x00007ffa741a0000 - 0x00007ffa741aa000 	C:\Program Files\Android\Android Studio\jre\bin\management.dll
0x00007ffa72390000 - 0x00007ffa7239d000 	C:\Program Files\Android\Android Studio\jre\bin\management_ext.dll
0x00007ffa7f560000 - 0x00007ffa7f580000 	C:\Windows\SYSTEM32\CRYPTSP.dll
0x00007ffa7f180000 - 0x00007ffa7f1b6000 	C:\Windows\system32\rsaenh.dll
0x00007ffa7f7a0000 - 0x00007ffa7f7c6000 	C:\Windows\SYSTEM32\bcrypt.dll
0x00007ffa7f290000 - 0x00007ffa7f2b1000 	C:\Windows\SYSTEM32\USERENV.dll
0x00007ffa7fac0000 - 0x00007ffa7fb23000 	C:\Windows\system32\bcryptprimitives.dll
0x00007ffa7fb30000 - 0x00007ffa7fb3b000 	C:\Windows\SYSTEM32\CRYPTBASE.dll
0x00007ffa7c800000 - 0x00007ffa7c82a000 	C:\Windows\SYSTEM32\IPHLPAPI.DLL
0x00007ffa7c710000 - 0x00007ffa7c71a000 	C:\Windows\SYSTEM32\WINNSI.DLL
0x00007ffa7b360000 - 0x00007ffa7b376000 	C:\Windows\SYSTEM32\dhcpcsvc6.DLL
0x00007ffa7c400000 - 0x00007ffa7c41a000 	C:\Windows\SYSTEM32\dhcpcsvc.DLL

dbghelp: loaded successfully - version: 4.0.5 - missing functions: none
symbol engine: initialized successfully - sym options: 0x614 - pdb path: .;C:\Program Files\Android\Android Studio\jre\bin;C:\Windows\SYSTEM32;C:\Windows\WinSxS\amd64_microsoft.windows.common-controls_6595b64144ccf1df_6.0.9600.19394_none_62486577ecb635cf;C:\Program Files\Android\Android Studio\jre\bin\server;C:\Users\Nadezhda S\.gradle\native\e1d6ef7f7dcc3fd88c89a11ec53ec762bb8ba0a96d01ffa2cd45eb1d1d8dd5c5\windows-amd64

VM Arguments:
jvm_args: --add-opens=java.base/java.util=ALL-UNNAMED --add-opens=java.base/java.lang=ALL-UNNAMED --add-opens=java.base/java.lang.invoke=ALL-UNNAMED --add-opens=java.base/java.util=ALL-UNNAMED --add-opens=java.prefs/java.util.prefs=ALL-UNNAMED --add-opens=java.prefs/java.util.prefs=ALL-UNNAMED --add-opens=java.base/java.nio.charset=ALL-UNNAMED --add-opens=java.base/java.net=ALL-UNNAMED --add-opens=java.base/java.util.concurrent.atomic=ALL-UNNAMED -Xmx2048m -Dfile.encoding=UTF-8 -Duser.country=RU -Duser.language=ru -Duser.variant 
java_command: org.gradle.launcher.daemon.bootstrap.GradleDaemon 7.4
java_class_path (initial): C:\Users\Nadezhda S\.gradle\wrapper\dists\gradle-7.4-bin\c0gwcg53nkjbqw7r0h0umtfvt\gradle-7.4\lib\gradle-launcher-7.4.jar
Launcher Type: SUN_STANDARD

[Global flags]
     intx CICompilerCount                          = 3                                         {product} {ergonomic}
     uint ConcGCThreads                            = 1                                         {product} {ergonomic}
     uint G1ConcRefinementThreads                  = 4                                         {product} {ergonomic}
   size_t G1HeapRegionSize                         = 1048576                                   {product} {ergonomic}
    uintx GCDrainStackTargetSize                   = 64                                        {product} {ergonomic}
   size_t InitialHeapSize                          = 134217728                                 {product} {ergonomic}
   size_t MarkStackSize                            = 4194304                                   {product} {ergonomic}
   size_t MaxHeapSize                              = 2147483648                                {product} {command line}
   size_t MaxNewSize                               = 1287651328                                {product} {ergonomic}
   size_t MinHeapDeltaBytes                        = 1048576                                   {product} {ergonomic}
    uintx NonNMethodCodeHeapSize                   = 5830732                                {pd product} {ergonomic}
    uintx NonProfiledCodeHeapSize                  = 122913754                              {pd product} {ergonomic}
    uintx ProfiledCodeHeapSize                     = 122913754                              {pd product} {ergonomic}
    uintx ReservedCodeCacheSize                    = 251658240                              {pd product} {ergonomic}
     bool SegmentedCodeCache                       = true                                      {product} {ergonomic}
     bool UseCompressedClassPointers               = true                                 {lp64_product} {ergonomic}
     bool UseCompressedOops                        = true                                 {lp64_product} {ergonomic}
     bool UseG1GC                                  = true                                      {product} {ergonomic}
     bool UseLargePagesIndividualAllocation        = false                                  {pd product} {ergonomic}

Logging:
Log output configuration:
 #0: stdout all=warning uptime,level,tags
 #1: stderr all=off uptime,level,tags

Environment Variables:
PATH=C:\Windows\system32;C:\Windows;C:\Windows\System32\Wbem;C:\Windows\System32\WindowsPowerShell\v1.0\;C:\Program Files\Git\cmd
USERNAME=Nadezhda S
OS=Windows_NT
PROCESSOR_IDENTIFIER=Intel64 Family 6 Model 42 Stepping 7, GenuineIntel



---------------  S Y S T E M  ---------------

OS: Windows 8.1 , 64 bit Build 9600 (6.3.9600.20389)
OS uptime: 0 days 3:42 hours

CPU:total 4 (initial active 4) (2 cores per cpu, 2 threads per core) family 6 model 42 stepping 7 microcode 0x28, cmov, cx8, fxsr, mmx, sse, sse2, sse3, ssse3, sse4.1, sse4.2, popcnt, avx, aes, clmul, ht, tsc, tscinvbit

Memory: 4k page, system-wide physical 8105M (994M free)
TotalPageFile size 8105M (AvailPageFile size 6M)
current process WorkingSet (physical memory assigned to process): 252M, peak: 253M
current process commit charge ("private bytes"): 313M, peak: 315M

vm_info: OpenJDK 64-Bit Server VM (11.0.13+0-b1751.21-8125866) for windows-amd64 JRE (11.0.13+0-b1751.21-8125866), built on Feb  2 2022 03:00:22 by "builder" with MS VC++ 14.0 (VS2015)

END.
