#
# There is insufficient memory for the Java Runtime Environment to continue.
# Native memory allocation (malloc) failed to allocate 924336 bytes for Chunk::new
# Possible reasons:
#   The system is out of physical RAM or swap space
#   The process is running with CompressedOops enabled, and the Java Heap may be blocking the growth of the native heap
# Possible solutions:
#   Reduce memory load on the system
#   Increase physical memory or swap space
#   Check if swap backing store is full
#   Decrease Java heap size (-Xmx/-Xms)
#   Decrease number of Java threads
#   Decrease Java thread stack sizes (-Xss)
#   Set larger code cache with -XX:ReservedCodeCacheSize=
#   JVM is running with Unscaled Compressed Oops mode in which the Java heap is
#     placed in the first 4GB address space. The Java Heap base address is the
#     maximum limit for the native heap growth. Please use -XX:HeapBaseMinAddress
#     to set the Java Heap base and to place the Java Heap above 4GB virtual address.
# This output file may be truncated or incomplete.
#
#  Out of Memory Error (./src/hotspot/share/memory/arena.cpp:197), pid=5112, tid=3952
#
# JRE version: OpenJDK Runtime Environment (11.0.13) (build 11.0.13+0-b1751.21-8125866)
# Java VM: OpenJDK 64-Bit Server VM (11.0.13+0-b1751.21-8125866, mixed mode, tiered, compressed oops, g1 gc, windows-amd64)
# No core dump will be written. Minidumps are not enabled by default on client versions of Windows
#

---------------  S U M M A R Y ------------

Command Line: --add-opens=java.base/java.util=ALL-UNNAMED --add-opens=java.base/java.lang=ALL-UNNAMED --add-opens=java.base/java.lang.invoke=ALL-UNNAMED --add-opens=java.base/java.util=ALL-UNNAMED --add-opens=java.prefs/java.util.prefs=ALL-UNNAMED --add-opens=java.prefs/java.util.prefs=ALL-UNNAMED --add-opens=java.base/java.nio.charset=ALL-UNNAMED --add-opens=java.base/java.net=ALL-UNNAMED --add-opens=java.base/java.util.concurrent.atomic=ALL-UNNAMED -Xmx2048m -Dfile.encoding=UTF-8 -Duser.country=RU -Duser.language=ru -Duser.variant org.gradle.launcher.daemon.bootstrap.GradleDaemon 7.4

Host: Intel(R) Core(TM) i5-2450M CPU @ 2.50GHz, 4 cores, 7G,  Windows 8.1 , 64 bit Build 9600 (6.3.9600.20389)
Time: Fri Nov 18 00:13:07 2022 RTZ 4 (ceia) elapsed time: 18.415151 seconds (0d 0h 0m 18s)

---------------  T H R E A D  ---------------

Current thread (0x000000544a395000):  JavaThread "C2 CompilerThread0" daemon [_thread_in_native, id=3952, stack(0x000000544ad20000,0x000000544ae20000)]


Current CompileTask:
C2:  18415 6871       4       groovy.lang.MetaClassImpl::addMetaMethodToIndex (65 bytes)

Stack: [0x000000544ad20000,0x000000544ae20000]
Native frames: (J=compiled Java code, j=interpreted, Vv=VM code, C=native code)
V  [jvm.dll+0x6100fa]
V  [jvm.dll+0x747090]
V  [jvm.dll+0x7486ad]
V  [jvm.dll+0x748d83]
V  [jvm.dll+0x24ab48]
V  [jvm.dll+0xc04dc]
V  [jvm.dll+0xc0a0c]
V  [jvm.dll+0x35eb9d]
V  [jvm.dll+0x19d9bc]
V  [jvm.dll+0x2033be]
V  [jvm.dll+0x202437]
V  [jvm.dll+0x188e01]
V  [jvm.dll+0x21106b]
V  [jvm.dll+0x20f8c1]
V  [jvm.dll+0x70de0f]
V  [jvm.dll+0x706a75]
V  [jvm.dll+0x60ed66]
C  [ucrtbase.DLL+0x1f4a0]
C  [KERNEL32.DLL+0x1412]
C  [ntdll.dll+0x15504]


---------------  P R O C E S S  ---------------

Threads class SMR info:
_java_thread_list=0x0000005453a33530, length=77, elements={
0x000000542fa1e000, 0x000000544a379000, 0x000000544a382800, 0x000000544a391000,
0x000000544a392000, 0x000000544a393800, 0x000000544a395000, 0x000000544a3e9000,
0x000000544a3f4800, 0x000000544a552800, 0x000000544d725000, 0x000000544dd2e800,
0x000000544d966000, 0x000000544c8ee800, 0x000000544cadd800, 0x000000544db22000,
0x000000544dfb9000, 0x000000544e272000, 0x000000544df60000, 0x000000544bf73800,
0x000000544dc17000, 0x000000544dc18000, 0x000000544dc19000, 0x000000544dc19800,
0x000000544f321000, 0x000000544f31e800, 0x000000544f320000, 0x000000544f321800,
0x000000544f325000, 0x000000544f324000, 0x000000544f323800, 0x000000544f328000,
0x000000544f329000, 0x000000544f326800, 0x000000544f32a000, 0x000000544f327800,
0x000000544f32d000, 0x000000544f32a800, 0x000000544f32b800, 0x000000544f32c800,
0x000000544e6f0800, 0x000000544e6f0000, 0x000000544e6ee800, 0x000000544e6f1800,
0x000000544e6ef000, 0x000000544e6f2800, 0x000000544e6f3000, 0x000000544e6f5800,
0x000000544e6f6800, 0x000000544e6f4000, 0x000000544e6f5000, 0x000000544e6f9800,
0x000000544e6f9000, 0x000000544e6f7000, 0x000000544e6fa800, 0x000000544e6f8000,
0x000000544e6fb800, 0x000000544e6fc000, 0x000000544e6fd000, 0x000000544f3e8800,
0x000000544f3e7000, 0x000000544f3ea800, 0x000000544f3e8000, 0x000000544f3ec000,
0x000000544f3eb000, 0x000000544f3e9800, 0x000000544f3ef000, 0x000000544f3ee800,
0x000000544f3ec800, 0x000000544f3ed800, 0x000000544f3f0000, 0x000000544f3f2800,
0x000000544f3f3000, 0x000000544f3f1800, 0x000000544f3f1000, 0x000000544f3f5800,
0x000000544c4f6000
}

Java Threads: ( => current thread )
  0x000000542fa1e000 JavaThread "main" [_thread_blocked, id=1056, stack(0x000000542d930000,0x000000542da30000)]
  0x000000544a379000 JavaThread "Reference Handler" daemon [_thread_blocked, id=5972, stack(0x000000544a820000,0x000000544a920000)]
  0x000000544a382800 JavaThread "Finalizer" daemon [_thread_blocked, id=6024, stack(0x000000544a920000,0x000000544aa20000)]
  0x000000544a391000 JavaThread "Signal Dispatcher" daemon [_thread_blocked, id=4896, stack(0x000000544aa20000,0x000000544ab20000)]
  0x000000544a392000 JavaThread "Attach Listener" daemon [_thread_blocked, id=2852, stack(0x000000544ab20000,0x000000544ac20000)]
  0x000000544a393800 JavaThread "Service Thread" daemon [_thread_blocked, id=5272, stack(0x000000544ac20000,0x000000544ad20000)]
=>0x000000544a395000 JavaThread "C2 CompilerThread0" daemon [_thread_in_native, id=3952, stack(0x000000544ad20000,0x000000544ae20000)]
  0x000000544a3e9000 JavaThread "C1 CompilerThread0" daemon [_thread_blocked, id=4828, stack(0x000000544ae20000,0x000000544af20000)]
  0x000000544a3f4800 JavaThread "Sweeper thread" daemon [_thread_blocked, id=1868, stack(0x000000544af20000,0x000000544b020000)]
  0x000000544a552800 JavaThread "Common-Cleaner" daemon [_thread_blocked, id=4620, stack(0x000000544b020000,0x000000544b120000)]
  0x000000544d725000 JavaThread "Daemon health stats" [_thread_blocked, id=2560, stack(0x000000544f690000,0x000000544f790000)]
  0x000000544dd2e800 JavaThread "Incoming local TCP Connector on port 50407" [_thread_in_native, id=1552, stack(0x000000544fde0000,0x000000544fee0000)]
  0x000000544d966000 JavaThread "Daemon periodic checks" [_thread_blocked, id=5616, stack(0x000000544f790000,0x000000544f890000)]
  0x000000544c8ee800 JavaThread "Daemon" [_thread_blocked, id=3676, stack(0x000000544f890000,0x000000544f990000)]
  0x000000544cadd800 JavaThread "Handler for socket connection from /127.0.0.1:50407 to /127.0.0.1:50408" [_thread_in_native, id=1864, stack(0x000000544f990000,0x000000544fa90000)]
  0x000000544db22000 JavaThread "Cancel handler" [_thread_blocked, id=3168, stack(0x00000054500e0000,0x00000054501e0000)]
  0x000000544dfb9000 JavaThread "Daemon worker" [_thread_in_Java, id=1052, stack(0x00000054501e0000,0x00000054502e0000)]
  0x000000544e272000 JavaThread "Asynchronous log dispatcher for DefaultDaemonConnection: socket connection from /127.0.0.1:50407 to /127.0.0.1:50408" [_thread_blocked, id=1192, stack(0x00000054502e0000,0x00000054503e0000)]
  0x000000544df60000 JavaThread "Stdin handler" [_thread_blocked, id=5652, stack(0x00000054503e0000,0x00000054504e0000)]
  0x000000544bf73800 JavaThread "Daemon client event forwarder" [_thread_blocked, id=3036, stack(0x00000054505e0000,0x00000054506e0000)]
  0x000000544dc17000 JavaThread "Cache worker for journal cache (C:\Users\Nadezhda S\.gradle\caches\journal-1)" [_thread_blocked, id=4640, stack(0x00000054509e0000,0x0000005450ae0000)]
  0x000000544dc18000 JavaThread "File lock request listener" [_thread_in_native, id=3656, stack(0x0000005450ae0000,0x0000005450be0000)]
  0x000000544dc19000 JavaThread "Cache worker for file hash cache (C:\Users\Nadezhda S\.gradle\caches\7.4\fileHashes)" [_thread_blocked, id=720, stack(0x0000005450be0000,0x0000005450ce0000)]
  0x000000544dc19800 JavaThread "Cache worker for checksums cache (C:\Users\Nadezhda S\AndroidStudioProjects\MFinishProjekt\.gradle\7.4\checksums)" [_thread_blocked, id=3756, stack(0x00000054510e0000,0x00000054511e0000)]
  0x000000544f321000 JavaThread "Cache worker for cache directory md-rule (C:\Users\Nadezhda S\.gradle\caches\7.4\md-rule)" [_thread_blocked, id=2432, stack(0x0000005452760000,0x0000005452860000)]
  0x000000544f31e800 JavaThread "Cache worker for file hash cache (C:\Users\Nadezhda S\AndroidStudioProjects\MFinishProjekt\.gradle\7.4\fileHashes)" [_thread_blocked, id=3888, stack(0x00000054513f0000,0x00000054514f0000)]
  0x000000544f320000 JavaThread "Cache worker for cache directory md-supplier (C:\Users\Nadezhda S\.gradle\caches\7.4\md-supplier)" [_thread_blocked, id=5364, stack(0x00000054514f0000,0x00000054515f0000)]
  0x000000544f321800 JavaThread "Cache worker for execution history cache (C:\Users\Nadezhda S\.gradle\caches\7.4\executionHistory)" [_thread_blocked, id=3772, stack(0x00000054515f0000,0x00000054516f0000)]
  0x000000544f325000 JavaThread "jar transforms" [_thread_blocked, id=4068, stack(0x0000005452c60000,0x0000005452d60000)]
  0x000000544f324000 JavaThread "Cache worker for file content cache (C:\Users\Nadezhda S\.gradle\caches\7.4\fileContent)" [_thread_blocked, id=4040, stack(0x0000005452d60000,0x0000005452e60000)]
  0x000000544f323800 JavaThread "jar transforms Thread 2" [_thread_blocked, id=3844, stack(0x0000005454670000,0x0000005454770000)]
  0x000000544f328000 JavaThread "Cache worker for dependencies-accessors (C:\Users\Nadezhda S\AndroidStudioProjects\MFinishProjekt\.gradle\7.4\dependencies-accessors)" [_thread_blocked, id=5648, stack(0x0000005454770000,0x0000005454870000)]
  0x000000544f329000 JavaThread "jar transforms Thread 3" [_thread_blocked, id=2696, stack(0x0000005455070000,0x0000005455170000)]
  0x000000544f326800 JavaThread "Cache worker for Build Output Cleanup Cache (C:\Users\Nadezhda S\AndroidStudioProjects\MFinishProjekt\.gradle\buildOutputCleanup)" [_thread_blocked, id=3256, stack(0x0000005454c70000,0x0000005454d70000)]
  0x000000544f32a000 JavaThread "Unconstrained build operations" [_thread_blocked, id=5816, stack(0x0000005454f70000,0x0000005455070000)]
  0x000000544f327800 JavaThread "Unconstrained build operations Thread 2" [_thread_blocked, id=3664, stack(0x0000005455170000,0x0000005455270000)]
  0x000000544f32d000 JavaThread "Unconstrained build operations Thread 3" [_thread_blocked, id=4660, stack(0x0000005455270000,0x0000005455370000)]
  0x000000544f32a800 JavaThread "Unconstrained build operations Thread 4" [_thread_blocked, id=4396, stack(0x0000005455370000,0x0000005455470000)]
  0x000000544f32b800 JavaThread "Unconstrained build operations Thread 5" [_thread_blocked, id=3732, stack(0x0000005455470000,0x0000005455570000)]
  0x000000544f32c800 JavaThread "Unconstrained build operations Thread 6" [_thread_blocked, id=5060, stack(0x0000005455570000,0x0000005455670000)]
  0x000000544e6f0800 JavaThread "Unconstrained build operations Thread 7" [_thread_blocked, id=1848, stack(0x0000005455670000,0x0000005455770000)]
  0x000000544e6f0000 JavaThread "Unconstrained build operations Thread 8" [_thread_blocked, id=3360, stack(0x0000005455770000,0x0000005455870000)]
  0x000000544e6ee800 JavaThread "Unconstrained build operations Thread 9" [_thread_blocked, id=172, stack(0x0000005455870000,0x0000005455970000)]
  0x000000544e6f1800 JavaThread "Unconstrained build operations Thread 10" [_thread_blocked, id=4836, stack(0x0000005455970000,0x0000005455a70000)]
  0x000000544e6ef000 JavaThread "Unconstrained build operations Thread 11" [_thread_blocked, id=3172, stack(0x0000005455a70000,0x0000005455b70000)]
  0x000000544e6f2800 JavaThread "Unconstrained build operations Thread 12" [_thread_blocked, id=120, stack(0x0000005455b70000,0x0000005455c70000)]
  0x000000544e6f3000 JavaThread "Unconstrained build operations Thread 13" [_thread_blocked, id=3192, stack(0x0000005455c70000,0x0000005455d70000)]
  0x000000544e6f5800 JavaThread "Unconstrained build operations Thread 14" [_thread_blocked, id=3864, stack(0x0000005455d70000,0x0000005455e70000)]
  0x000000544e6f6800 JavaThread "Unconstrained build operations Thread 15" [_thread_blocked, id=5612, stack(0x0000005455e70000,0x0000005455f70000)]
  0x000000544e6f4000 JavaThread "Unconstrained build operations Thread 16" [_thread_blocked, id=3016, stack(0x0000005455f70000,0x0000005456070000)]
  0x000000544e6f5000 JavaThread "Unconstrained build operations Thread 17" [_thread_blocked, id=3216, stack(0x0000005456070000,0x0000005456170000)]
  0x000000544e6f9800 JavaThread "Unconstrained build operations Thread 18" [_thread_blocked, id=5596, stack(0x0000005456170000,0x0000005456270000)]
  0x000000544e6f9000 JavaThread "Unconstrained build operations Thread 19" [_thread_blocked, id=3428, stack(0x0000005456270000,0x0000005456370000)]
  0x000000544e6f7000 JavaThread "Unconstrained build operations Thread 20" [_thread_blocked, id=1492, stack(0x0000005456370000,0x0000005456470000)]
  0x000000544e6fa800 JavaThread "Unconstrained build operations Thread 21" [_thread_blocked, id=1612, stack(0x0000005456470000,0x0000005456570000)]
  0x000000544e6f8000 JavaThread "Unconstrained build operations Thread 22" [_thread_blocked, id=32, stack(0x0000005456570000,0x0000005456670000)]
  0x000000544e6fb800 JavaThread "Unconstrained build operations Thread 23" [_thread_blocked, id=1396, stack(0x0000005456670000,0x0000005456770000)]
  0x000000544e6fc000 JavaThread "Unconstrained build operations Thread 24" [_thread_blocked, id=3576, stack(0x0000005456770000,0x0000005456870000)]
  0x000000544e6fd000 JavaThread "Unconstrained build operations Thread 25" [_thread_blocked, id=3048, stack(0x0000005456870000,0x0000005456970000)]
  0x000000544f3e8800 JavaThread "Unconstrained build operations Thread 26" [_thread_blocked, id=5504, stack(0x0000005456970000,0x0000005456a70000)]
  0x000000544f3e7000 JavaThread "Unconstrained build operations Thread 27" [_thread_blocked, id=5328, stack(0x0000005456a70000,0x0000005456b70000)]
  0x000000544f3ea800 JavaThread "Unconstrained build operations Thread 28" [_thread_blocked, id=5220, stack(0x0000005456b70000,0x0000005456c70000)]
  0x000000544f3e8000 JavaThread "Unconstrained build operations Thread 29" [_thread_blocked, id=3564, stack(0x0000005456c70000,0x0000005456d70000)]
  0x000000544f3ec000 JavaThread "Unconstrained build operations Thread 30" [_thread_blocked, id=3480, stack(0x0000005456d70000,0x0000005456e70000)]
  0x000000544f3eb000 JavaThread "Unconstrained build operations Thread 31" [_thread_blocked, id=4216, stack(0x0000005456e70000,0x0000005456f70000)]
  0x000000544f3e9800 JavaThread "Unconstrained build operations Thread 32" [_thread_blocked, id=2372, stack(0x0000005456f70000,0x0000005457070000)]
  0x000000544f3ef000 JavaThread "Unconstrained build operations Thread 33" [_thread_blocked, id=4592, stack(0x0000005457070000,0x0000005457170000)]
  0x000000544f3ee800 JavaThread "Unconstrained build operations Thread 34" [_thread_blocked, id=3000, stack(0x0000005457170000,0x0000005457270000)]
  0x000000544f3ec800 JavaThread "Unconstrained build operations Thread 35" [_thread_blocked, id=5672, stack(0x0000005457270000,0x0000005457370000)]
  0x000000544f3ed800 JavaThread "Unconstrained build operations Thread 36" [_thread_blocked, id=3828, stack(0x0000005457370000,0x0000005457470000)]
  0x000000544f3f0000 JavaThread "Unconstrained build operations Thread 37" [_thread_blocked, id=4464, stack(0x0000005457470000,0x0000005457570000)]
  0x000000544f3f2800 JavaThread "Unconstrained build operations Thread 38" [_thread_blocked, id=6028, stack(0x0000005457570000,0x0000005457670000)]
  0x000000544f3f3000 JavaThread "Unconstrained build operations Thread 39" [_thread_blocked, id=6084, stack(0x0000005457670000,0x0000005457770000)]
  0x000000544f3f1800 JavaThread "Unconstrained build operations Thread 40" [_thread_blocked, id=2076, stack(0x0000005457770000,0x0000005457870000)]
  0x000000544f3f1000 JavaThread "jar transforms Thread 4" [_thread_blocked, id=6080, stack(0x0000005457870000,0x0000005457970000)]
  0x000000544f3f5800 JavaThread "Memory manager" [_thread_blocked, id=3856, stack(0x00000054583b0000,0x00000054584b0000)]
  0x000000544c4f6000 JavaThread "C2 CompilerThread1" daemon [_thread_in_native, id=5020, stack(0x000000544ba20000,0x000000544bb20000)]

Other Threads:
  0x000000544a372800 VMThread "VM Thread" [stack: 0x000000544a720000,0x000000544a820000] [id=3528]
  0x000000544a56f800 WatcherThread [stack: 0x000000544b120000,0x000000544b220000] [id=1476]
  0x000000542fa36000 GCTaskThread "GC Thread#0" [stack: 0x000000542f380000,0x000000542f480000] [id=3920]
  0x000000544b56a800 GCTaskThread "GC Thread#1" [stack: 0x000000544caf0000,0x000000544cbf0000] [id=1872]
  0x000000544b948000 GCTaskThread "GC Thread#2" [stack: 0x000000544cbf0000,0x000000544ccf0000] [id=1332]
  0x000000544db71800 GCTaskThread "GC Thread#3" [stack: 0x00000054508e0000,0x00000054509e0000] [id=2760]
  0x000000542fa6e000 ConcurrentGCThread "G1 Main Marker" [stack: 0x00000054470e0000,0x00000054471e0000] [id=904]
  0x000000542fa6f800 ConcurrentGCThread "G1 Conc#0" [stack: 0x00000054471e0000,0x00000054472e0000] [id=1736]
  0x000000542fa9d800 ConcurrentGCThread "G1 Refine#0" [stack: 0x0000005449920000,0x0000005449a20000] [id=3104]
  0x000000544959f800 ConcurrentGCThread "G1 Young RemSet Sampling" [stack: 0x0000005449a20000,0x0000005449b20000] [id=1680]

Threads with active compile tasks:
C2 CompilerThread0  18472 6871       4       groovy.lang.MetaClassImpl::addMetaMethodToIndex (65 bytes)
C2 CompilerThread1  18472 6875       4       java.lang.Class::getMethodsRecursive (99 bytes)

VM state:not at safepoint (normal execution)

VM Mutex/Monitor currently owned by a thread: None

Heap address: 0x0000000080000000, size: 2048 MB, Compressed Oops mode: 32-bit
Narrow klass base: 0x0000000000000000, Narrow klass shift: 3
Compressed class space size: 1073741824 Address: 0x0000000100000000

Heap:
 garbage-first heap   total 189440K, used 88128K [0x0000000080000000, 0x0000000100000000)
  region size 1024K, 39 young (39936K), 8 survivors (8192K)
 Metaspace       used 67748K, capacity 69230K, committed 69532K, reserved 1110016K
  class space    used 8504K, capacity 9085K, committed 9196K, reserved 1048576K
Heap Regions: E=young(eden), S=young(survivor), O=old, HS=humongous(starts), HC=humongous(continues), CS=collection set, F=free, A=archive, TAMS=top-at-mark-start (previous, next)
|   0|0x0000000080000000, 0x0000000080100000, 0x0000000080100000|100%|HS|  |TAMS 0x0000000080100000, 0x0000000080000000| Complete 
|   1|0x0000000080100000, 0x0000000080200000, 0x0000000080200000|100%|HC|  |TAMS 0x0000000080200000, 0x0000000080100000| Complete 
|   2|0x0000000080200000, 0x0000000080300000, 0x0000000080300000|100%|HC|  |TAMS 0x0000000080300000, 0x0000000080200000| Complete 
|   3|0x0000000080300000, 0x0000000080400000, 0x0000000080400000|100%| O|  |TAMS 0x0000000080400000, 0x0000000080300000| Untracked 
|   4|0x0000000080400000, 0x0000000080500000, 0x0000000080500000|100%| O|  |TAMS 0x0000000080500000, 0x0000000080400000| Untracked 
|   5|0x0000000080500000, 0x0000000080600000, 0x0000000080600000|100%| O|  |TAMS 0x0000000080600000, 0x0000000080500000| Untracked 
|   6|0x0000000080600000, 0x0000000080700000, 0x0000000080700000|100%| O|  |TAMS 0x0000000080700000, 0x0000000080600000| Untracked 
|   7|0x0000000080700000, 0x0000000080800000, 0x0000000080800000|100%| O|  |TAMS 0x0000000080800000, 0x0000000080700000| Untracked 
|   8|0x0000000080800000, 0x0000000080900000, 0x0000000080900000|100%| O|  |TAMS 0x0000000080900000, 0x0000000080800000| Untracked 
|   9|0x0000000080900000, 0x0000000080a00000, 0x0000000080a00000|100%| O|  |TAMS 0x0000000080a00000, 0x0000000080900000| Untracked 
|  10|0x0000000080a00000, 0x0000000080b00000, 0x0000000080b00000|100%| O|  |TAMS 0x0000000080b00000, 0x0000000080a00000| Untracked 
|  11|0x0000000080b00000, 0x0000000080c00000, 0x0000000080c00000|100%| O|  |TAMS 0x0000000080c00000, 0x0000000080b00000| Untracked 
|  12|0x0000000080c00000, 0x0000000080d00000, 0x0000000080d00000|100%| O|  |TAMS 0x0000000080d00000, 0x0000000080c00000| Untracked 
|  13|0x0000000080d00000, 0x0000000080e00000, 0x0000000080e00000|100%| O|  |TAMS 0x0000000080e00000, 0x0000000080d00000| Untracked 
|  14|0x0000000080e00000, 0x0000000080f00000, 0x0000000080f00000|100%| O|  |TAMS 0x0000000080f00000, 0x0000000080e00000| Untracked 
|  15|0x0000000080f00000, 0x0000000081000000, 0x0000000081000000|100%|HS|  |TAMS 0x0000000081000000, 0x0000000080f00000| Complete 
|  16|0x0000000081000000, 0x0000000081100000, 0x0000000081100000|100%| O|  |TAMS 0x0000000081100000, 0x0000000081000000| Untracked 
|  17|0x0000000081100000, 0x0000000081200000, 0x0000000081200000|100%| O|  |TAMS 0x0000000081200000, 0x0000000081100000| Untracked 
|  18|0x0000000081200000, 0x0000000081300000, 0x0000000081300000|100%| O|  |TAMS 0x0000000081300000, 0x0000000081200000| Untracked 
|  19|0x0000000081300000, 0x0000000081400000, 0x0000000081400000|100%| O|  |TAMS 0x0000000081400000, 0x0000000081300000| Untracked 
|  20|0x0000000081400000, 0x0000000081500000, 0x0000000081500000|100%| O|  |TAMS 0x0000000081500000, 0x0000000081400000| Untracked 
|  21|0x0000000081500000, 0x0000000081600000, 0x0000000081600000|100%| O|  |TAMS 0x0000000081600000, 0x0000000081500000| Untracked 
|  22|0x0000000081600000, 0x0000000081700000, 0x0000000081700000|100%| O|  |TAMS 0x0000000081700000, 0x0000000081600000| Untracked 
|  23|0x0000000081700000, 0x0000000081800000, 0x0000000081800000|100%| O|  |TAMS 0x0000000081800000, 0x0000000081700000| Untracked 
|  24|0x0000000081800000, 0x0000000081900000, 0x0000000081900000|100%|HS|  |TAMS 0x0000000081900000, 0x0000000081800000| Complete 
|  25|0x0000000081900000, 0x0000000081a00000, 0x0000000081a00000|100%|HS|  |TAMS 0x0000000081a00000, 0x0000000081900000| Complete 
|  26|0x0000000081a00000, 0x0000000081b00000, 0x0000000081b00000|100%|HS|  |TAMS 0x0000000081b00000, 0x0000000081a00000| Complete 
|  27|0x0000000081b00000, 0x0000000081c00000, 0x0000000081c00000|100%|HC|  |TAMS 0x0000000081c00000, 0x0000000081b00000| Complete 
|  28|0x0000000081c00000, 0x0000000081d00000, 0x0000000081d00000|100%|HC|  |TAMS 0x0000000081d00000, 0x0000000081c00000| Complete 
|  29|0x0000000081d00000, 0x0000000081e00000, 0x0000000081e00000|100%| O|  |TAMS 0x0000000081e00000, 0x0000000081d00000| Untracked 
|  30|0x0000000081e00000, 0x0000000081f00000, 0x0000000081f00000|100%|HS|  |TAMS 0x0000000081f00000, 0x0000000081e00000| Complete 
|  31|0x0000000081f00000, 0x0000000082000000, 0x0000000082000000|100%|HC|  |TAMS 0x0000000082000000, 0x0000000081f00000| Complete 
|  32|0x0000000082000000, 0x0000000082100000, 0x0000000082100000|100%| O|  |TAMS 0x0000000082100000, 0x0000000082000000| Untracked 
|  33|0x0000000082100000, 0x0000000082200000, 0x0000000082200000|100%| O|  |TAMS 0x0000000082200000, 0x0000000082100000| Untracked 
|  34|0x0000000082200000, 0x0000000082300000, 0x0000000082300000|100%| O|  |TAMS 0x0000000082300000, 0x0000000082200000| Untracked 
|  35|0x0000000082300000, 0x0000000082400000, 0x0000000082400000|100%| O|  |TAMS 0x0000000082400000, 0x0000000082300000| Untracked 
|  36|0x0000000082400000, 0x0000000082500000, 0x0000000082500000|100%| O|  |TAMS 0x0000000082500000, 0x0000000082400000| Untracked 
|  37|0x0000000082500000, 0x0000000082600000, 0x0000000082600000|100%| O|  |TAMS 0x0000000082600000, 0x0000000082500000| Untracked 
|  38|0x0000000082600000, 0x0000000082700000, 0x0000000082700000|100%| O|  |TAMS 0x0000000082700000, 0x0000000082600000| Untracked 
|  39|0x0000000082700000, 0x0000000082800000, 0x0000000082800000|100%| O|  |TAMS 0x0000000082800000, 0x0000000082700000| Untracked 
|  40|0x0000000082800000, 0x0000000082900000, 0x0000000082900000|100%| O|  |TAMS 0x0000000082900000, 0x0000000082800000| Untracked 
|  41|0x0000000082900000, 0x0000000082a00000, 0x0000000082a00000|100%| O|  |TAMS 0x0000000082a00000, 0x0000000082900000| Untracked 
|  42|0x0000000082a00000, 0x0000000082b00000, 0x0000000082b00000|100%| O|  |TAMS 0x0000000082b00000, 0x0000000082a00000| Untracked 
|  43|0x0000000082b00000, 0x0000000082c00000, 0x0000000082c00000|100%| O|  |TAMS 0x0000000082c00000, 0x0000000082b00000| Untracked 
|  44|0x0000000082c00000, 0x0000000082d00000, 0x0000000082d00000|100%| O|  |TAMS 0x0000000082d00000, 0x0000000082c00000| Untracked 
|  45|0x0000000082d00000, 0x0000000082e00000, 0x0000000082e00000|100%| O|  |TAMS 0x0000000082e00000, 0x0000000082d00000| Untracked 
|  46|0x0000000082e00000, 0x0000000082f00000, 0x0000000082f00000|100%| O|  |TAMS 0x0000000082f00000, 0x0000000082e00000| Untracked 
|  47|0x0000000082f00000, 0x0000000083000000, 0x0000000083000000|100%| O|  |TAMS 0x0000000083000000, 0x0000000082f00000| Untracked 
|  48|0x0000000083000000, 0x0000000083037600, 0x0000000083100000| 21%| O|  |TAMS 0x0000000083037600, 0x0000000083000000| Untracked 
|  49|0x0000000083100000, 0x0000000083100000, 0x0000000083200000|  0%| F|  |TAMS 0x0000000083100000, 0x0000000083100000| Untracked 
|  50|0x0000000083200000, 0x0000000083200000, 0x0000000083300000|  0%| F|  |TAMS 0x0000000083200000, 0x0000000083200000| Untracked 
|  51|0x0000000083300000, 0x0000000083300000, 0x0000000083400000|  0%| F|  |TAMS 0x0000000083300000, 0x0000000083300000| Untracked 
|  52|0x0000000083400000, 0x0000000083400000, 0x0000000083500000|  0%| F|  |TAMS 0x0000000083400000, 0x0000000083400000| Untracked 
|  53|0x0000000083500000, 0x0000000083500000, 0x0000000083600000|  0%| F|  |TAMS 0x0000000083500000, 0x0000000083500000| Untracked 
|  54|0x0000000083600000, 0x0000000083600000, 0x0000000083700000|  0%| F|  |TAMS 0x0000000083600000, 0x0000000083600000| Untracked 
|  55|0x0000000083700000, 0x0000000083700000, 0x0000000083800000|  0%| F|  |TAMS 0x0000000083700000, 0x0000000083700000| Untracked 
|  56|0x0000000083800000, 0x0000000083800000, 0x0000000083900000|  0%| F|  |TAMS 0x0000000083800000, 0x0000000083800000| Untracked 
|  57|0x0000000083900000, 0x0000000083900000, 0x0000000083a00000|  0%| F|  |TAMS 0x0000000083900000, 0x0000000083900000| Untracked 
|  58|0x0000000083a00000, 0x0000000083a00000, 0x0000000083b00000|  0%| F|  |TAMS 0x0000000083a00000, 0x0000000083a00000| Untracked 
|  59|0x0000000083b00000, 0x0000000083b00000, 0x0000000083c00000|  0%| F|  |TAMS 0x0000000083b00000, 0x0000000083b00000| Untracked 
|  60|0x0000000083c00000, 0x0000000083c00000, 0x0000000083d00000|  0%| F|  |TAMS 0x0000000083c00000, 0x0000000083c00000| Untracked 
|  61|0x0000000083d00000, 0x0000000083d00000, 0x0000000083e00000|  0%| F|  |TAMS 0x0000000083d00000, 0x0000000083d00000| Untracked 
|  62|0x0000000083e00000, 0x0000000083e00000, 0x0000000083f00000|  0%| F|  |TAMS 0x0000000083e00000, 0x0000000083e00000| Untracked 
|  63|0x0000000083f00000, 0x0000000083f00000, 0x0000000084000000|  0%| F|  |TAMS 0x0000000083f00000, 0x0000000083f00000| Untracked 
|  64|0x0000000084000000, 0x0000000084000000, 0x0000000084100000|  0%| F|  |TAMS 0x0000000084000000, 0x0000000084000000| Untracked 
|  65|0x0000000084100000, 0x0000000084100000, 0x0000000084200000|  0%| F|  |TAMS 0x0000000084100000, 0x0000000084100000| Untracked 
|  66|0x0000000084200000, 0x0000000084200000, 0x0000000084300000|  0%| F|  |TAMS 0x0000000084200000, 0x0000000084200000| Untracked 
|  67|0x0000000084300000, 0x0000000084300000, 0x0000000084400000|  0%| F|  |TAMS 0x0000000084300000, 0x0000000084300000| Untracked 
|  68|0x0000000084400000, 0x0000000084400000, 0x0000000084500000|  0%| F|  |TAMS 0x0000000084400000, 0x0000000084400000| Untracked 
|  69|0x0000000084500000, 0x0000000084500000, 0x0000000084600000|  0%| F|  |TAMS 0x0000000084500000, 0x0000000084500000| Untracked 
|  70|0x0000000084600000, 0x0000000084600000, 0x0000000084700000|  0%| F|  |TAMS 0x0000000084600000, 0x0000000084600000| Untracked 
|  71|0x0000000084700000, 0x0000000084700000, 0x0000000084800000|  0%| F|  |TAMS 0x0000000084700000, 0x0000000084700000| Untracked 
|  72|0x0000000084800000, 0x0000000084800000, 0x0000000084900000|  0%| F|  |TAMS 0x0000000084800000, 0x0000000084800000| Untracked 
|  73|0x0000000084900000, 0x0000000084900000, 0x0000000084a00000|  0%| F|  |TAMS 0x0000000084900000, 0x0000000084900000| Untracked 
|  74|0x0000000084a00000, 0x0000000084a00000, 0x0000000084b00000|  0%| F|  |TAMS 0x0000000084a00000, 0x0000000084a00000| Untracked 
|  75|0x0000000084b00000, 0x0000000084b00000, 0x0000000084c00000|  0%| F|  |TAMS 0x0000000084b00000, 0x0000000084b00000| Untracked 
|  76|0x0000000084c00000, 0x0000000084c00000, 0x0000000084d00000|  0%| F|  |TAMS 0x0000000084c00000, 0x0000000084c00000| Untracked 
|  77|0x0000000084d00000, 0x0000000084d00000, 0x0000000084e00000|  0%| F|  |TAMS 0x0000000084d00000, 0x0000000084d00000| Untracked 
|  78|0x0000000084e00000, 0x0000000084e00000, 0x0000000084f00000|  0%| F|  |TAMS 0x0000000084e00000, 0x0000000084e00000| Untracked 
|  79|0x0000000084f00000, 0x0000000084f00000, 0x0000000085000000|  0%| F|  |TAMS 0x0000000084f00000, 0x0000000084f00000| Untracked 
|  80|0x0000000085000000, 0x00000000850d8c30, 0x0000000085100000| 84%| S|CS|TAMS 0x0000000085000000, 0x0000000085000000| Complete 
|  81|0x0000000085100000, 0x0000000085200000, 0x0000000085200000|100%| S|CS|TAMS 0x0000000085100000, 0x0000000085100000| Complete 
|  82|0x0000000085200000, 0x0000000085300000, 0x0000000085300000|100%| S|CS|TAMS 0x0000000085200000, 0x0000000085200000| Complete 
|  83|0x0000000085300000, 0x0000000085400000, 0x0000000085400000|100%| S|CS|TAMS 0x0000000085300000, 0x0000000085300000| Complete 
|  84|0x0000000085400000, 0x0000000085500000, 0x0000000085500000|100%| S|CS|TAMS 0x0000000085400000, 0x0000000085400000| Complete 
|  85|0x0000000085500000, 0x0000000085600000, 0x0000000085600000|100%| S|CS|TAMS 0x0000000085500000, 0x0000000085500000| Complete 
|  86|0x0000000085600000, 0x0000000085700000, 0x0000000085700000|100%| S|CS|TAMS 0x0000000085600000, 0x0000000085600000| Complete 
|  87|0x0000000085700000, 0x0000000085800000, 0x0000000085800000|100%| S|CS|TAMS 0x0000000085700000, 0x0000000085700000| Complete 
|  88|0x0000000085800000, 0x0000000085800000, 0x0000000085900000|  0%| F|  |TAMS 0x0000000085800000, 0x0000000085800000| Untracked 
|  89|0x0000000085900000, 0x0000000085900000, 0x0000000085a00000|  0%| F|  |TAMS 0x0000000085900000, 0x0000000085900000| Untracked 
|  90|0x0000000085a00000, 0x0000000085a00000, 0x0000000085b00000|  0%| F|  |TAMS 0x0000000085a00000, 0x0000000085a00000| Untracked 
|  91|0x0000000085b00000, 0x0000000085b00000, 0x0000000085c00000|  0%| F|  |TAMS 0x0000000085b00000, 0x0000000085b00000| Untracked 
|  92|0x0000000085c00000, 0x0000000085c00000, 0x0000000085d00000|  0%| F|  |TAMS 0x0000000085c00000, 0x0000000085c00000| Untracked 
|  93|0x0000000085d00000, 0x0000000085d00000, 0x0000000085e00000|  0%| F|  |TAMS 0x0000000085d00000, 0x0000000085d00000| Untracked 
|  94|0x0000000085e00000, 0x0000000085e00000, 0x0000000085f00000|  0%| F|  |TAMS 0x0000000085e00000, 0x0000000085e00000| Untracked 
|  95|0x0000000085f00000, 0x0000000085f00000, 0x0000000086000000|  0%| F|  |TAMS 0x0000000085f00000, 0x0000000085f00000| Untracked 
|  96|0x0000000086000000, 0x0000000086000000, 0x0000000086100000|  0%| F|  |TAMS 0x0000000086000000, 0x0000000086000000| Untracked 
|  97|0x0000000086100000, 0x0000000086100000, 0x0000000086200000|  0%| F|  |TAMS 0x0000000086100000, 0x0000000086100000| Untracked 
|  98|0x0000000086200000, 0x0000000086200000, 0x0000000086300000|  0%| F|  |TAMS 0x0000000086200000, 0x0000000086200000| Untracked 
|  99|0x0000000086300000, 0x0000000086300000, 0x0000000086400000|  0%| F|  |TAMS 0x0000000086300000, 0x0000000086300000| Untracked 
| 100|0x0000000086400000, 0x0000000086400000, 0x0000000086500000|  0%| F|  |TAMS 0x0000000086400000, 0x0000000086400000| Untracked 
| 101|0x0000000086500000, 0x0000000086500000, 0x0000000086600000|  0%| F|  |TAMS 0x0000000086500000, 0x0000000086500000| Untracked 
| 102|0x0000000086600000, 0x0000000086600000, 0x0000000086700000|  0%| F|  |TAMS 0x0000000086600000, 0x0000000086600000| Untracked 
| 103|0x0000000086700000, 0x0000000086700000, 0x0000000086800000|  0%| F|  |TAMS 0x0000000086700000, 0x0000000086700000| Untracked 
| 104|0x0000000086800000, 0x0000000086800000, 0x0000000086900000|  0%| F|  |TAMS 0x0000000086800000, 0x0000000086800000| Untracked 
| 105|0x0000000086900000, 0x0000000086900000, 0x0000000086a00000|  0%| F|  |TAMS 0x0000000086900000, 0x0000000086900000| Untracked 
| 106|0x0000000086a00000, 0x0000000086a00000, 0x0000000086b00000|  0%| F|  |TAMS 0x0000000086a00000, 0x0000000086a00000| Untracked 
| 107|0x0000000086b00000, 0x0000000086b00000, 0x0000000086c00000|  0%| F|  |TAMS 0x0000000086b00000, 0x0000000086b00000| Untracked 
| 108|0x0000000086c00000, 0x0000000086c00000, 0x0000000086d00000|  0%| F|  |TAMS 0x0000000086c00000, 0x0000000086c00000| Untracked 
| 109|0x0000000086d00000, 0x0000000086d00000, 0x0000000086e00000|  0%| F|  |TAMS 0x0000000086d00000, 0x0000000086d00000| Untracked 
| 110|0x0000000086e00000, 0x0000000086e00000, 0x0000000086f00000|  0%| F|  |TAMS 0x0000000086e00000, 0x0000000086e00000| Untracked 
| 111|0x0000000086f00000, 0x0000000086f00000, 0x0000000087000000|  0%| F|  |TAMS 0x0000000086f00000, 0x0000000086f00000| Untracked 
| 112|0x0000000087000000, 0x0000000087000000, 0x0000000087100000|  0%| F|  |TAMS 0x0000000087000000, 0x0000000087000000| Untracked 
| 113|0x0000000087100000, 0x0000000087100000, 0x0000000087200000|  0%| F|  |TAMS 0x0000000087100000, 0x0000000087100000| Untracked 
| 114|0x0000000087200000, 0x0000000087200000, 0x0000000087300000|  0%| F|  |TAMS 0x0000000087200000, 0x0000000087200000| Untracked 
| 115|0x0000000087300000, 0x0000000087300000, 0x0000000087400000|  0%| F|  |TAMS 0x0000000087300000, 0x0000000087300000| Untracked 
| 116|0x0000000087400000, 0x0000000087400000, 0x0000000087500000|  0%| F|  |TAMS 0x0000000087400000, 0x0000000087400000| Untracked 
| 117|0x0000000087500000, 0x0000000087500000, 0x0000000087600000|  0%| F|  |TAMS 0x0000000087500000, 0x0000000087500000| Untracked 
| 118|0x0000000087600000, 0x0000000087600000, 0x0000000087700000|  0%| F|  |TAMS 0x0000000087600000, 0x0000000087600000| Untracked 
| 119|0x0000000087700000, 0x0000000087700000, 0x0000000087800000|  0%| F|  |TAMS 0x0000000087700000, 0x0000000087700000| Untracked 
| 120|0x0000000087800000, 0x0000000087800000, 0x0000000087900000|  0%| F|  |TAMS 0x0000000087800000, 0x0000000087800000| Untracked 
| 121|0x0000000087900000, 0x0000000087900000, 0x0000000087a00000|  0%| F|  |TAMS 0x0000000087900000, 0x0000000087900000| Untracked 
| 122|0x0000000087a00000, 0x0000000087a00000, 0x0000000087b00000|  0%| F|  |TAMS 0x0000000087a00000, 0x0000000087a00000| Untracked 
| 123|0x0000000087b00000, 0x0000000087b00000, 0x0000000087c00000|  0%| F|  |TAMS 0x0000000087b00000, 0x0000000087b00000| Untracked 
| 124|0x0000000087c00000, 0x0000000087c00000, 0x0000000087d00000|  0%| F|  |TAMS 0x0000000087c00000, 0x0000000087c00000| Untracked 
| 125|0x0000000087d00000, 0x0000000087d00000, 0x0000000087e00000|  0%| F|  |TAMS 0x0000000087d00000, 0x0000000087d00000| Untracked 
| 126|0x0000000087e00000, 0x0000000087e00000, 0x0000000087f00000|  0%| F|  |TAMS 0x0000000087e00000, 0x0000000087e00000| Untracked 
| 127|0x0000000087f00000, 0x0000000087f00000, 0x0000000088000000|  0%| F|  |TAMS 0x0000000087f00000, 0x0000000087f00000| Untracked 
| 128|0x0000000088000000, 0x0000000088000000, 0x0000000088100000|  0%| F|  |TAMS 0x0000000088000000, 0x0000000088000000| Untracked 
| 129|0x0000000088100000, 0x0000000088100000, 0x0000000088200000|  0%| F|  |TAMS 0x0000000088100000, 0x0000000088100000| Untracked 
| 130|0x0000000088200000, 0x0000000088200000, 0x0000000088300000|  0%| F|  |TAMS 0x0000000088200000, 0x0000000088200000| Untracked 
| 131|0x0000000088300000, 0x0000000088300000, 0x0000000088400000|  0%| F|  |TAMS 0x0000000088300000, 0x0000000088300000| Untracked 
| 132|0x0000000088400000, 0x0000000088400000, 0x0000000088500000|  0%| F|  |TAMS 0x0000000088400000, 0x0000000088400000| Untracked 
| 133|0x0000000088500000, 0x0000000088500000, 0x0000000088600000|  0%| F|  |TAMS 0x0000000088500000, 0x0000000088500000| Untracked 
| 134|0x0000000088600000, 0x0000000088600000, 0x0000000088700000|  0%| F|  |TAMS 0x0000000088600000, 0x0000000088600000| Untracked 
| 135|0x0000000088700000, 0x0000000088700000, 0x0000000088800000|  0%| F|  |TAMS 0x0000000088700000, 0x0000000088700000| Untracked 
| 136|0x0000000088800000, 0x0000000088800000, 0x0000000088900000|  0%| F|  |TAMS 0x0000000088800000, 0x0000000088800000| Untracked 
| 137|0x0000000088900000, 0x0000000088900000, 0x0000000088a00000|  0%| F|  |TAMS 0x0000000088900000, 0x0000000088900000| Untracked 
| 138|0x0000000088a00000, 0x0000000088a00000, 0x0000000088b00000|  0%| F|  |TAMS 0x0000000088a00000, 0x0000000088a00000| Untracked 
| 139|0x0000000088b00000, 0x0000000088b00000, 0x0000000088c00000|  0%| F|  |TAMS 0x0000000088b00000, 0x0000000088b00000| Untracked 
| 140|0x0000000088c00000, 0x0000000088c00000, 0x0000000088d00000|  0%| F|  |TAMS 0x0000000088c00000, 0x0000000088c00000| Untracked 
| 141|0x0000000088d00000, 0x0000000088d00000, 0x0000000088e00000|  0%| F|  |TAMS 0x0000000088d00000, 0x0000000088d00000| Untracked 
| 142|0x0000000088e00000, 0x0000000088e00000, 0x0000000088f00000|  0%| F|  |TAMS 0x0000000088e00000, 0x0000000088e00000| Untracked 
| 143|0x0000000088f00000, 0x0000000088f00000, 0x0000000089000000|  0%| F|  |TAMS 0x0000000088f00000, 0x0000000088f00000| Untracked 
| 144|0x0000000089000000, 0x0000000089000000, 0x0000000089100000|  0%| F|  |TAMS 0x0000000089000000, 0x0000000089000000| Untracked 
| 145|0x0000000089100000, 0x0000000089100000, 0x0000000089200000|  0%| F|  |TAMS 0x0000000089100000, 0x0000000089100000| Untracked 
| 146|0x0000000089200000, 0x0000000089200000, 0x0000000089300000|  0%| F|  |TAMS 0x0000000089200000, 0x0000000089200000| Untracked 
| 147|0x0000000089300000, 0x0000000089300000, 0x0000000089400000|  0%| F|  |TAMS 0x0000000089300000, 0x0000000089300000| Untracked 
| 148|0x0000000089400000, 0x0000000089400000, 0x0000000089500000|  0%| F|  |TAMS 0x0000000089400000, 0x0000000089400000| Untracked 
| 149|0x0000000089500000, 0x0000000089500000, 0x0000000089600000|  0%| F|  |TAMS 0x0000000089500000, 0x0000000089500000| Untracked 
| 150|0x0000000089600000, 0x0000000089600000, 0x0000000089700000|  0%| F|  |TAMS 0x0000000089600000, 0x0000000089600000| Untracked 
| 151|0x0000000089700000, 0x0000000089700000, 0x0000000089800000|  0%| F|  |TAMS 0x0000000089700000, 0x0000000089700000| Untracked 
| 152|0x0000000089800000, 0x0000000089800000, 0x0000000089900000|  0%| F|  |TAMS 0x0000000089800000, 0x0000000089800000| Untracked 
| 153|0x0000000089900000, 0x0000000089900000, 0x0000000089a00000|  0%| F|  |TAMS 0x0000000089900000, 0x0000000089900000| Untracked 
| 154|0x0000000089a00000, 0x0000000089b00000, 0x0000000089b00000|100%| E|  |TAMS 0x0000000089a00000, 0x0000000089a00000| Complete 
| 155|0x0000000089b00000, 0x0000000089c00000, 0x0000000089c00000|100%| E|CS|TAMS 0x0000000089b00000, 0x0000000089b00000| Complete 
| 156|0x0000000089c00000, 0x0000000089d00000, 0x0000000089d00000|100%| E|CS|TAMS 0x0000000089c00000, 0x0000000089c00000| Complete 
| 157|0x0000000089d00000, 0x0000000089e00000, 0x0000000089e00000|100%| E|CS|TAMS 0x0000000089d00000, 0x0000000089d00000| Complete 
| 158|0x0000000089e00000, 0x0000000089f00000, 0x0000000089f00000|100%| E|CS|TAMS 0x0000000089e00000, 0x0000000089e00000| Complete 
| 159|0x0000000089f00000, 0x000000008a000000, 0x000000008a000000|100%| E|CS|TAMS 0x0000000089f00000, 0x0000000089f00000| Complete 
| 160|0x000000008a000000, 0x000000008a100000, 0x000000008a100000|100%| E|CS|TAMS 0x000000008a000000, 0x000000008a000000| Complete 
| 161|0x000000008a100000, 0x000000008a200000, 0x000000008a200000|100%| E|CS|TAMS 0x000000008a100000, 0x000000008a100000| Complete 
| 162|0x000000008a200000, 0x000000008a300000, 0x000000008a300000|100%| E|CS|TAMS 0x000000008a200000, 0x000000008a200000| Complete 
| 163|0x000000008a300000, 0x000000008a400000, 0x000000008a400000|100%| E|CS|TAMS 0x000000008a300000, 0x000000008a300000| Complete 
| 164|0x000000008a400000, 0x000000008a500000, 0x000000008a500000|100%| E|CS|TAMS 0x000000008a400000, 0x000000008a400000| Complete 
| 165|0x000000008a500000, 0x000000008a600000, 0x000000008a600000|100%| E|CS|TAMS 0x000000008a500000, 0x000000008a500000| Complete 
| 166|0x000000008a600000, 0x000000008a700000, 0x000000008a700000|100%| E|CS|TAMS 0x000000008a600000, 0x000000008a600000| Complete 
| 167|0x000000008a700000, 0x000000008a800000, 0x000000008a800000|100%| E|CS|TAMS 0x000000008a700000, 0x000000008a700000| Complete 
| 168|0x000000008a800000, 0x000000008a900000, 0x000000008a900000|100%| E|CS|TAMS 0x000000008a800000, 0x000000008a800000| Complete 
| 169|0x000000008a900000, 0x000000008aa00000, 0x000000008aa00000|100%| E|CS|TAMS 0x000000008a900000, 0x000000008a900000| Complete 
| 170|0x000000008aa00000, 0x000000008ab00000, 0x000000008ab00000|100%| E|CS|TAMS 0x000000008aa00000, 0x000000008aa00000| Complete 
| 171|0x000000008ab00000, 0x000000008ac00000, 0x000000008ac00000|100%| E|CS|TAMS 0x000000008ab00000, 0x000000008ab00000| Complete 
| 172|0x000000008ac00000, 0x000000008ad00000, 0x000000008ad00000|100%| E|CS|TAMS 0x000000008ac00000, 0x000000008ac00000| Complete 
| 173|0x000000008ad00000, 0x000000008ae00000, 0x000000008ae00000|100%| E|CS|TAMS 0x000000008ad00000, 0x000000008ad00000| Complete 
| 174|0x000000008ae00000, 0x000000008af00000, 0x000000008af00000|100%| E|CS|TAMS 0x000000008ae00000, 0x000000008ae00000| Complete 
| 175|0x000000008af00000, 0x000000008b000000, 0x000000008b000000|100%| E|CS|TAMS 0x000000008af00000, 0x000000008af00000| Complete 
| 176|0x000000008b000000, 0x000000008b100000, 0x000000008b100000|100%| E|CS|TAMS 0x000000008b000000, 0x000000008b000000| Complete 
| 177|0x000000008b100000, 0x000000008b200000, 0x000000008b200000|100%| E|CS|TAMS 0x000000008b100000, 0x000000008b100000| Complete 
| 178|0x000000008b200000, 0x000000008b300000, 0x000000008b300000|100%| E|CS|TAMS 0x000000008b200000, 0x000000008b200000| Complete 
| 179|0x000000008b300000, 0x000000008b400000, 0x000000008b400000|100%| E|CS|TAMS 0x000000008b300000, 0x000000008b300000| Complete 
| 180|0x000000008b400000, 0x000000008b500000, 0x000000008b500000|100%| E|CS|TAMS 0x000000008b400000, 0x000000008b400000| Complete 
| 181|0x000000008b500000, 0x000000008b600000, 0x000000008b600000|100%| E|CS|TAMS 0x000000008b500000, 0x000000008b500000| Complete 
| 182|0x000000008b600000, 0x000000008b700000, 0x000000008b700000|100%| E|CS|TAMS 0x000000008b600000, 0x000000008b600000| Complete 
| 183|0x000000008b700000, 0x000000008b800000, 0x000000008b800000|100%| E|CS|TAMS 0x000000008b700000, 0x000000008b700000| Complete 
| 184|0x000000008b800000, 0x000000008b900000, 0x000000008b900000|100%| E|CS|TAMS 0x000000008b800000, 0x000000008b800000| Complete 

Card table byte_map: [0x00000054428e0000,0x0000005442ce0000] _byte_map_base: 0x00000054424e0000

Marking Bits (Prev, Next): (CMBitMap*) 0x000000542fa65120, (CMBitMap*) 0x000000542fa650e8
 Prev Bits: [0x00000054450e0000, 0x00000054470e0000)
 Next Bits: [0x00000054430e0000, 0x00000054450e0000)

Polling page: 0x000000542d7a0000

Metaspace:

Usage:
  Non-class:     58.74 MB capacity,    57.86 MB ( 99%) used,   729.72 KB (  1%) free+waste,   169.00 KB ( <1%) overhead. 
      Class:      8.87 MB capacity,     8.30 MB ( 94%) used,   502.84 KB (  6%) free+waste,    77.88 KB ( <1%) overhead. 
       Both:     67.61 MB capacity,    66.16 MB ( 98%) used,     1.20 MB (  2%) free+waste,   246.88 KB ( <1%) overhead. 

Virtual space:
  Non-class space:       60.00 MB reserved,      58.92 MB ( 98%) committed 
      Class space:        1.00 GB reserved,       8.98 MB ( <1%) committed 
             Both:        1.06 GB reserved,      67.90 MB (  6%) committed 

Chunk freelists:
   Non-Class:  63.00 KB
       Class:  3.00 KB
        Both:  66.00 KB

MaxMetaspaceSize: 17179869184.00 GB
CompressedClassSpaceSize: 1.00 GB
Initial GC threshold: 20.80 MB
Current GC threshold: 98.80 MB
CDS: off

CodeHeap 'non-profiled nmethods': size=120064Kb used=4335Kb max_used=4335Kb free=115728Kb
 bounds [0x000000543afa0000, 0x000000543b3e0000, 0x00000054424e0000]
CodeHeap 'profiled nmethods': size=120000Kb used=15038Kb max_used=15038Kb free=104961Kb
 bounds [0x0000005433a70000, 0x0000005434920000, 0x000000543afa0000]
CodeHeap 'non-nmethods': size=5696Kb used=2343Kb max_used=2381Kb free=3352Kb
 bounds [0x00000054334e0000, 0x0000005433750000, 0x0000005433a70000]
 total_blobs=7725 nmethods=6868 adapters=769
 compilation: enabled
              stopped_count=0, restarted_count=0
 full_count=0

Compilation events (20 events):
Event: 18.315 Thread 0x000000544a3e9000 nmethod 6894 0x00000054348fe210 code [0x00000054348fe580, 0x00000054348ffb18]
Event: 18.315 Thread 0x000000544a3e9000 6895   !   3       com.sun.beans.introspect.ClassInfo::getMethods (47 bytes)
Event: 18.316 Thread 0x000000544a3e9000 nmethod 6895 0x0000005434900790 code [0x0000005434900960, 0x0000005434900d28]
Event: 18.317 Thread 0x000000544a3e9000 6896       3       java.beans.MethodDescriptor::resolve (32 bytes)
Event: 18.317 Thread 0x000000544a3e9000 nmethod 6896 0x0000005434900e90 code [0x0000005434901080, 0x00000054349015b8]
Event: 18.317 Thread 0x000000544a3e9000 6897       3       java.beans.MethodDescriptor::<init> (111 bytes)
Event: 18.318 Thread 0x000000544a3e9000 nmethod 6897 0x0000005434901790 code [0x0000005434901a00, 0x0000005434902538]
Event: 18.319 Thread 0x000000544a3e9000 6898       3       sun.reflect.generics.reflectiveObjects.WildcardTypeImpl::toString (159 bytes)
Event: 18.321 Thread 0x000000544a3e9000 nmethod 6898 0x0000005434902890 code [0x0000005434902c20, 0x00000054349044a8]
Event: 18.329 Thread 0x000000544a3e9000 6900       3       java.beans.Introspector::isAssignable (27 bytes)
Event: 18.329 Thread 0x000000544a3e9000 nmethod 6900 0x0000005434904b90 code [0x0000005434904d60, 0x0000005434904f68]
Event: 18.330 Thread 0x000000544a3e9000 6901   !   3       java.beans.PropertyDescriptor::<init> (347 bytes)
Event: 18.330 Thread 0x000000544c4f6000 6875       4       java.lang.Class::getMethodsRecursive (99 bytes)
Event: 18.339 Thread 0x000000544a3e9000 nmethod 6901 0x0000005434905010 code [0x0000005434905940, 0x000000543490bea8]
Event: 18.339 Thread 0x000000544a3e9000 6903       3       groovy.lang.MetaClassImpl$$Lambda$286/0x00000001004a7440::apply (12 bytes)
Event: 18.340 Thread 0x000000544a3e9000 nmethod 6903 0x000000543490dd10 code [0x000000543490df20, 0x000000543490e318]
Event: 18.340 Thread 0x000000544a3e9000 6904       3       org.codehaus.groovy.reflection.CachedField::isStatic (8 bytes)
Event: 18.340 Thread 0x000000544a3e9000 nmethod 6904 0x000000543490e490 code [0x000000543490e660, 0x000000543490e898]
Event: 18.340 Thread 0x000000544a3e9000 6902       3       java.beans.PropertyDescriptor::isAssignable (148 bytes)
Event: 18.346 Thread 0x000000544a3e9000 nmethod 6902 0x000000543490e990 code [0x000000543490f100, 0x00000054349137d8]

GC Heap History (20 events):
Event: 2.084 GC heap before
{Heap before GC invocations=2 (full 0):
 garbage-first heap   total 131072K, used 40335K [0x0000000080000000, 0x0000000100000000)
  region size 1024K, 34 young (34816K), 4 survivors (4096K)
 Metaspace       used 11483K, capacity 11832K, committed 12160K, reserved 1060864K
  class space    used 1193K, capacity 1284K, committed 1408K, reserved 1048576K
}
Event: 2.094 GC heap after
{Heap after GC invocations=3 (full 0):
 garbage-first heap   total 131072K, used 14326K [0x0000000080000000, 0x0000000100000000)
  region size 1024K, 5 young (5120K), 5 survivors (5120K)
 Metaspace       used 11483K, capacity 11832K, committed 12160K, reserved 1060864K
  class space    used 1193K, capacity 1284K, committed 1408K, reserved 1048576K
}
Event: 3.302 GC heap before
{Heap before GC invocations=3 (full 0):
 garbage-first heap   total 131072K, used 54262K [0x0000000080000000, 0x0000000100000000)
  region size 1024K, 44 young (45056K), 5 survivors (5120K)
 Metaspace       used 19053K, capacity 19474K, committed 19584K, reserved 1067008K
  class space    used 2274K, capacity 2409K, committed 2432K, reserved 1048576K
}
Event: 3.313 GC heap after
{Heap after GC invocations=4 (full 0):
 garbage-first heap   total 131072K, used 17117K [0x0000000080000000, 0x0000000100000000)
  region size 1024K, 6 young (6144K), 6 survivors (6144K)
 Metaspace       used 19053K, capacity 19474K, committed 19584K, reserved 1067008K
  class space    used 2274K, capacity 2409K, committed 2432K, reserved 1048576K
}
Event: 3.588 GC heap before
{Heap before GC invocations=4 (full 0):
 garbage-first heap   total 131072K, used 32477K [0x0000000080000000, 0x0000000100000000)
  region size 1024K, 22 young (22528K), 6 survivors (6144K)
 Metaspace       used 20739K, capacity 21149K, committed 21296K, reserved 1069056K
  class space    used 2514K, capacity 2648K, committed 2688K, reserved 1048576K
}
Event: 3.597 GC heap after
{Heap after GC invocations=5 (full 0):
 garbage-first heap   total 157696K, used 17869K [0x0000000080000000, 0x0000000100000000)
  region size 1024K, 4 young (4096K), 4 survivors (4096K)
 Metaspace       used 20739K, capacity 21149K, committed 21296K, reserved 1069056K
  class space    used 2514K, capacity 2648K, committed 2688K, reserved 1048576K
}
Event: 4.671 GC heap before
{Heap before GC invocations=6 (full 0):
 garbage-first heap   total 157696K, used 75213K [0x0000000080000000, 0x0000000100000000)
  region size 1024K, 60 young (61440K), 4 survivors (4096K)
 Metaspace       used 26497K, capacity 27117K, committed 27388K, reserved 1073152K
  class space    used 3409K, capacity 3600K, committed 3660K, reserved 1048576K
}
Event: 4.683 GC heap after
{Heap after GC invocations=7 (full 0):
 garbage-first heap   total 157696K, used 19554K [0x0000000080000000, 0x0000000100000000)
  region size 1024K, 5 young (5120K), 5 survivors (5120K)
 Metaspace       used 26497K, capacity 27117K, committed 27388K, reserved 1073152K
  class space    used 3409K, capacity 3600K, committed 3660K, reserved 1048576K
}
Event: 6.479 GC heap before
{Heap before GC invocations=7 (full 0):
 garbage-first heap   total 157696K, used 77922K [0x0000000080000000, 0x0000000100000000)
  region size 1024K, 63 young (64512K), 5 survivors (5120K)
 Metaspace       used 35103K, capacity 35874K, committed 35964K, reserved 1081344K
  class space    used 4479K, capacity 4781K, committed 4812K, reserved 1048576K
}
Event: 6.500 GC heap after
{Heap after GC invocations=8 (full 0):
 garbage-first heap   total 157696K, used 23070K [0x0000000080000000, 0x0000000100000000)
  region size 1024K, 9 young (9216K), 9 survivors (9216K)
 Metaspace       used 35103K, capacity 35874K, committed 35964K, reserved 1081344K
  class space    used 4479K, capacity 4781K, committed 4812K, reserved 1048576K
}
Event: 9.111 GC heap before
{Heap before GC invocations=9 (full 0):
 garbage-first heap   total 157696K, used 95774K [0x0000000080000000, 0x0000000100000000)
  region size 1024K, 78 young (79872K), 9 survivors (9216K)
 Metaspace       used 40590K, capacity 41491K, committed 41852K, reserved 1085440K
  class space    used 5096K, capacity 5453K, committed 5580K, reserved 1048576K
}
Event: 9.142 GC heap after
{Heap after GC invocations=10 (full 0):
 garbage-first heap   total 157696K, used 28980K [0x0000000080000000, 0x0000000100000000)
  region size 1024K, 10 young (10240K), 10 survivors (10240K)
 Metaspace       used 40590K, capacity 41491K, committed 41852K, reserved 1085440K
  class space    used 5096K, capacity 5453K, committed 5580K, reserved 1048576K
}
Event: 11.330 GC heap before
{Heap before GC invocations=10 (full 0):
 garbage-first heap   total 157696K, used 113972K [0x0000000080000000, 0x0000000100000000)
  region size 1024K, 92 young (94208K), 10 survivors (10240K)
 Metaspace       used 47635K, capacity 48758K, committed 48892K, reserved 1091584K
  class space    used 6016K, capacity 6440K, committed 6476K, reserved 1048576K
}
Event: 11.353 GC heap after
{Heap after GC invocations=11 (full 0):
 garbage-first heap   total 189440K, used 32025K [0x0000000080000000, 0x0000000100000000)
  region size 1024K, 9 young (9216K), 9 survivors (9216K)
 Metaspace       used 47635K, capacity 48758K, committed 48892K, reserved 1091584K
  class space    used 6016K, capacity 6440K, committed 6476K, reserved 1048576K
}
Event: 14.237 GC heap before
{Heap before GC invocations=11 (full 0):
 garbage-first heap   total 189440K, used 144665K [0x0000000080000000, 0x0000000100000000)
  region size 1024K, 111 young (113664K), 9 survivors (9216K)
 Metaspace       used 56888K, capacity 58146K, committed 58236K, reserved 1099776K
  class space    used 7100K, capacity 7585K, committed 7628K, reserved 1048576K
}
Event: 14.261 GC heap after
{Heap after GC invocations=12 (full 0):
 garbage-first heap   total 189440K, used 50062K [0x0000000080000000, 0x0000000100000000)
  region size 1024K, 14 young (14336K), 14 survivors (14336K)
 Metaspace       used 56888K, capacity 58146K, committed 58236K, reserved 1099776K
  class space    used 7100K, capacity 7585K, committed 7628K, reserved 1048576K
}
Event: 14.660 GC heap before
{Heap before GC invocations=12 (full 0):
 garbage-first heap   total 189440K, used 63374K [0x0000000080000000, 0x0000000100000000)
  region size 1024K, 28 young (28672K), 14 survivors (14336K)
 Metaspace       used 58847K, capacity 60254K, committed 60368K, reserved 1101824K
  class space    used 7391K, capacity 7906K, committed 7968K, reserved 1048576K
}
Event: 14.685 GC heap after
{Heap after GC invocations=13 (full 0):
 garbage-first heap   total 189440K, used 51345K [0x0000000080000000, 0x0000000100000000)
  region size 1024K, 2 young (2048K), 2 survivors (2048K)
 Metaspace       used 58847K, capacity 60254K, committed 60368K, reserved 1101824K
  class space    used 7391K, capacity 7906K, committed 7968K, reserved 1048576K
}
Event: 17.922 GC heap before
{Heap before GC invocations=14 (full 0):
 garbage-first heap   total 189440K, used 155793K [0x0000000080000000, 0x0000000100000000)
  region size 1024K, 97 young (99328K), 2 survivors (2048K)
 Metaspace       used 66956K, capacity 68459K, committed 68636K, reserved 1110016K
  class space    used 8398K, capacity 8980K, committed 9068K, reserved 1048576K
}
Event: 17.944 GC heap after
{Heap after GC invocations=15 (full 0):
 garbage-first heap   total 189440K, used 57408K [0x0000000080000000, 0x0000000100000000)
  region size 1024K, 8 young (8192K), 8 survivors (8192K)
 Metaspace       used 66956K, capacity 68459K, committed 68636K, reserved 1110016K
  class space    used 8398K, capacity 8980K, committed 9068K, reserved 1048576K
}

Deoptimization events (20 events):
Event: 17.395 Thread 0x000000544dfb9000 Uncommon trap: trap_request=0xffffff4d fr.pc=0x000000543b07b8d4 relative=0x0000000000000614
Event: 17.395 Thread 0x000000544dfb9000 Uncommon trap: reason=unstable_if action=reinterpret pc=0x000000543b07b8d4 method=java.lang.String.replace(CC)Ljava/lang/String; @ 2 c2
Event: 17.395 Thread 0x000000544dfb9000 DEOPT PACKING pc=0x000000543b07b8d4 sp=0x00000054502d7d50
Event: 17.395 Thread 0x000000544dfb9000 DEOPT UNPACKING pc=0x000000543352a1af sp=0x00000054502d7d00 mode 2
Event: 17.478 Thread 0x000000544dfb9000 Uncommon trap: trap_request=0xffffffde fr.pc=0x000000543b3983d4 relative=0x0000000000002ab4
Event: 17.478 Thread 0x000000544dfb9000 Uncommon trap: reason=class_check action=maybe_recompile pc=0x000000543b3983d4 method=java.util.TreeMap.put(Ljava/lang/Object;Ljava/lang/Object;)Ljava/lang/Object; @ 127 c2
Event: 17.478 Thread 0x000000544dfb9000 DEOPT PACKING pc=0x000000543b3983d4 sp=0x00000054502d80b0
Event: 17.478 Thread 0x000000544dfb9000 DEOPT UNPACKING pc=0x000000543352a1af sp=0x00000054502d8060 mode 2
Event: 17.519 Thread 0x000000544dfb9000 Uncommon trap: trap_request=0xffffff4d fr.pc=0x000000543b2014ac relative=0x000000000000024c
Event: 17.519 Thread 0x000000544dfb9000 Uncommon trap: reason=unstable_if action=reinterpret pc=0x000000543b2014ac method=java.lang.invoke.LambdaForm$BasicType.basicType(C)Ljava/lang/invoke/LambdaForm$BasicType; @ 1 c2
Event: 17.519 Thread 0x000000544dfb9000 DEOPT PACKING pc=0x000000543b2014ac sp=0x00000054502d7c70
Event: 17.519 Thread 0x000000544dfb9000 DEOPT UNPACKING pc=0x000000543352a1af sp=0x00000054502d7b58 mode 2
Event: 17.848 Thread 0x000000544dfb9000 Uncommon trap: trap_request=0xffffff4d fr.pc=0x000000543b14630c relative=0x0000000000004e2c
Event: 17.848 Thread 0x000000544dfb9000 Uncommon trap: reason=unstable_if action=reinterpret pc=0x000000543b14630c method=sun.net.www.protocol.jar.Handler.parseURL(Ljava/net/URL;Ljava/lang/String;II)V @ 116 c2
Event: 17.848 Thread 0x000000544dfb9000 DEOPT PACKING pc=0x000000543b14630c sp=0x00000054502d80a0
Event: 17.848 Thread 0x000000544dfb9000 DEOPT UNPACKING pc=0x000000543352a1af sp=0x00000054502d7f98 mode 2
Event: 18.307 Thread 0x000000544dfb9000 Uncommon trap: trap_request=0xffffff4d fr.pc=0x000000543b17eb00 relative=0x0000000000000340
Event: 18.307 Thread 0x000000544dfb9000 Uncommon trap: reason=unstable_if action=reinterpret pc=0x000000543b17eb00 method=java.util.StringJoiner.add(Ljava/lang/CharSequence;)Ljava/util/StringJoiner; @ 33 c2
Event: 18.307 Thread 0x000000544dfb9000 DEOPT PACKING pc=0x000000543b17eb00 sp=0x00000054502d59f0
Event: 18.307 Thread 0x000000544dfb9000 DEOPT UNPACKING pc=0x000000543352a1af sp=0x00000054502d59a0 mode 2

Classes redefined (0 events):
No events

Internal exceptions (20 events):
Event: 18.202 Thread 0x000000544dfb9000 Exception <a 'java/lang/ClassNotFoundException'{0x000000008b015178}: org/jetbrains/kotlin/gradle/targets/js/npm/DefaultDevNpmDependencyExtensionBeanInfo> (0x000000008b015178) thrown at [./src/hotspot/share/classfile/systemDictionary.cpp, line 231]
Event: 18.202 Thread 0x000000544dfb9000 Exception <a 'java/lang/ClassNotFoundException'{0x000000008b036ed8}: org/jetbrains/kotlin/gradle/targets/js/npm/DefaultDevNpmDependencyExtensionCustomizer> (0x000000008b036ed8) thrown at [./src/hotspot/share/classfile/systemDictionary.cpp, line 231]
Event: 18.206 Thread 0x000000544dfb9000 Exception <a 'java/lang/ClassNotFoundException'{0x000000008b091db0}: org/jetbrains/kotlin/gradle/targets/js/npm/DefaultPeerNpmDependencyExtensionBeanInfo> (0x000000008b091db0) thrown at [./src/hotspot/share/classfile/systemDictionary.cpp, line 231]
Event: 18.207 Thread 0x000000544dfb9000 Exception <a 'java/lang/ClassNotFoundException'{0x000000008b0b3e30}: org/jetbrains/kotlin/gradle/targets/js/npm/DefaultPeerNpmDependencyExtensionCustomizer> (0x000000008b0b3e30) thrown at [./src/hotspot/share/classfile/systemDictionary.cpp, line 231]
Event: 18.210 Thread 0x000000544dfb9000 Exception <a 'java/lang/ClassNotFoundException'{0x000000008af177f8}: org/jetbrains/kotlin/gradle/targets/js/npm/DefaultPeerNpmDependencyExtension$delegate$1BeanInfo> (0x000000008af177f8) thrown at [./src/hotspot/share/classfile/systemDictionary.cpp, line 231]
Event: 18.211 Thread 0x000000544dfb9000 Exception <a 'java/lang/ClassNotFoundException'{0x000000008af3b290}: org/jetbrains/kotlin/gradle/targets/js/npm/DefaultPeerNpmDependencyExtension$delegate$1Customizer> (0x000000008af3b290) thrown at [./src/hotspot/share/classfile/systemDictionary.cpp, line 231]
Event: 18.233 Thread 0x000000544dfb9000 Exception <a 'java/lang/ClassNotFoundException'{0x000000008ae0c9b0}: build_abfswxnrl2r3su3lmyj03h667BeanInfo> (0x000000008ae0c9b0) thrown at [./src/hotspot/share/classfile/systemDictionary.cpp, line 231]
Event: 18.233 Thread 0x000000544dfb9000 Exception <a 'java/lang/ClassNotFoundException'{0x000000008ae19160}: build_abfswxnrl2r3su3lmyj03h667Customizer> (0x000000008ae19160) thrown at [./src/hotspot/share/classfile/systemDictionary.cpp, line 231]
Event: 18.302 Thread 0x000000544dfb9000 Exception <a 'java/lang/ClassNotFoundException'{0x000000008ab3bd20}: com/android/build/gradle/internal/dsl/BaseAppModuleExtension_DecoratedBeanInfo> (0x000000008ab3bd20) thrown at [./src/hotspot/share/classfile/systemDictionary.cpp, line 231]
Event: 18.303 Thread 0x000000544dfb9000 Exception <a 'java/lang/ClassNotFoundException'{0x000000008ab5b080}: com/android/build/gradle/internal/dsl/BaseAppModuleExtensionBeanInfo> (0x000000008ab5b080) thrown at [./src/hotspot/share/classfile/systemDictionary.cpp, line 231]
Event: 18.304 Thread 0x000000544dfb9000 Exception <a 'java/lang/ClassNotFoundException'{0x000000008ab76270}: com/android/build/gradle/AppExtensionBeanInfo> (0x000000008ab76270) thrown at [./src/hotspot/share/classfile/systemDictionary.cpp, line 231]
Event: 18.304 Thread 0x000000544dfb9000 Exception <a 'java/lang/ClassNotFoundException'{0x000000008ab92f00}: com/android/build/gradle/AbstractAppExtensionBeanInfo> (0x000000008ab92f00) thrown at [./src/hotspot/share/classfile/systemDictionary.cpp, line 231]
Event: 18.305 Thread 0x000000544dfb9000 Exception <a 'java/lang/ClassNotFoundException'{0x000000008abae808}: com/android/build/gradle/TestedExtensionBeanInfo> (0x000000008abae808) thrown at [./src/hotspot/share/classfile/systemDictionary.cpp, line 231]
Event: 18.306 Thread 0x000000544dfb9000 Exception <a 'java/lang/ClassNotFoundException'{0x000000008abc9fb0}: com/android/build/gradle/BaseExtensionBeanInfo> (0x000000008abc9fb0) thrown at [./src/hotspot/share/classfile/systemDictionary.cpp, line 231]
Event: 18.306 Thread 0x000000544dfb9000 Exception <a 'java/lang/ClassNotFoundException'{0x000000008abe5880}: com/android/build/gradle/BaseExtensionCustomizer> (0x000000008abe5880) thrown at [./src/hotspot/share/classfile/systemDictionary.cpp, line 231]
Event: 18.310 Thread 0x000000544dfb9000 Exception <a 'java/lang/ClassNotFoundException'{0x000000008aa5ab00}: com/android/build/gradle/TestedExtensionCustomizer> (0x000000008aa5ab00) thrown at [./src/hotspot/share/classfile/systemDictionary.cpp, line 231]
Event: 18.312 Thread 0x000000544dfb9000 Exception <a 'java/lang/ClassNotFoundException'{0x000000008aa91f18}: com/android/build/gradle/AbstractAppExtensionCustomizer> (0x000000008aa91f18) thrown at [./src/hotspot/share/classfile/systemDictionary.cpp, line 231]
Event: 18.314 Thread 0x000000544dfb9000 Exception <a 'java/lang/ClassNotFoundException'{0x000000008aac39a0}: com/android/build/gradle/AppExtensionCustomizer> (0x000000008aac39a0) thrown at [./src/hotspot/share/classfile/systemDictionary.cpp, line 231]
Event: 18.315 Thread 0x000000544dfb9000 Exception <a 'java/lang/ClassNotFoundException'{0x000000008aaf77a0}: com/android/build/gradle/internal/dsl/BaseAppModuleExtensionCustomizer> (0x000000008aaf77a0) thrown at [./src/hotspot/share/classfile/systemDictionary.cpp, line 231]
Event: 18.324 Thread 0x000000544dfb9000 Exception <a 'java/lang/ClassNotFoundException'{0x000000008a9e9a00}: com/android/build/gradle/internal/dsl/BaseAppModuleExtension_DecoratedCustomizer> (0x000000008a9e9a00) thrown at [./src/hotspot/share/classfile/systemDictionary.cpp, line 231]

Events (20 events):
Event: 18.312 loading class com/android/build/gradle/AbstractAppExtensionCustomizer done
Event: 18.313 loading class com/android/build/gradle/AppExtensionCustomizer
Event: 18.313 loading class com/android/build/gradle/AppExtensionCustomizer done
Event: 18.314 loading class com/android/build/gradle/AppExtensionCustomizer
Event: 18.314 loading class com/android/build/gradle/AppExtensionCustomizer done
Event: 18.314 loading class com/android/build/gradle/internal/dsl/BaseAppModuleExtensionCustomizer
Event: 18.314 loading class com/android/build/gradle/internal/dsl/BaseAppModuleExtensionCustomizer done
Event: 18.315 loading class com/android/build/gradle/internal/dsl/BaseAppModuleExtensionCustomizer
Event: 18.315 loading class com/android/build/gradle/internal/dsl/BaseAppModuleExtensionCustomizer done
Event: 18.323 loading class com/android/build/gradle/internal/dsl/BaseAppModuleExtension_DecoratedCustomizer
Event: 18.323 loading class com/android/build/gradle/internal/dsl/BaseAppModuleExtension_DecoratedCustomizer done
Event: 18.324 loading class com/android/build/gradle/internal/dsl/BaseAppModuleExtension_DecoratedCustomizer
Event: 18.324 loading class com/android/build/gradle/internal/dsl/BaseAppModuleExtension_DecoratedCustomizer done
Event: 18.330 Thread 0x000000544c4f6000 Thread added: 0x000000544c4f6000
Event: 18.335 loading class groovy/runtime/metaclass/build_abfswxnrl2r3su3lmyj03h667$_run_closure1$_closure3MetaClass
Event: 18.335 loading class groovy/runtime/metaclass/build_abfswxnrl2r3su3lmyj03h667$_run_closure1$_closure3MetaClass done
Event: 18.336 loading class org/gradle/util/internal/ConfigureUtil
Event: 18.336 loading class org/gradle/util/internal/ConfigureUtil done
Event: 18.336 loading class groovy/runtime/metaclass/com/android/build/gradle/internal/dsl/DefaultConfig$AgpDecorated_DecoratedMetaClass
Event: 18.336 loading class groovy/runtime/metaclass/com/android/build/gradle/internal/dsl/DefaultConfig$AgpDecorated_DecoratedMetaClass done


Dynamic libraries:
0x00007ff6b4850000 - 0x00007ff6b485a000 	C:\Program Files\Android\Android Studio\jre\bin\java.exe
0x00007ffeb5610000 - 0x00007ffeb57bd000 	C:\Windows\SYSTEM32\ntdll.dll
0x00007ffeb3860000 - 0x00007ffeb399f000 	C:\Windows\system32\KERNEL32.DLL
0x00007ffeb2b70000 - 0x00007ffeb2c85000 	C:\Windows\system32\KERNELBASE.dll
0x00007ffea8e90000 - 0x00007ffea8ea9000 	C:\Program Files\Android\Android Studio\jre\bin\jli.dll
0x00007ffea3ee0000 - 0x00007ffea3ef7000 	C:\Program Files\Android\Android Studio\jre\bin\VCRUNTIME140.dll
0x00007ffe95d20000 - 0x00007ffe95d24000 	C:\Windows\SYSTEM32\api-ms-win-crt-stdio-l1-1-0.dll
0x00007ffe95d00000 - 0x00007ffe95d04000 	C:\Windows\SYSTEM32\api-ms-win-crt-runtime-l1-1-0.dll
0x00007ffe920f0000 - 0x00007ffe920f3000 	C:\Windows\SYSTEM32\api-ms-win-crt-environment-l1-1-0.dll
0x00007ffe91fd0000 - 0x00007ffe91fd5000 	C:\Windows\SYSTEM32\api-ms-win-crt-math-l1-1-0.dll
0x00007ffe91740000 - 0x00007ffe91743000 	C:\Windows\SYSTEM32\api-ms-win-crt-locale-l1-1-0.dll
0x00007ffe91c00000 - 0x00007ffe91c03000 	C:\Windows\SYSTEM32\api-ms-win-crt-heap-l1-1-0.dll
0x00007ffeb01f0000 - 0x00007ffeb046b000 	C:\Windows\WinSxS\amd64_microsoft.windows.common-controls_6595b64144ccf1df_6.0.9600.19394_none_62486577ecb635cf\COMCTL32.dll
0x00007ffeb2c90000 - 0x00007ffeb2e07000 	C:\Windows\system32\USER32.dll
0x00007ffe91fc0000 - 0x00007ffe91fc3000 	C:\Windows\SYSTEM32\api-ms-win-crt-filesystem-l1-1-0.dll
0x00007ffe95d10000 - 0x00007ffe95d14000 	C:\Windows\SYSTEM32\api-ms-win-crt-string-l1-1-0.dll
0x00007ffe92100000 - 0x00007ffe92104000 	C:\Windows\SYSTEM32\api-ms-win-crt-convert-l1-1-0.dll
0x00007ffeb3d20000 - 0x00007ffeb3dca000 	C:\Windows\system32\msvcrt.dll
0x00007ffeb3b10000 - 0x00007ffeb3c5e000 	C:\Windows\system32\GDI32.dll
0x00007ffe91b00000 - 0x00007ffe91bf4000 	C:\Windows\SYSTEM32\ucrtbase.DLL
0x00007ffeb3ad0000 - 0x00007ffeb3b06000 	C:\Windows\system32\IMM32.DLL
0x00007ffeb3470000 - 0x00007ffeb35c1000 	C:\Windows\system32\MSCTF.dll
0x0000000067220000 - 0x000000006722c000 	C:\Program Files (x86)\360\Total Security\safemon\SafeWrapper.dll
0x00007ffeb37b0000 - 0x00007ffeb385d000 	C:\Windows\system32\ADVAPI32.dll
0x00007ffeb2fd0000 - 0x00007ffeb302b000 	C:\Windows\SYSTEM32\sechost.dll
0x00007ffeb3330000 - 0x00007ffeb3465000 	C:\Windows\system32\RPCRT4.dll
0x00007ffeb27e0000 - 0x00007ffeb280e000 	C:\Windows\system32\SspiCli.dll
0x00007ffe87410000 - 0x00007ffe874a2000 	C:\Program Files (x86)\360\Total Security\safemon\libzdtp64.dll
0x00007ffeb40e0000 - 0x00007ffeb560c000 	C:\Windows\system32\SHELL32.dll
0x00007ffeb32b0000 - 0x00007ffeb3304000 	C:\Windows\system32\SHLWAPI.dll
0x00007ffea9710000 - 0x00007ffea971a000 	C:\Windows\SYSTEM32\VERSION.dll
0x00007ffeb3090000 - 0x00007ffeb32a2000 	C:\Windows\SYSTEM32\combase.dll
0x00007ffe91750000 - 0x00007ffe917ed000 	C:\Program Files\Android\Android Studio\jre\bin\msvcp140.dll
0x00007ffe91730000 - 0x00007ffe91735000 	C:\Windows\SYSTEM32\api-ms-win-crt-multibyte-l1-1-0.dll
0x00007ffe91c10000 - 0x00007ffe91c13000 	C:\Windows\SYSTEM32\api-ms-win-crt-time-l1-1-0.dll
0x00007ffe920e0000 - 0x00007ffe920e3000 	C:\Windows\SYSTEM32\api-ms-win-crt-utility-l1-1-0.dll
0x00007ffe90580000 - 0x00007ffe91082000 	C:\Program Files\Android\Android Studio\jre\bin\server\jvm.dll
0x00007ffea4cf0000 - 0x00007ffea4cf9000 	C:\Windows\SYSTEM32\WSOCK32.dll
0x00007ffeab6d0000 - 0x00007ffeab6f2000 	C:\Windows\SYSTEM32\WINMM.dll
0x00007ffeb3320000 - 0x00007ffeb3327000 	C:\Windows\system32\PSAPI.DLL
0x00007ffeb39a0000 - 0x00007ffeb39fa000 	C:\Windows\system32\WS2_32.dll
0x00007ffeab6a0000 - 0x00007ffeab6ca000 	C:\Windows\SYSTEM32\WINMMBASE.dll
0x00007ffeb3ac0000 - 0x00007ffeb3ac9000 	C:\Windows\system32\NSI.dll
0x00007ffeb2a70000 - 0x00007ffeb2abf000 	C:\Windows\SYSTEM32\cfgmgr32.dll
0x00007ffeb1500000 - 0x00007ffeb1528000 	C:\Windows\SYSTEM32\DEVOBJ.dll
0x00007ffe91ae0000 - 0x00007ffe91af1000 	C:\Program Files\Android\Android Studio\jre\bin\verify.dll
0x00007ffea4e30000 - 0x00007ffea4fba000 	C:\Windows\SYSTEM32\DBGHELP.DLL
0x00007ffe91ab0000 - 0x00007ffe91ad9000 	C:\Program Files\Android\Android Studio\jre\bin\java.dll
0x00007ffe91aa0000 - 0x00007ffe91aab000 	C:\Program Files\Android\Android Studio\jre\bin\jimage.dll
0x00007ffe91a80000 - 0x00007ffe91a98000 	C:\Program Files\Android\Android Studio\jre\bin\zip.dll
0x00007ffeb0820000 - 0x00007ffeb08d2000 	C:\Windows\SYSTEM32\SHCORE.dll
0x00007ffeb26b0000 - 0x00007ffeb26c5000 	C:\Windows\SYSTEM32\profapi.dll
0x00007ffe91a60000 - 0x00007ffe91a7a000 	C:\Program Files\Android\Android Studio\jre\bin\net.dll
0x00007ffeaaeb0000 - 0x00007ffeaaf79000 	C:\Windows\SYSTEM32\WINHTTP.dll
0x00007ffeb1ef0000 - 0x00007ffeb1f49000 	C:\Windows\system32\mswsock.dll
0x00007ffe91a40000 - 0x00007ffe91a54000 	C:\Program Files\Android\Android Studio\jre\bin\nio.dll
0x00007ffeaf5c0000 - 0x00007ffeaf5e7000 	C:\Users\Nadezhda S\.gradle\native\e1d6ef7f7dcc3fd88c89a11ec53ec762bb8ba0a96d01ffa2cd45eb1d1d8dd5c5\windows-amd64\native-platform.dll
0x00007ffe91a30000 - 0x00007ffe91a3a000 	C:\Program Files\Android\Android Studio\jre\bin\management.dll
0x00007ffe91a20000 - 0x00007ffe91a2d000 	C:\Program Files\Android\Android Studio\jre\bin\management_ext.dll
0x00007ffeb1f50000 - 0x00007ffeb1f70000 	C:\Windows\SYSTEM32\CRYPTSP.dll
0x00007ffeb1b70000 - 0x00007ffeb1ba6000 	C:\Windows\system32\rsaenh.dll
0x00007ffeb2190000 - 0x00007ffeb21b6000 	C:\Windows\SYSTEM32\bcrypt.dll
0x00007ffeb1c80000 - 0x00007ffeb1ca1000 	C:\Windows\SYSTEM32\USERENV.dll
0x00007ffeb24b0000 - 0x00007ffeb2513000 	C:\Windows\system32\bcryptprimitives.dll
0x00007ffeb2520000 - 0x00007ffeb252b000 	C:\Windows\SYSTEM32\CRYPTBASE.dll
0x00007ffeae230000 - 0x00007ffeae25a000 	C:\Windows\SYSTEM32\IPHLPAPI.DLL
0x00007ffeae220000 - 0x00007ffeae22a000 	C:\Windows\SYSTEM32\WINNSI.DLL
0x00007ffead170000 - 0x00007ffead186000 	C:\Windows\SYSTEM32\dhcpcsvc6.DLL
0x00007ffead4b0000 - 0x00007ffead4ca000 	C:\Windows\SYSTEM32\dhcpcsvc.DLL

dbghelp: loaded successfully - version: 4.0.5 - missing functions: none
symbol engine: initialized successfully - sym options: 0x614 - pdb path: .;C:\Program Files\Android\Android Studio\jre\bin;C:\Windows\SYSTEM32;C:\Windows\WinSxS\amd64_microsoft.windows.common-controls_6595b64144ccf1df_6.0.9600.19394_none_62486577ecb635cf;C:\Program Files (x86)\360\Total Security\safemon;C:\Program Files\Android\Android Studio\jre\bin\server;C:\Users\Nadezhda S\.gradle\native\e1d6ef7f7dcc3fd88c89a11ec53ec762bb8ba0a96d01ffa2cd45eb1d1d8dd5c5\windows-amd64

VM Arguments:
jvm_args: --add-opens=java.base/java.util=ALL-UNNAMED --add-opens=java.base/java.lang=ALL-UNNAMED --add-opens=java.base/java.lang.invoke=ALL-UNNAMED --add-opens=java.base/java.util=ALL-UNNAMED --add-opens=java.prefs/java.util.prefs=ALL-UNNAMED --add-opens=java.prefs/java.util.prefs=ALL-UNNAMED --add-opens=java.base/java.nio.charset=ALL-UNNAMED --add-opens=java.base/java.net=ALL-UNNAMED --add-opens=java.base/java.util.concurrent.atomic=ALL-UNNAMED -Xmx2048m -Dfile.encoding=UTF-8 -Duser.country=RU -Duser.language=ru -Duser.variant 
java_command: org.gradle.launcher.daemon.bootstrap.GradleDaemon 7.4
java_class_path (initial): C:\Users\Nadezhda S\.gradle\wrapper\dists\gradle-7.4-bin\c0gwcg53nkjbqw7r0h0umtfvt\gradle-7.4\lib\gradle-launcher-7.4.jar
Launcher Type: SUN_STANDARD

[Global flags]
     intx CICompilerCount                          = 3                                         {product} {ergonomic}
     uint ConcGCThreads                            = 1                                         {product} {ergonomic}
     uint G1ConcRefinementThreads                  = 4                                         {product} {ergonomic}
   size_t G1HeapRegionSize                         = 1048576                                   {product} {ergonomic}
    uintx GCDrainStackTargetSize                   = 64                                        {product} {ergonomic}
   size_t InitialHeapSize                          = 134217728                                 {product} {ergonomic}
   size_t MarkStackSize                            = 4194304                                   {product} {ergonomic}
   size_t MaxHeapSize                              = 2147483648                                {product} {command line}
   size_t MaxNewSize                               = 1287651328                                {product} {ergonomic}
   size_t MinHeapDeltaBytes                        = 1048576                                   {product} {ergonomic}
    uintx NonNMethodCodeHeapSize                   = 5830732                                {pd product} {ergonomic}
    uintx NonProfiledCodeHeapSize                  = 122913754                              {pd product} {ergonomic}
    uintx ProfiledCodeHeapSize                     = 122913754                              {pd product} {ergonomic}
    uintx ReservedCodeCacheSize                    = 251658240                              {pd product} {ergonomic}
     bool SegmentedCodeCache                       = true                                      {product} {ergonomic}
     bool UseCompressedClassPointers               = true                                 {lp64_product} {ergonomic}
     bool UseCompressedOops                        = true                                 {lp64_product} {ergonomic}
     bool UseG1GC                                  = true                                      {product} {ergonomic}
     bool UseLargePagesIndividualAllocation        = false                                  {pd product} {ergonomic}

Logging:
Log output configuration:
 #0: stdout all=warning uptime,level,tags
 #1: stderr all=off uptime,level,tags

Environment Variables:
PATH=C:\Windows\system32;C:\Windows;C:\Windows\System32\Wbem;C:\Windows\System32\WindowsPowerShell\v1.0\;C:\Program Files\Git\cmd
USERNAME=Nadezhda S
OS=Windows_NT
PROCESSOR_IDENTIFIER=Intel64 Family 6 Model 42 Stepping 7, GenuineIntel



---------------  S Y S T E M  ---------------

OS: Windows 8.1 , 64 bit Build 9600 (6.3.9600.20389)
OS uptime: 0 days 6:12 hours

CPU:total 4 (initial active 4) (2 cores per cpu, 2 threads per core) family 6 model 42 stepping 7 microcode 0x28, cmov, cx8, fxsr, mmx, sse, sse2, sse3, ssse3, sse4.1, sse4.2, popcnt, avx, aes, clmul, ht, tsc, tscinvbit

Memory: 4k page, system-wide physical 8105M (444M free)
TotalPageFile size 8105M (AvailPageFile size 311M)
current process WorkingSet (physical memory assigned to process): 385M, peak: 386M
current process commit charge ("private bytes"): 420M, peak: 422M

vm_info: OpenJDK 64-Bit Server VM (11.0.13+0-b1751.21-8125866) for windows-amd64 JRE (11.0.13+0-b1751.21-8125866), built on Feb  2 2022 03:00:22 by "builder" with MS VC++ 14.0 (VS2015)

END.
