#
# There is insufficient memory for the Java Runtime Environment to continue.
# Native memory allocation (malloc) failed to allocate 1930416 bytes for Chunk::new
# Possible reasons:
#   The system is out of physical RAM or swap space
#   The process is running with CompressedOops enabled, and the Java Heap may be blocking the growth of the native heap
# Possible solutions:
#   Reduce memory load on the system
#   Increase physical memory or swap space
#   Check if swap backing store is full
#   Decrease Java heap size (-Xmx/-Xms)
#   Decrease number of Java threads
#   Decrease Java thread stack sizes (-Xss)
#   Set larger code cache with -XX:ReservedCodeCacheSize=
#   JVM is running with Unscaled Compressed Oops mode in which the Java heap is
#     placed in the first 4GB address space. The Java Heap base address is the
#     maximum limit for the native heap growth. Please use -XX:HeapBaseMinAddress
#     to set the Java Heap base and to place the Java Heap above 4GB virtual address.
# This output file may be truncated or incomplete.
#
#  Out of Memory Error (./src/hotspot/share/memory/arena.cpp:197), pid=4224, tid=2432
#
# JRE version: OpenJDK Runtime Environment (11.0.13) (build 11.0.13+0-b1751.21-8125866)
# Java VM: OpenJDK 64-Bit Server VM (11.0.13+0-b1751.21-8125866, mixed mode, tiered, compressed oops, g1 gc, windows-amd64)
# No core dump will be written. Minidumps are not enabled by default on client versions of Windows
#

---------------  S U M M A R Y ------------

Command Line: --add-opens=java.base/java.util=ALL-UNNAMED --add-opens=java.base/java.lang=ALL-UNNAMED --add-opens=java.base/java.lang.invoke=ALL-UNNAMED --add-opens=java.base/java.util=ALL-UNNAMED --add-opens=java.prefs/java.util.prefs=ALL-UNNAMED --add-opens=java.prefs/java.util.prefs=ALL-UNNAMED --add-opens=java.base/java.nio.charset=ALL-UNNAMED --add-opens=java.base/java.net=ALL-UNNAMED --add-opens=java.base/java.util.concurrent.atomic=ALL-UNNAMED -Xmx2048m -Dfile.encoding=UTF-8 -Duser.country=RU -Duser.language=ru -Duser.variant org.gradle.launcher.daemon.bootstrap.GradleDaemon 7.4

Host: Intel(R) Core(TM) i5-2450M CPU @ 2.50GHz, 4 cores, 7G,  Windows 8.1 , 64 bit Build 9600 (6.3.9600.20389)
Time: Sat Nov 19 19:47:50 2022 RTZ 4 (ceia) elapsed time: 3231.939886 seconds (0d 0h 53m 51s)

---------------  T H R E A D  ---------------

Current thread (0x00000064727fc000):  JavaThread "C2 CompilerThread1" daemon [_thread_in_native, id=2432, stack(0x0000006404260000,0x0000006404360000)]


Current CompileTask:
C2:3231939 19037       4       org.gradle.api.internal.artifacts.ivyservice.resolveengine.artifact.ResolvedArtifactsGraphVisitor::getArtifacts (197 bytes)

Stack: [0x0000006404260000,0x0000006404360000]
Native frames: (J=compiled Java code, j=interpreted, Vv=VM code, C=native code)
V  [jvm.dll+0x6100fa]
V  [jvm.dll+0x747090]
V  [jvm.dll+0x7486ad]
V  [jvm.dll+0x748d83]
V  [jvm.dll+0x24ab48]
V  [jvm.dll+0xc04dc]
V  [jvm.dll+0xc0a0c]
V  [jvm.dll+0x35eb9d]
V  [jvm.dll+0x32b833]
V  [jvm.dll+0x32ad2a]
V  [jvm.dll+0x2032b2]
V  [jvm.dll+0x202437]
V  [jvm.dll+0x188e01]
V  [jvm.dll+0x21106b]
V  [jvm.dll+0x20f8c1]
V  [jvm.dll+0x70de0f]
V  [jvm.dll+0x706a75]
V  [jvm.dll+0x60ed66]
C  [ucrtbase.DLL+0x1f4a0]
C  [KERNEL32.DLL+0x1412]
C  [ntdll.dll+0x15504]


---------------  P R O C E S S  ---------------

Threads class SMR info:
_java_thread_list=0x00000064019c6c40, length=79, elements={
0x0000006455fae000, 0x00000064708de800, 0x00000064708e0000, 0x000000646fea4800,
0x000000646fea5800, 0x000000646fea6800, 0x000000646fea8000, 0x000000646feae000,
0x00000064709a4000, 0x0000006470a95800, 0x0000006472c64800, 0x0000006472daa800,
0x00000064718db000, 0x0000006475106000, 0x0000006475103800, 0x0000006475107000,
0x000000647510a000, 0x00000064785b8000, 0x00000064785b7800, 0x00000064785bb800,
0x00000064785ba800, 0x0000006471c08000, 0x0000006471c0b000, 0x0000006475183000,
0x0000006475105000, 0x0000006475107800, 0x00000064780a8000, 0x00000064780aa000,
0x00000064780a7800, 0x00000064780ab800, 0x00000064780ad000, 0x00000064780aa800,
0x00000064780ac800, 0x00000064780ae000, 0x000000647517f800, 0x0000006475182000,
0x0000006475180800, 0x0000006475185000, 0x00000064727fc000, 0x0000006475186000,
0x0000006475184800, 0x0000006475183800, 0x0000006475187800, 0x0000006475188800,
0x0000006475189800, 0x0000006475187000, 0x000000647518c800, 0x000000647518a000,
0x000000647518d800, 0x000000647518b000, 0x000000647518c000, 0x000000647518e000,
0x0000006471c02000, 0x0000006471c03000, 0x0000006471c04000, 0x0000006471c01800,
0x0000006471c05800, 0x0000006471c06800, 0x0000006471c07000, 0x0000006471c04800,
0x0000006471c08800, 0x0000006471c09800, 0x0000006471c0d000, 0x0000006471c0a800,
0x0000006471c0f800, 0x0000006471c10000, 0x0000006471c0d800, 0x0000006471c0e800,
0x00000064785bc800, 0x00000064785ba000, 0x00000064785bd000, 0x00000064785c0800,
0x00000064785be000, 0x00000064785be800, 0x00000064785c2000, 0x00000064785c1000,
0x00000064785bf800, 0x00000064785c4800, 0x00000064785c5800
}

Java Threads: ( => current thread )
  0x0000006455fae000 JavaThread "main" [_thread_blocked, id=1356, stack(0x0000006455630000,0x0000006455730000)]
  0x00000064708de800 JavaThread "Reference Handler" daemon [_thread_blocked, id=1900, stack(0x0000006470db0000,0x0000006470eb0000)]
  0x00000064708e0000 JavaThread "Finalizer" daemon [_thread_blocked, id=2960, stack(0x0000006470eb0000,0x0000006470fb0000)]
  0x000000646fea4800 JavaThread "Signal Dispatcher" daemon [_thread_blocked, id=3012, stack(0x0000006471090000,0x0000006471190000)]
  0x000000646fea5800 JavaThread "Attach Listener" daemon [_thread_blocked, id=4388, stack(0x0000006471190000,0x0000006471290000)]
  0x000000646fea6800 JavaThread "Service Thread" daemon [_thread_blocked, id=3020, stack(0x0000006471290000,0x0000006471390000)]
  0x000000646fea8000 JavaThread "C2 CompilerThread0" daemon [_thread_in_native, id=4140, stack(0x0000006471390000,0x0000006471490000)]
  0x000000646feae000 JavaThread "C1 CompilerThread0" daemon [_thread_blocked, id=4528, stack(0x0000006471490000,0x0000006471590000)]
  0x00000064709a4000 JavaThread "Sweeper thread" daemon [_thread_blocked, id=4524, stack(0x0000006471590000,0x0000006471690000)]
  0x0000006470a95800 JavaThread "Common-Cleaner" daemon [_thread_blocked, id=3736, stack(0x0000006471690000,0x0000006471790000)]
  0x0000006472c64800 JavaThread "Daemon health stats" [_thread_blocked, id=3704, stack(0x0000006475b50000,0x0000006475c50000)]
  0x0000006472daa800 JavaThread "Incoming local TCP Connector on port 49345" [_thread_in_native, id=3320, stack(0x0000006475c50000,0x0000006475d50000)]
  0x00000064718db000 JavaThread "Daemon periodic checks" [_thread_blocked, id=4672, stack(0x0000006472090000,0x0000006472190000)]
  0x0000006475106000 JavaThread "Cache worker for journal cache (C:\Users\Nadezhda S\.gradle\caches\journal-1)" [_thread_blocked, id=4816, stack(0x0000006477180000,0x0000006477280000)]
  0x0000006475103800 JavaThread "File lock request listener" [_thread_in_native, id=3656, stack(0x0000006477280000,0x0000006477380000)]
  0x0000006475107000 JavaThread "Cache worker for file hash cache (C:\Users\Nadezhda S\.gradle\caches\7.4\fileHashes)" [_thread_blocked, id=4132, stack(0x0000006477380000,0x0000006477480000)]
  0x000000647510a000 JavaThread "Cache worker for execution history cache (C:\Users\Nadezhda S\.gradle\caches\7.4\executionHistory)" [_thread_blocked, id=4656, stack(0x0000006479050000,0x0000006479150000)]
  0x00000064785b8000 JavaThread "jar transforms" [_thread_blocked, id=3152, stack(0x000000647a9b0000,0x000000647aab0000)]
  0x00000064785b7800 JavaThread "Cache worker for file content cache (C:\Users\Nadezhda S\.gradle\caches\7.4\fileContent)" [_thread_blocked, id=3156, stack(0x000000647aab0000,0x000000647abb0000)]
  0x00000064785bb800 JavaThread "jar transforms Thread 2" [_thread_blocked, id=3220, stack(0x000000647adb0000,0x000000647aeb0000)]
  0x00000064785ba800 JavaThread "jar transforms Thread 3" [_thread_blocked, id=1364, stack(0x000000647b490000,0x000000647b590000)]
  0x0000006471c08000 JavaThread "jar transforms Thread 4" [_thread_blocked, id=1264, stack(0x000000647e330000,0x000000647e430000)]
  0x0000006471c0b000 JavaThread "Memory manager" [_thread_blocked, id=880, stack(0x000000647ec30000,0x000000647ed30000)]
  0x0000006475183000 JavaThread "ForkJoinPool.commonPool-worker-3" daemon [_thread_blocked, id=3568, stack(0x0000006403c60000,0x0000006403d60000)]
  0x0000006475105000 JavaThread "Daemon Thread 4" [_thread_blocked, id=3292, stack(0x00000064017d0000,0x00000064018d0000)]
  0x0000006475107800 JavaThread "Daemon worker Thread 4" [_thread_in_Java, id=1144, stack(0x0000006402b60000,0x0000006402c60000)]
  0x00000064780a8000 JavaThread "included builds" [_thread_blocked, id=4284, stack(0x0000006407dd0000,0x0000006407ed0000)]
  0x00000064780aa000 JavaThread "Handler for socket connection from /127.0.0.1:49345 to /127.0.0.1:50460" [_thread_in_native, id=2532, stack(0x0000006402960000,0x0000006402a60000)]
  0x00000064780a7800 JavaThread "Cancel handler" [_thread_blocked, id=1384, stack(0x0000006402a60000,0x0000006402b60000)]
  0x00000064780ab800 JavaThread "Asynchronous log dispatcher for DefaultDaemonConnection: socket connection from /127.0.0.1:49345 to /127.0.0.1:50460" [_thread_blocked, id=4612, stack(0x0000006402e60000,0x0000006402f60000)]
  0x00000064780ad000 JavaThread "Stdin handler" [_thread_blocked, id=4152, stack(0x0000006402f60000,0x0000006403060000)]
  0x00000064780aa800 JavaThread "Daemon client event forwarder" [_thread_blocked, id=1360, stack(0x0000006403460000,0x0000006403560000)]
  0x00000064780ac800 JavaThread "Cache worker for checksums cache (C:\Users\Nadezhda S\AndroidStudioProjects\MFinishProjekt\.gradle\7.4\checksums)" [_thread_blocked, id=1252, stack(0x0000006403960000,0x0000006403a60000)]
  0x00000064780ae000 JavaThread "Cache worker for cache directory md-rule (C:\Users\Nadezhda S\.gradle\caches\7.4\md-rule)" [_thread_blocked, id=3624, stack(0x0000006403d60000,0x0000006403e60000)]
  0x000000647517f800 JavaThread "Cache worker for file hash cache (C:\Users\Nadezhda S\AndroidStudioProjects\MFinishProjekt\.gradle\7.4\fileHashes)" [_thread_blocked, id=4936, stack(0x0000006403e60000,0x0000006403f60000)]
  0x0000006475182000 JavaThread "Cache worker for cache directory md-supplier (C:\Users\Nadezhda S\.gradle\caches\7.4\md-supplier)" [_thread_blocked, id=512, stack(0x0000006403f60000,0x0000006404060000)]
  0x0000006475180800 JavaThread "Cache worker for dependencies-accessors (C:\Users\Nadezhda S\AndroidStudioProjects\MFinishProjekt\.gradle\7.4\dependencies-accessors)" [_thread_blocked, id=4228, stack(0x0000006404060000,0x0000006404160000)]
  0x0000006475185000 JavaThread "Cache worker for Build Output Cleanup Cache (C:\Users\Nadezhda S\AndroidStudioProjects\MFinishProjekt\.gradle\buildOutputCleanup)" [_thread_blocked, id=420, stack(0x0000006404160000,0x0000006404260000)]
=>0x00000064727fc000 JavaThread "C2 CompilerThread1" daemon [_thread_in_native, id=2432, stack(0x0000006404260000,0x0000006404360000)]
  0x0000006475186000 JavaThread "Unconstrained build operations" [_thread_blocked, id=3868, stack(0x0000006404360000,0x0000006404460000)]
  0x0000006475184800 JavaThread "Unconstrained build operations Thread 2" [_thread_blocked, id=1740, stack(0x0000006404460000,0x0000006404560000)]
  0x0000006475183800 JavaThread "Unconstrained build operations Thread 3" [_thread_blocked, id=1052, stack(0x0000006404560000,0x0000006404660000)]
  0x0000006475187800 JavaThread "Unconstrained build operations Thread 4" [_thread_blocked, id=4448, stack(0x0000006404660000,0x0000006404760000)]
  0x0000006475188800 JavaThread "Unconstrained build operations Thread 5" [_thread_blocked, id=4988, stack(0x0000006404760000,0x0000006404860000)]
  0x0000006475189800 JavaThread "Unconstrained build operations Thread 6" [_thread_blocked, id=1540, stack(0x0000006404860000,0x0000006404960000)]
  0x0000006475187000 JavaThread "Unconstrained build operations Thread 7" [_thread_blocked, id=4900, stack(0x0000006404960000,0x0000006404a60000)]
  0x000000647518c800 JavaThread "Unconstrained build operations Thread 8" [_thread_blocked, id=5052, stack(0x0000006405bd0000,0x0000006405cd0000)]
  0x000000647518a000 JavaThread "Unconstrained build operations Thread 9" [_thread_blocked, id=1424, stack(0x0000006405cd0000,0x0000006405dd0000)]
  0x000000647518d800 JavaThread "Unconstrained build operations Thread 10" [_thread_blocked, id=3960, stack(0x0000006405dd0000,0x0000006405ed0000)]
  0x000000647518b000 JavaThread "Unconstrained build operations Thread 11" [_thread_blocked, id=3612, stack(0x0000006405ed0000,0x0000006405fd0000)]
  0x000000647518c000 JavaThread "Unconstrained build operations Thread 12" [_thread_blocked, id=5032, stack(0x0000006405fd0000,0x00000064060d0000)]
  0x000000647518e000 JavaThread "Unconstrained build operations Thread 13" [_thread_blocked, id=5036, stack(0x00000064060d0000,0x00000064061d0000)]
  0x0000006471c02000 JavaThread "Unconstrained build operations Thread 14" [_thread_blocked, id=4856, stack(0x00000064061d0000,0x00000064062d0000)]
  0x0000006471c03000 JavaThread "Unconstrained build operations Thread 15" [_thread_blocked, id=4940, stack(0x00000064062d0000,0x00000064063d0000)]
  0x0000006471c04000 JavaThread "Unconstrained build operations Thread 16" [_thread_blocked, id=604, stack(0x00000064063d0000,0x00000064064d0000)]
  0x0000006471c01800 JavaThread "Unconstrained build operations Thread 17" [_thread_blocked, id=3148, stack(0x00000064064d0000,0x00000064065d0000)]
  0x0000006471c05800 JavaThread "Unconstrained build operations Thread 18" [_thread_blocked, id=1492, stack(0x00000064065d0000,0x00000064066d0000)]
  0x0000006471c06800 JavaThread "Unconstrained build operations Thread 19" [_thread_blocked, id=412, stack(0x00000064066d0000,0x00000064067d0000)]
  0x0000006471c07000 JavaThread "Unconstrained build operations Thread 20" [_thread_blocked, id=972, stack(0x00000064067d0000,0x00000064068d0000)]
  0x0000006471c04800 JavaThread "Unconstrained build operations Thread 21" [_thread_blocked, id=3904, stack(0x00000064068d0000,0x00000064069d0000)]
  0x0000006471c08800 JavaThread "Unconstrained build operations Thread 22" [_thread_blocked, id=864, stack(0x00000064069d0000,0x0000006406ad0000)]
  0x0000006471c09800 JavaThread "Unconstrained build operations Thread 23" [_thread_blocked, id=1824, stack(0x0000006406ad0000,0x0000006406bd0000)]
  0x0000006471c0d000 JavaThread "Unconstrained build operations Thread 24" [_thread_blocked, id=3524, stack(0x0000006406bd0000,0x0000006406cd0000)]
  0x0000006471c0a800 JavaThread "Unconstrained build operations Thread 25" [_thread_blocked, id=668, stack(0x0000006406cd0000,0x0000006406dd0000)]
  0x0000006471c0f800 JavaThread "Unconstrained build operations Thread 26" [_thread_blocked, id=2052, stack(0x0000006406dd0000,0x0000006406ed0000)]
  0x0000006471c10000 JavaThread "Unconstrained build operations Thread 27" [_thread_blocked, id=1836, stack(0x0000006406ed0000,0x0000006406fd0000)]
  0x0000006471c0d800 JavaThread "Unconstrained build operations Thread 28" [_thread_blocked, id=2552, stack(0x0000006406fd0000,0x00000064070d0000)]
  0x0000006471c0e800 JavaThread "Unconstrained build operations Thread 29" [_thread_blocked, id=4644, stack(0x00000064070d0000,0x00000064071d0000)]
  0x00000064785bc800 JavaThread "Unconstrained build operations Thread 30" [_thread_blocked, id=4244, stack(0x00000064071d0000,0x00000064072d0000)]
  0x00000064785ba000 JavaThread "Unconstrained build operations Thread 31" [_thread_blocked, id=1876, stack(0x00000064072d0000,0x00000064073d0000)]
  0x00000064785bd000 JavaThread "Unconstrained build operations Thread 32" [_thread_blocked, id=4888, stack(0x00000064073d0000,0x00000064074d0000)]
  0x00000064785c0800 JavaThread "Unconstrained build operations Thread 33" [_thread_blocked, id=5084, stack(0x00000064074d0000,0x00000064075d0000)]
  0x00000064785be000 JavaThread "Unconstrained build operations Thread 34" [_thread_blocked, id=1536, stack(0x00000064075d0000,0x00000064076d0000)]
  0x00000064785be800 JavaThread "Unconstrained build operations Thread 35" [_thread_blocked, id=3644, stack(0x00000064076d0000,0x00000064077d0000)]
  0x00000064785c2000 JavaThread "Unconstrained build operations Thread 36" [_thread_blocked, id=2716, stack(0x00000064077d0000,0x00000064078d0000)]
  0x00000064785c1000 JavaThread "Unconstrained build operations Thread 37" [_thread_blocked, id=4568, stack(0x00000064078d0000,0x00000064079d0000)]
  0x00000064785bf800 JavaThread "Unconstrained build operations Thread 38" [_thread_blocked, id=3160, stack(0x00000064079d0000,0x0000006407ad0000)]
  0x00000064785c4800 JavaThread "Unconstrained build operations Thread 39" [_thread_blocked, id=3076, stack(0x0000006407ad0000,0x0000006407bd0000)]
  0x00000064785c5800 JavaThread "Unconstrained build operations Thread 40" [_thread_blocked, id=3700, stack(0x0000006407bd0000,0x0000006407cd0000)]

Other Threads:
  0x00000064708d7800 VMThread "VM Thread" [stack: 0x0000006470cb0000,0x0000006470db0000] [id=2372]
  0x0000006470ac6000 WatcherThread [stack: 0x0000006471790000,0x0000006471890000] [id=3864]
  0x0000006455fc6000 GCTaskThread "GC Thread#0" [stack: 0x0000006455910000,0x0000006455a10000] [id=1712]
  0x0000006472088000 GCTaskThread "GC Thread#1" [stack: 0x0000006473160000,0x0000006473260000] [id=4564]
  0x000000647205e800 GCTaskThread "GC Thread#2" [stack: 0x0000006473260000,0x0000006473360000] [id=3300]
  0x0000006474734800 GCTaskThread "GC Thread#3" [stack: 0x0000006476e80000,0x0000006476f80000] [id=4060]
  0x0000006455ff6800 ConcurrentGCThread "G1 Main Marker" [stack: 0x000000646d670000,0x000000646d770000] [id=1880]
  0x0000006455ff8000 ConcurrentGCThread "G1 Conc#0" [stack: 0x000000646d770000,0x000000646d870000] [id=1920]
  0x000000646fd09000 ConcurrentGCThread "G1 Refine#0" [stack: 0x000000646feb0000,0x000000646ffb0000] [id=1708]
  0x000000646fd0a000 ConcurrentGCThread "G1 Young RemSet Sampling" [stack: 0x000000646ffb0000,0x00000064700b0000] [id=1864]

Threads with active compile tasks:
C2 CompilerThread03231978 19049       4       java.lang.Class::privateGetDeclaredConstructors (79 bytes)
C2 CompilerThread13231978 19037       4       org.gradle.api.internal.artifacts.ivyservice.resolveengine.artifact.ResolvedArtifactsGraphVisitor::getArtifacts (197 bytes)

VM state:not at safepoint (normal execution)

VM Mutex/Monitor currently owned by a thread: None

Heap address: 0x0000000080000000, size: 2048 MB, Compressed Oops mode: 32-bit
Narrow klass base: 0x0000000000000000, Narrow klass shift: 3
Compressed class space size: 1073741824 Address: 0x0000000100000000

Heap:
 garbage-first heap   total 227328K, used 163468K [0x0000000080000000, 0x0000000100000000)
  region size 1024K, 62 young (63488K), 2 survivors (2048K)
 Metaspace       used 111615K, capacity 114222K, committed 114332K, reserved 1148928K
  class space    used 13789K, capacity 14772K, committed 14880K, reserved 1048576K
Heap Regions: E=young(eden), S=young(survivor), O=old, HS=humongous(starts), HC=humongous(continues), CS=collection set, F=free, A=archive, TAMS=top-at-mark-start (previous, next)
|   0|0x0000000080000000, 0x0000000080100000, 0x0000000080100000|100%|HS|  |TAMS 0x0000000080100000, 0x0000000080000000| Complete 
|   1|0x0000000080100000, 0x0000000080200000, 0x0000000080200000|100%|HC|  |TAMS 0x0000000080200000, 0x0000000080100000| Complete 
|   2|0x0000000080200000, 0x0000000080300000, 0x0000000080300000|100%|HC|  |TAMS 0x0000000080300000, 0x0000000080200000| Complete 
|   3|0x0000000080300000, 0x0000000080400000, 0x0000000080400000|100%| O|  |TAMS 0x0000000080400000, 0x0000000080300000| Untracked 
|   4|0x0000000080400000, 0x0000000080500000, 0x0000000080500000|100%| O|  |TAMS 0x0000000080500000, 0x0000000080400000| Untracked 
|   5|0x0000000080500000, 0x0000000080600000, 0x0000000080600000|100%| O|  |TAMS 0x0000000080600000, 0x0000000080500000| Untracked 
|   6|0x0000000080600000, 0x0000000080700000, 0x0000000080700000|100%| O|  |TAMS 0x0000000080700000, 0x0000000080600000| Untracked 
|   7|0x0000000080700000, 0x0000000080800000, 0x0000000080800000|100%| O|  |TAMS 0x0000000080800000, 0x0000000080700000| Untracked 
|   8|0x0000000080800000, 0x0000000080900000, 0x0000000080900000|100%| O|  |TAMS 0x0000000080900000, 0x0000000080800000| Untracked 
|   9|0x0000000080900000, 0x0000000080a00000, 0x0000000080a00000|100%| O|  |TAMS 0x0000000080a00000, 0x0000000080900000| Untracked 
|  10|0x0000000080a00000, 0x0000000080b00000, 0x0000000080b00000|100%| O|  |TAMS 0x0000000080b00000, 0x0000000080a00000| Untracked 
|  11|0x0000000080b00000, 0x0000000080c00000, 0x0000000080c00000|100%| O|  |TAMS 0x0000000080c00000, 0x0000000080b00000| Untracked 
|  12|0x0000000080c00000, 0x0000000080d00000, 0x0000000080d00000|100%| O|  |TAMS 0x0000000080d00000, 0x0000000080c00000| Untracked 
|  13|0x0000000080d00000, 0x0000000080e00000, 0x0000000080e00000|100%| O|  |TAMS 0x0000000080e00000, 0x0000000080d00000| Untracked 
|  14|0x0000000080e00000, 0x0000000080f00000, 0x0000000080f00000|100%| O|  |TAMS 0x0000000080f00000, 0x0000000080e00000| Untracked 
|  15|0x0000000080f00000, 0x0000000081000000, 0x0000000081000000|100%| O|  |TAMS 0x0000000081000000, 0x0000000080f00000| Untracked 
|  16|0x0000000081000000, 0x0000000081100000, 0x0000000081100000|100%|HS|  |TAMS 0x0000000081100000, 0x0000000081000000| Complete 
|  17|0x0000000081100000, 0x0000000081200000, 0x0000000081200000|100%| O|  |TAMS 0x0000000081200000, 0x0000000081100000| Untracked 
|  18|0x0000000081200000, 0x0000000081300000, 0x0000000081300000|100%| O|  |TAMS 0x0000000081300000, 0x0000000081200000| Untracked 
|  19|0x0000000081300000, 0x0000000081400000, 0x0000000081400000|100%| O|  |TAMS 0x0000000081400000, 0x0000000081300000| Untracked 
|  20|0x0000000081400000, 0x0000000081500000, 0x0000000081500000|100%| O|  |TAMS 0x0000000081500000, 0x0000000081400000| Untracked 
|  21|0x0000000081500000, 0x0000000081600000, 0x0000000081600000|100%| O|  |TAMS 0x0000000081600000, 0x0000000081500000| Untracked 
|  22|0x0000000081600000, 0x0000000081700000, 0x0000000081700000|100%| O|  |TAMS 0x0000000081600000, 0x0000000081600000| Untracked 
|  23|0x0000000081700000, 0x0000000081800000, 0x0000000081800000|100%|HS|  |TAMS 0x0000000081800000, 0x0000000081700000| Complete 
|  24|0x0000000081800000, 0x0000000081900000, 0x0000000081900000|100%|HS|  |TAMS 0x0000000081900000, 0x0000000081800000| Complete 
|  25|0x0000000081900000, 0x0000000081a00000, 0x0000000081a00000|100%|HS|  |TAMS 0x0000000081a00000, 0x0000000081900000| Complete 
|  26|0x0000000081a00000, 0x0000000081b00000, 0x0000000081b00000|100%|HC|  |TAMS 0x0000000081b00000, 0x0000000081a00000| Complete 
|  27|0x0000000081b00000, 0x0000000081c00000, 0x0000000081c00000|100%|HC|  |TAMS 0x0000000081c00000, 0x0000000081b00000| Complete 
|  28|0x0000000081c00000, 0x0000000081d00000, 0x0000000081d00000|100%| O|  |TAMS 0x0000000081d00000, 0x0000000081c00000| Untracked 
|  29|0x0000000081d00000, 0x0000000081e00000, 0x0000000081e00000|100%|HS|  |TAMS 0x0000000081e00000, 0x0000000081d00000| Complete 
|  30|0x0000000081e00000, 0x0000000081f00000, 0x0000000081f00000|100%|HC|  |TAMS 0x0000000081f00000, 0x0000000081e00000| Complete 
|  31|0x0000000081f00000, 0x0000000082000000, 0x0000000082000000|100%| O|  |TAMS 0x0000000082000000, 0x0000000081f00000| Untracked 
|  32|0x0000000082000000, 0x0000000082100000, 0x0000000082100000|100%| O|  |TAMS 0x0000000082100000, 0x0000000082000000| Untracked 
|  33|0x0000000082100000, 0x0000000082200000, 0x0000000082200000|100%| O|  |TAMS 0x0000000082200000, 0x0000000082100000| Untracked 
|  34|0x0000000082200000, 0x0000000082300000, 0x0000000082300000|100%| O|  |TAMS 0x0000000082300000, 0x0000000082200000| Untracked 
|  35|0x0000000082300000, 0x0000000082400000, 0x0000000082400000|100%| O|  |TAMS 0x0000000082400000, 0x0000000082300000| Untracked 
|  36|0x0000000082400000, 0x0000000082500000, 0x0000000082500000|100%| O|  |TAMS 0x0000000082500000, 0x0000000082400000| Untracked 
|  37|0x0000000082500000, 0x0000000082600000, 0x0000000082600000|100%| O|  |TAMS 0x0000000082600000, 0x0000000082500000| Untracked 
|  38|0x0000000082600000, 0x0000000082700000, 0x0000000082700000|100%| O|  |TAMS 0x0000000082700000, 0x0000000082600000| Untracked 
|  39|0x0000000082700000, 0x0000000082800000, 0x0000000082800000|100%| O|  |TAMS 0x0000000082800000, 0x0000000082700000| Untracked 
|  40|0x0000000082800000, 0x0000000082900000, 0x0000000082900000|100%| O|  |TAMS 0x0000000082900000, 0x0000000082800000| Untracked 
|  41|0x0000000082900000, 0x0000000082a00000, 0x0000000082a00000|100%| O|  |TAMS 0x0000000082a00000, 0x0000000082900000| Untracked 
|  42|0x0000000082a00000, 0x0000000082b00000, 0x0000000082b00000|100%| O|  |TAMS 0x0000000082b00000, 0x0000000082a00000| Untracked 
|  43|0x0000000082b00000, 0x0000000082c00000, 0x0000000082c00000|100%| O|  |TAMS 0x0000000082c00000, 0x0000000082b00000| Untracked 
|  44|0x0000000082c00000, 0x0000000082d00000, 0x0000000082d00000|100%| O|  |TAMS 0x0000000082d00000, 0x0000000082c00000| Untracked 
|  45|0x0000000082d00000, 0x0000000082e00000, 0x0000000082e00000|100%| O|  |TAMS 0x0000000082d00000, 0x0000000082d00000| Untracked 
|  46|0x0000000082e00000, 0x0000000082f00000, 0x0000000082f00000|100%| O|  |TAMS 0x0000000082e00000, 0x0000000082e00000| Untracked 
|  47|0x0000000082f00000, 0x0000000083000000, 0x0000000083000000|100%| O|  |TAMS 0x0000000083000000, 0x0000000082f00000| Untracked 
|  48|0x0000000083000000, 0x0000000083100000, 0x0000000083100000|100%| O|  |TAMS 0x0000000083100000, 0x0000000083000000| Untracked 
|  49|0x0000000083100000, 0x0000000083200000, 0x0000000083200000|100%| O|  |TAMS 0x0000000083200000, 0x0000000083100000| Untracked 
|  50|0x0000000083200000, 0x0000000083300000, 0x0000000083300000|100%| O|  |TAMS 0x0000000083300000, 0x0000000083200000| Untracked 
|  51|0x0000000083300000, 0x0000000083400000, 0x0000000083400000|100%| O|  |TAMS 0x0000000083400000, 0x0000000083300000| Untracked 
|  52|0x0000000083400000, 0x0000000083500000, 0x0000000083500000|100%| O|  |TAMS 0x0000000083400000, 0x0000000083400000| Untracked 
|  53|0x0000000083500000, 0x0000000083600000, 0x0000000083600000|100%| O|  |TAMS 0x0000000083500000, 0x0000000083500000| Untracked 
|  54|0x0000000083600000, 0x0000000083700000, 0x0000000083700000|100%| O|  |TAMS 0x0000000083600000, 0x0000000083600000| Untracked 
|  55|0x0000000083700000, 0x0000000083800000, 0x0000000083800000|100%| O|  |TAMS 0x0000000083800000, 0x0000000083700000| Untracked 
|  56|0x0000000083800000, 0x0000000083900000, 0x0000000083900000|100%| O|  |TAMS 0x0000000083900000, 0x0000000083800000| Untracked 
|  57|0x0000000083900000, 0x0000000083a00000, 0x0000000083a00000|100%| O|  |TAMS 0x0000000083a00000, 0x0000000083900000| Untracked 
|  58|0x0000000083a00000, 0x0000000083b00000, 0x0000000083b00000|100%| O|  |TAMS 0x0000000083a00000, 0x0000000083a00000| Untracked 
|  59|0x0000000083b00000, 0x0000000083c00000, 0x0000000083c00000|100%| O|  |TAMS 0x0000000083c00000, 0x0000000083b00000| Untracked 
|  60|0x0000000083c00000, 0x0000000083d00000, 0x0000000083d00000|100%| O|  |TAMS 0x0000000083d00000, 0x0000000083c00000| Untracked 
|  61|0x0000000083d00000, 0x0000000083e00000, 0x0000000083e00000|100%| O|  |TAMS 0x0000000083d00000, 0x0000000083d00000| Untracked 
|  62|0x0000000083e00000, 0x0000000083f00000, 0x0000000083f00000|100%| O|  |TAMS 0x0000000083f00000, 0x0000000083e00000| Untracked 
|  63|0x0000000083f00000, 0x0000000083fca000, 0x0000000084000000| 78%| O|  |TAMS 0x0000000083f00000, 0x0000000083f00000| Untracked 
|  64|0x0000000084000000, 0x0000000084000000, 0x0000000084100000|  0%| F|  |TAMS 0x0000000084000000, 0x0000000084000000| Untracked 
|  65|0x0000000084100000, 0x0000000084100000, 0x0000000084200000|  0%| F|  |TAMS 0x0000000084100000, 0x0000000084100000| Untracked 
|  66|0x0000000084200000, 0x0000000084300000, 0x0000000084300000|100%| O|  |TAMS 0x0000000084300000, 0x0000000084200000| Untracked 
|  67|0x0000000084300000, 0x0000000084400000, 0x0000000084400000|100%| O|  |TAMS 0x0000000084400000, 0x0000000084300000| Untracked 
|  68|0x0000000084400000, 0x0000000084500000, 0x0000000084500000|100%| O|  |TAMS 0x0000000084500000, 0x0000000084400000| Untracked 
|  69|0x0000000084500000, 0x0000000084600000, 0x0000000084600000|100%| O|  |TAMS 0x0000000084600000, 0x0000000084500000| Untracked 
|  70|0x0000000084600000, 0x0000000084600000, 0x0000000084700000|  0%| F|  |TAMS 0x0000000084600000, 0x0000000084600000| Untracked 
|  71|0x0000000084700000, 0x0000000084700000, 0x0000000084800000|  0%| F|  |TAMS 0x0000000084700000, 0x0000000084700000| Untracked 
|  72|0x0000000084800000, 0x0000000084800000, 0x0000000084900000|  0%| F|  |TAMS 0x0000000084800000, 0x0000000084800000| Untracked 
|  73|0x0000000084900000, 0x0000000084900000, 0x0000000084a00000|  0%| F|  |TAMS 0x0000000084900000, 0x0000000084900000| Untracked 
|  74|0x0000000084a00000, 0x0000000084a00000, 0x0000000084b00000|  0%| F|  |TAMS 0x0000000084a00000, 0x0000000084a00000| Untracked 
|  75|0x0000000084b00000, 0x0000000084c00000, 0x0000000084c00000|100%| O|  |TAMS 0x0000000084c00000, 0x0000000084b00000| Untracked 
|  76|0x0000000084c00000, 0x0000000084d00000, 0x0000000084d00000|100%| O|  |TAMS 0x0000000084d00000, 0x0000000084c00000| Untracked 
|  77|0x0000000084d00000, 0x0000000084e00000, 0x0000000084e00000|100%| O|  |TAMS 0x0000000084e00000, 0x0000000084d00000| Untracked 
|  78|0x0000000084e00000, 0x0000000084f00000, 0x0000000084f00000|100%| O|  |TAMS 0x0000000084f00000, 0x0000000084e00000| Untracked 
|  79|0x0000000084f00000, 0x0000000084f00000, 0x0000000085000000|  0%| F|  |TAMS 0x0000000084f00000, 0x0000000084f00000| Untracked 
|  80|0x0000000085000000, 0x0000000085100000, 0x0000000085100000|100%| O|  |TAMS 0x0000000085100000, 0x0000000085000000| Untracked 
|  81|0x0000000085100000, 0x0000000085100000, 0x0000000085200000|  0%| F|  |TAMS 0x0000000085100000, 0x0000000085100000| Untracked 
|  82|0x0000000085200000, 0x0000000085200000, 0x0000000085300000|  0%| F|  |TAMS 0x0000000085200000, 0x0000000085200000| Untracked 
|  83|0x0000000085300000, 0x0000000085400000, 0x0000000085400000|100%| O|  |TAMS 0x0000000085400000, 0x0000000085300000| Untracked 
|  84|0x0000000085400000, 0x0000000085500000, 0x0000000085500000|100%| O|  |TAMS 0x0000000085500000, 0x0000000085400000| Untracked 
|  85|0x0000000085500000, 0x0000000085500000, 0x0000000085600000|  0%| F|  |TAMS 0x0000000085500000, 0x0000000085500000| Untracked 
|  86|0x0000000085600000, 0x0000000085600000, 0x0000000085700000|  0%| F|  |TAMS 0x0000000085600000, 0x0000000085600000| Untracked 
|  87|0x0000000085700000, 0x0000000085800000, 0x0000000085800000|100%| O|  |TAMS 0x0000000085800000, 0x0000000085700000| Untracked 
|  88|0x0000000085800000, 0x0000000085900000, 0x0000000085900000|100%| O|  |TAMS 0x0000000085900000, 0x0000000085800000| Untracked 
|  89|0x0000000085900000, 0x0000000085900000, 0x0000000085a00000|  0%| F|  |TAMS 0x0000000085900000, 0x0000000085900000| Untracked 
|  90|0x0000000085a00000, 0x0000000085a00000, 0x0000000085b00000|  0%| F|  |TAMS 0x0000000085a00000, 0x0000000085a00000| Untracked 
|  91|0x0000000085b00000, 0x0000000085c00000, 0x0000000085c00000|100%| O|  |TAMS 0x0000000085c00000, 0x0000000085b00000| Untracked 
|  92|0x0000000085c00000, 0x0000000085d00000, 0x0000000085d00000|100%| O|  |TAMS 0x0000000085d00000, 0x0000000085c00000| Untracked 
|  93|0x0000000085d00000, 0x0000000085e00000, 0x0000000085e00000|100%| O|  |TAMS 0x0000000085e00000, 0x0000000085d00000| Untracked 
|  94|0x0000000085e00000, 0x0000000085f00000, 0x0000000085f00000|100%| O|  |TAMS 0x0000000085f00000, 0x0000000085e00000| Untracked 
|  95|0x0000000085f00000, 0x0000000086000000, 0x0000000086000000|100%| O|  |TAMS 0x0000000086000000, 0x0000000085f00000| Untracked 
|  96|0x0000000086000000, 0x0000000086100000, 0x0000000086100000|100%| O|  |TAMS 0x0000000086100000, 0x0000000086000000| Untracked 
|  97|0x0000000086100000, 0x0000000086200000, 0x0000000086200000|100%| O|  |TAMS 0x00000000861aaa00, 0x0000000086100000| Untracked 
|  98|0x0000000086200000, 0x0000000086300000, 0x0000000086300000|100%| O|  |TAMS 0x0000000086200000, 0x0000000086200000| Untracked 
|  99|0x0000000086300000, 0x0000000086400000, 0x0000000086400000|100%| O|  |TAMS 0x0000000086400000, 0x0000000086300000| Untracked 
| 100|0x0000000086400000, 0x0000000086400000, 0x0000000086500000|  0%| F|  |TAMS 0x0000000086400000, 0x0000000086400000| Untracked 
| 101|0x0000000086500000, 0x0000000086500000, 0x0000000086600000|  0%| F|  |TAMS 0x0000000086500000, 0x0000000086500000| Untracked 
| 102|0x0000000086600000, 0x0000000086600000, 0x0000000086700000|  0%| F|  |TAMS 0x0000000086600000, 0x0000000086600000| Untracked 
| 103|0x0000000086700000, 0x0000000086800000, 0x0000000086800000|100%| O|  |TAMS 0x0000000086700000, 0x0000000086700000| Untracked 
| 104|0x0000000086800000, 0x0000000086900000, 0x0000000086900000|100%| O|  |TAMS 0x0000000086800000, 0x0000000086800000| Untracked 
| 105|0x0000000086900000, 0x0000000086a00000, 0x0000000086a00000|100%| O|  |TAMS 0x0000000086900000, 0x0000000086900000| Untracked 
| 106|0x0000000086a00000, 0x0000000086b00000, 0x0000000086b00000|100%| O|  |TAMS 0x0000000086a00000, 0x0000000086a00000| Untracked 
| 107|0x0000000086b00000, 0x0000000086c00000, 0x0000000086c00000|100%| O|  |TAMS 0x0000000086b00000, 0x0000000086b00000| Untracked 
| 108|0x0000000086c00000, 0x0000000086d00000, 0x0000000086d00000|100%| O|  |TAMS 0x0000000086c00000, 0x0000000086c00000| Untracked 
| 109|0x0000000086d00000, 0x0000000086e00000, 0x0000000086e00000|100%| O|  |TAMS 0x0000000086d00000, 0x0000000086d00000| Untracked 
| 110|0x0000000086e00000, 0x0000000086f00000, 0x0000000086f00000|100%| O|  |TAMS 0x0000000086e00000, 0x0000000086e00000| Untracked 
| 111|0x0000000086f00000, 0x0000000087000000, 0x0000000087000000|100%| O|  |TAMS 0x0000000086f00000, 0x0000000086f00000| Untracked 
| 112|0x0000000087000000, 0x0000000087100000, 0x0000000087100000|100%| O|  |TAMS 0x0000000087000000, 0x0000000087000000| Untracked 
| 113|0x0000000087100000, 0x0000000087200000, 0x0000000087200000|100%| O|  |TAMS 0x0000000087200000, 0x0000000087100000| Untracked 
| 114|0x0000000087200000, 0x0000000087300000, 0x0000000087300000|100%| O|  |TAMS 0x0000000087300000, 0x0000000087200000| Untracked 
| 115|0x0000000087300000, 0x0000000087400000, 0x0000000087400000|100%| O|  |TAMS 0x0000000087400000, 0x0000000087300000| Untracked 
| 116|0x0000000087400000, 0x0000000087400000, 0x0000000087500000|  0%| F|  |TAMS 0x0000000087400000, 0x0000000087400000| Untracked 
| 117|0x0000000087500000, 0x0000000087500000, 0x0000000087600000|  0%| F|  |TAMS 0x0000000087500000, 0x0000000087500000| Untracked 
| 118|0x0000000087600000, 0x0000000087700000, 0x0000000087700000|100%| O|  |TAMS 0x0000000087600000, 0x0000000087600000| Untracked 
| 119|0x0000000087700000, 0x0000000087700000, 0x0000000087800000|  0%| F|  |TAMS 0x0000000087700000, 0x0000000087700000| Untracked 
| 120|0x0000000087800000, 0x0000000087800000, 0x0000000087900000|  0%| F|  |TAMS 0x0000000087800000, 0x0000000087800000| Untracked 
| 121|0x0000000087900000, 0x0000000087900000, 0x0000000087a00000|  0%| F|  |TAMS 0x0000000087900000, 0x0000000087900000| Untracked 
| 122|0x0000000087a00000, 0x0000000087a00000, 0x0000000087b00000|  0%| F|  |TAMS 0x0000000087a00000, 0x0000000087a00000| Untracked 
| 123|0x0000000087b00000, 0x0000000087b00000, 0x0000000087c00000|  0%| F|  |TAMS 0x0000000087b00000, 0x0000000087b00000| Untracked 
| 124|0x0000000087c00000, 0x0000000087c00000, 0x0000000087d00000|  0%| F|  |TAMS 0x0000000087c00000, 0x0000000087c00000| Untracked 
| 125|0x0000000087d00000, 0x0000000087d00000, 0x0000000087e00000|  0%| F|  |TAMS 0x0000000087d00000, 0x0000000087d00000| Untracked 
| 126|0x0000000087e00000, 0x0000000087e00000, 0x0000000087f00000|  0%| F|  |TAMS 0x0000000087e00000, 0x0000000087e00000| Untracked 
| 127|0x0000000087f00000, 0x0000000087f00000, 0x0000000088000000|  0%| F|  |TAMS 0x0000000087f00000, 0x0000000087f00000| Untracked 
| 128|0x0000000088000000, 0x0000000088000000, 0x0000000088100000|  0%| F|  |TAMS 0x0000000088000000, 0x0000000088000000| Untracked 
| 129|0x0000000088100000, 0x0000000088100000, 0x0000000088200000|  0%| F|  |TAMS 0x0000000088100000, 0x0000000088100000| Untracked 
| 130|0x0000000088200000, 0x0000000088200000, 0x0000000088300000|  0%| F|  |TAMS 0x0000000088200000, 0x0000000088200000| Untracked 
| 131|0x0000000088300000, 0x0000000088300000, 0x0000000088400000|  0%| F|  |TAMS 0x0000000088300000, 0x0000000088300000| Untracked 
| 132|0x0000000088400000, 0x0000000088400000, 0x0000000088500000|  0%| F|  |TAMS 0x0000000088400000, 0x0000000088400000| Untracked 
| 133|0x0000000088500000, 0x0000000088500000, 0x0000000088600000|  0%| F|  |TAMS 0x0000000088500000, 0x0000000088500000| Untracked 
| 134|0x0000000088600000, 0x0000000088600000, 0x0000000088700000|  0%| F|  |TAMS 0x0000000088600000, 0x0000000088600000| Untracked 
| 135|0x0000000088700000, 0x0000000088700000, 0x0000000088800000|  0%| F|  |TAMS 0x0000000088700000, 0x0000000088700000| Untracked 
| 136|0x0000000088800000, 0x0000000088800000, 0x0000000088900000|  0%| F|  |TAMS 0x0000000088800000, 0x0000000088800000| Untracked 
| 137|0x0000000088900000, 0x0000000088900000, 0x0000000088a00000|  0%| F|  |TAMS 0x0000000088900000, 0x0000000088900000| Untracked 
| 138|0x0000000088a00000, 0x0000000088a00000, 0x0000000088b00000|  0%| F|  |TAMS 0x0000000088a00000, 0x0000000088a00000| Untracked 
| 139|0x0000000088b00000, 0x0000000088b00000, 0x0000000088c00000|  0%| F|  |TAMS 0x0000000088b00000, 0x0000000088b00000| Untracked 
| 140|0x0000000088c00000, 0x0000000088c00000, 0x0000000088d00000|  0%| F|  |TAMS 0x0000000088c00000, 0x0000000088c00000| Untracked 
| 141|0x0000000088d00000, 0x0000000088d00000, 0x0000000088e00000|  0%| F|  |TAMS 0x0000000088d00000, 0x0000000088d00000| Untracked 
| 142|0x0000000088e00000, 0x0000000088e00000, 0x0000000088f00000|  0%| F|  |TAMS 0x0000000088e00000, 0x0000000088e00000| Untracked 
| 143|0x0000000088f00000, 0x0000000088f00000, 0x0000000089000000|  0%| F|  |TAMS 0x0000000088f00000, 0x0000000088f00000| Untracked 
| 144|0x0000000089000000, 0x00000000890d9100, 0x0000000089100000| 84%| S|CS|TAMS 0x0000000089000000, 0x0000000089000000| Complete 
| 145|0x0000000089100000, 0x0000000089200000, 0x0000000089200000|100%| S|CS|TAMS 0x0000000089100000, 0x0000000089100000| Complete 
| 146|0x0000000089200000, 0x0000000089200000, 0x0000000089300000|  0%| F|  |TAMS 0x0000000089200000, 0x0000000089200000| Untracked 
| 147|0x0000000089300000, 0x0000000089300000, 0x0000000089400000|  0%| F|  |TAMS 0x0000000089300000, 0x0000000089300000| Untracked 
| 148|0x0000000089400000, 0x0000000089400000, 0x0000000089500000|  0%| F|  |TAMS 0x0000000089400000, 0x0000000089400000| Untracked 
| 149|0x0000000089500000, 0x0000000089500000, 0x0000000089600000|  0%| F|  |TAMS 0x0000000089500000, 0x0000000089500000| Untracked 
| 150|0x0000000089600000, 0x0000000089600000, 0x0000000089700000|  0%| F|  |TAMS 0x0000000089600000, 0x0000000089600000| Untracked 
| 151|0x0000000089700000, 0x0000000089700000, 0x0000000089800000|  0%| F|  |TAMS 0x0000000089700000, 0x0000000089700000| Untracked 
| 152|0x0000000089800000, 0x0000000089800000, 0x0000000089900000|  0%| F|  |TAMS 0x0000000089800000, 0x0000000089800000| Untracked 
| 153|0x0000000089900000, 0x0000000089900000, 0x0000000089a00000|  0%| F|  |TAMS 0x0000000089900000, 0x0000000089900000| Untracked 
| 154|0x0000000089a00000, 0x0000000089a00000, 0x0000000089b00000|  0%| F|  |TAMS 0x0000000089a00000, 0x0000000089a00000| Untracked 
| 155|0x0000000089b00000, 0x0000000089b00000, 0x0000000089c00000|  0%| F|  |TAMS 0x0000000089b00000, 0x0000000089b00000| Untracked 
| 156|0x0000000089c00000, 0x0000000089c00000, 0x0000000089d00000|  0%| F|  |TAMS 0x0000000089c00000, 0x0000000089c00000| Untracked 
| 157|0x0000000089d00000, 0x0000000089d00000, 0x0000000089e00000|  0%| F|  |TAMS 0x0000000089d00000, 0x0000000089d00000| Untracked 
| 158|0x0000000089e00000, 0x0000000089e00000, 0x0000000089f00000|  0%| F|  |TAMS 0x0000000089e00000, 0x0000000089e00000| Untracked 
| 159|0x0000000089f00000, 0x0000000089f00000, 0x000000008a000000|  0%| F|  |TAMS 0x0000000089f00000, 0x0000000089f00000| Untracked 
| 160|0x000000008a000000, 0x000000008a000000, 0x000000008a100000|  0%| F|  |TAMS 0x000000008a000000, 0x000000008a000000| Untracked 
| 161|0x000000008a100000, 0x000000008a117d80, 0x000000008a200000|  9%| E|  |TAMS 0x000000008a100000, 0x000000008a100000| Complete 
| 162|0x000000008a200000, 0x000000008a300000, 0x000000008a300000|100%| E|CS|TAMS 0x000000008a200000, 0x000000008a200000| Complete 
| 163|0x000000008a300000, 0x000000008a400000, 0x000000008a400000|100%| E|  |TAMS 0x000000008a300000, 0x000000008a300000| Complete 
| 164|0x000000008a400000, 0x000000008a500000, 0x000000008a500000|100%| E|CS|TAMS 0x000000008a400000, 0x000000008a400000| Complete 
| 165|0x000000008a500000, 0x000000008a600000, 0x000000008a600000|100%| E|CS|TAMS 0x000000008a500000, 0x000000008a500000| Complete 
| 166|0x000000008a600000, 0x000000008a700000, 0x000000008a700000|100%| E|CS|TAMS 0x000000008a600000, 0x000000008a600000| Complete 
| 167|0x000000008a700000, 0x000000008a800000, 0x000000008a800000|100%| E|CS|TAMS 0x000000008a700000, 0x000000008a700000| Complete 
| 168|0x000000008a800000, 0x000000008a900000, 0x000000008a900000|100%| E|CS|TAMS 0x000000008a800000, 0x000000008a800000| Complete 
| 169|0x000000008a900000, 0x000000008aa00000, 0x000000008aa00000|100%| E|CS|TAMS 0x000000008a900000, 0x000000008a900000| Complete 
| 170|0x000000008aa00000, 0x000000008ab00000, 0x000000008ab00000|100%| E|CS|TAMS 0x000000008aa00000, 0x000000008aa00000| Complete 
| 171|0x000000008ab00000, 0x000000008ac00000, 0x000000008ac00000|100%| E|CS|TAMS 0x000000008ab00000, 0x000000008ab00000| Complete 
| 172|0x000000008ac00000, 0x000000008ad00000, 0x000000008ad00000|100%| E|CS|TAMS 0x000000008ac00000, 0x000000008ac00000| Complete 
| 173|0x000000008ad00000, 0x000000008ae00000, 0x000000008ae00000|100%| E|CS|TAMS 0x000000008ad00000, 0x000000008ad00000| Complete 
| 174|0x000000008ae00000, 0x000000008af00000, 0x000000008af00000|100%| E|CS|TAMS 0x000000008ae00000, 0x000000008ae00000| Complete 
| 175|0x000000008af00000, 0x000000008b000000, 0x000000008b000000|100%| E|CS|TAMS 0x000000008af00000, 0x000000008af00000| Complete 
| 176|0x000000008b000000, 0x000000008b100000, 0x000000008b100000|100%| E|CS|TAMS 0x000000008b000000, 0x000000008b000000| Complete 
| 177|0x000000008b100000, 0x000000008b200000, 0x000000008b200000|100%| E|CS|TAMS 0x000000008b100000, 0x000000008b100000| Complete 
| 178|0x000000008b200000, 0x000000008b300000, 0x000000008b300000|100%| E|CS|TAMS 0x000000008b200000, 0x000000008b200000| Complete 
| 179|0x000000008b300000, 0x000000008b400000, 0x000000008b400000|100%| E|CS|TAMS 0x000000008b300000, 0x000000008b300000| Complete 
| 180|0x000000008b400000, 0x000000008b500000, 0x000000008b500000|100%| E|CS|TAMS 0x000000008b400000, 0x000000008b400000| Complete 
| 181|0x000000008b500000, 0x000000008b600000, 0x000000008b600000|100%| E|CS|TAMS 0x000000008b500000, 0x000000008b500000| Complete 
| 182|0x000000008b600000, 0x000000008b700000, 0x000000008b700000|100%| E|CS|TAMS 0x000000008b600000, 0x000000008b600000| Complete 
| 183|0x000000008b700000, 0x000000008b800000, 0x000000008b800000|100%| E|CS|TAMS 0x000000008b700000, 0x000000008b700000| Complete 
| 184|0x000000008b800000, 0x000000008b900000, 0x000000008b900000|100%| E|CS|TAMS 0x000000008b800000, 0x000000008b800000| Complete 
| 185|0x000000008b900000, 0x000000008ba00000, 0x000000008ba00000|100%| E|CS|TAMS 0x000000008b900000, 0x000000008b900000| Complete 
| 186|0x000000008ba00000, 0x000000008bb00000, 0x000000008bb00000|100%| E|CS|TAMS 0x000000008ba00000, 0x000000008ba00000| Complete 
| 187|0x000000008bb00000, 0x000000008bc00000, 0x000000008bc00000|100%| E|CS|TAMS 0x000000008bb00000, 0x000000008bb00000| Complete 
| 188|0x000000008bc00000, 0x000000008bd00000, 0x000000008bd00000|100%| E|CS|TAMS 0x000000008bc00000, 0x000000008bc00000| Complete 
| 189|0x000000008bd00000, 0x000000008be00000, 0x000000008be00000|100%| E|CS|TAMS 0x000000008bd00000, 0x000000008bd00000| Complete 
| 190|0x000000008be00000, 0x000000008bf00000, 0x000000008bf00000|100%| E|CS|TAMS 0x000000008be00000, 0x000000008be00000| Complete 
| 191|0x000000008bf00000, 0x000000008c000000, 0x000000008c000000|100%| E|CS|TAMS 0x000000008bf00000, 0x000000008bf00000| Complete 
| 192|0x000000008c000000, 0x000000008c100000, 0x000000008c100000|100%| E|CS|TAMS 0x000000008c000000, 0x000000008c000000| Complete 
| 193|0x000000008c100000, 0x000000008c200000, 0x000000008c200000|100%| E|CS|TAMS 0x000000008c100000, 0x000000008c100000| Complete 
| 194|0x000000008c200000, 0x000000008c300000, 0x000000008c300000|100%| E|CS|TAMS 0x000000008c200000, 0x000000008c200000| Complete 
| 195|0x000000008c300000, 0x000000008c400000, 0x000000008c400000|100%| E|CS|TAMS 0x000000008c300000, 0x000000008c300000| Complete 
| 196|0x000000008c400000, 0x000000008c500000, 0x000000008c500000|100%| E|CS|TAMS 0x000000008c400000, 0x000000008c400000| Complete 
| 197|0x000000008c500000, 0x000000008c600000, 0x000000008c600000|100%| E|CS|TAMS 0x000000008c500000, 0x000000008c500000| Complete 
| 198|0x000000008c600000, 0x000000008c700000, 0x000000008c700000|100%| E|CS|TAMS 0x000000008c600000, 0x000000008c600000| Complete 
| 199|0x000000008c700000, 0x000000008c800000, 0x000000008c800000|100%| E|CS|TAMS 0x000000008c700000, 0x000000008c700000| Complete 
| 200|0x000000008c800000, 0x000000008c900000, 0x000000008c900000|100%| E|CS|TAMS 0x000000008c800000, 0x000000008c800000| Complete 
| 201|0x000000008c900000, 0x000000008ca00000, 0x000000008ca00000|100%| E|CS|TAMS 0x000000008c900000, 0x000000008c900000| Complete 
| 202|0x000000008ca00000, 0x000000008cb00000, 0x000000008cb00000|100%| E|CS|TAMS 0x000000008ca00000, 0x000000008ca00000| Complete 
| 203|0x000000008cb00000, 0x000000008cc00000, 0x000000008cc00000|100%| E|CS|TAMS 0x000000008cb00000, 0x000000008cb00000| Complete 
| 204|0x000000008cc00000, 0x000000008cd00000, 0x000000008cd00000|100%| E|CS|TAMS 0x000000008cc00000, 0x000000008cc00000| Complete 
| 205|0x000000008cd00000, 0x000000008ce00000, 0x000000008ce00000|100%| E|CS|TAMS 0x000000008cd00000, 0x000000008cd00000| Complete 
| 206|0x000000008ce00000, 0x000000008cf00000, 0x000000008cf00000|100%| E|CS|TAMS 0x000000008ce00000, 0x000000008ce00000| Complete 
| 207|0x000000008cf00000, 0x000000008d000000, 0x000000008d000000|100%| E|CS|TAMS 0x000000008cf00000, 0x000000008cf00000| Complete 
| 208|0x000000008d000000, 0x000000008d100000, 0x000000008d100000|100%| E|CS|TAMS 0x000000008d000000, 0x000000008d000000| Complete 
| 209|0x000000008d100000, 0x000000008d200000, 0x000000008d200000|100%| E|CS|TAMS 0x000000008d100000, 0x000000008d100000| Complete 
| 210|0x000000008d200000, 0x000000008d300000, 0x000000008d300000|100%| E|CS|TAMS 0x000000008d200000, 0x000000008d200000| Complete 
| 211|0x000000008d300000, 0x000000008d400000, 0x000000008d400000|100%| E|CS|TAMS 0x000000008d300000, 0x000000008d300000| Complete 
| 212|0x000000008d400000, 0x000000008d500000, 0x000000008d500000|100%| E|CS|TAMS 0x000000008d400000, 0x000000008d400000| Complete 
| 213|0x000000008d500000, 0x000000008d600000, 0x000000008d600000|100%| E|CS|TAMS 0x000000008d500000, 0x000000008d500000| Complete 
| 214|0x000000008d600000, 0x000000008d700000, 0x000000008d700000|100%| E|CS|TAMS 0x000000008d600000, 0x000000008d600000| Complete 
| 215|0x000000008d700000, 0x000000008d800000, 0x000000008d800000|100%| E|CS|TAMS 0x000000008d700000, 0x000000008d700000| Complete 
| 216|0x000000008d800000, 0x000000008d900000, 0x000000008d900000|100%| E|CS|TAMS 0x000000008d800000, 0x000000008d800000| Complete 
| 217|0x000000008d900000, 0x000000008da00000, 0x000000008da00000|100%| E|CS|TAMS 0x000000008d900000, 0x000000008d900000| Complete 
| 218|0x000000008da00000, 0x000000008db00000, 0x000000008db00000|100%| E|CS|TAMS 0x000000008da00000, 0x000000008da00000| Complete 
| 219|0x000000008db00000, 0x000000008dc00000, 0x000000008dc00000|100%| E|CS|TAMS 0x000000008db00000, 0x000000008db00000| Complete 
| 220|0x000000008dc00000, 0x000000008dd00000, 0x000000008dd00000|100%| E|CS|TAMS 0x000000008dc00000, 0x000000008dc00000| Complete 
| 221|0x000000008dd00000, 0x000000008de00000, 0x000000008de00000|100%| E|CS|TAMS 0x000000008dd00000, 0x000000008dd00000| Complete 

Card table byte_map: [0x0000006468e70000,0x0000006469270000] _byte_map_base: 0x0000006468a70000

Marking Bits (Prev, Next): (CMBitMap*) 0x0000006455feda58, (CMBitMap*) 0x0000006455feda90
 Prev Bits: [0x0000006469670000, 0x000000646b670000)
 Next Bits: [0x000000646b670000, 0x000000646d670000)

Polling page: 0x0000006453dc0000

Metaspace:

Usage:
  Non-class:     97.12 MB capacity,    95.53 MB ( 98%) used,     1.27 MB (  1%) free+waste,   322.88 KB ( <1%) overhead. 
      Class:     14.43 MB capacity,    13.47 MB ( 93%) used,   843.30 KB (  6%) free+waste,   138.81 KB ( <1%) overhead. 
       Both:    111.54 MB capacity,   109.00 MB ( 98%) used,     2.09 MB (  2%) free+waste,   461.69 KB ( <1%) overhead. 

Virtual space:
  Non-class space:       98.00 MB reserved,      97.12 MB (>99%) committed 
      Class space:        1.00 GB reserved,      14.53 MB (  1%) committed 
             Both:        1.10 GB reserved,     111.65 MB ( 10%) committed 

Chunk freelists:
   Non-Class:  2.00 KB
       Class:  0 bytes
        Both:  2.00 KB

MaxMetaspaceSize: 17179869184.00 GB
CompressedClassSpaceSize: 1.00 GB
Initial GC threshold: 20.80 MB
Current GC threshold: 168.17 MB
CDS: off

CodeHeap 'non-profiled nmethods': size=120064Kb used=13929Kb max_used=14370Kb free=106134Kb
 bounds [0x0000006461530000, 0x0000006462340000, 0x0000006468a70000]
CodeHeap 'profiled nmethods': size=120000Kb used=38369Kb max_used=40670Kb free=81630Kb
 bounds [0x000000645a000000, 0x000000645c7c0000, 0x0000006461530000]
CodeHeap 'non-nmethods': size=5696Kb used=2435Kb max_used=2494Kb free=3260Kb
 bounds [0x0000006459a70000, 0x0000006459d00000, 0x000000645a000000]
 total_blobs=18360 nmethods=17394 adapters=877
 compilation: enabled
              stopped_count=0, restarted_count=0
 full_count=0

Compilation events (20 events):
Event: 3231.476 Thread 0x000000646fea8000 nmethod 19032 0x00000064617ffb90 code [0x00000064617ffd60, 0x00000064618000f8]
Event: 3231.514 Thread 0x00000064727fc000 19037       4       org.gradle.api.internal.artifacts.ivyservice.resolveengine.artifact.ResolvedArtifactsGraphVisitor::getArtifacts (197 bytes)
Event: 3231.553 Thread 0x000000646feae000 19038       3       java.security.AccessControlContext::optimize (318 bytes)
Event: 3231.555 Thread 0x000000646fea8000 19039       4       java.security.AccessControlContext::combine (205 bytes)
Event: 3231.556 Thread 0x000000646feae000 nmethod 19038 0x000000645b121e90 code [0x000000645b122200, 0x000000645b123778]
Event: 3231.565 Thread 0x000000646feae000 19040       3       java.util.concurrent.ConcurrentLinkedQueue::offer (120 bytes)
Event: 3231.569 Thread 0x000000646feae000 nmethod 19040 0x000000645a4e0810 code [0x000000645a4e0c00, 0x000000645a4e2678]
Event: 3231.576 Thread 0x000000646fea8000 nmethod 19039 0x0000006461681b10 code [0x0000006461681cc0, 0x00000064616824f8]
Event: 3231.576 Thread 0x000000646fea8000 19041       4       org.gradle.api.internal.artifacts.repositories.resolver.ExternalResourceResolver$LocalRepositoryAccess::resolveArtifact (1 bytes)
Event: 3231.577 Thread 0x000000646fea8000 nmethod 19041 0x00000064616d6410 code [0x00000064616d65a0, 0x00000064616d65f8]
Event: 3231.592 Thread 0x000000646fea8000 19042   !   4       com.google.common.cache.LocalCache::processPendingNotifications (47 bytes)
Event: 3231.602 Thread 0x000000646feae000 19043       3       org.gradle.internal.resources.DefaultResourceLockCoordinationService$1::initialValue (5 bytes)
Event: 3231.603 Thread 0x000000646feae000 nmethod 19043 0x000000645a165a10 code [0x000000645a165c00, 0x000000645a166018]
Event: 3231.634 Thread 0x000000646fea8000 nmethod 19042 0x00000064617b6310 code [0x00000064617b64e0, 0x00000064617b7098]
Event: 3231.687 Thread 0x000000646fea8000 19044       4       org.gradle.internal.vfs.impl.DefaultFileSystemAccess::readSnapshotFromLocation (27 bytes)
Event: 3231.698 Thread 0x000000646feae000 19045       3       org.gradle.internal.vfs.impl.DefaultFileSystemAccess::lambda$readSnapshotFromLocation$8 (18 bytes)
Event: 3231.698 Thread 0x000000646feae000 nmethod 19045 0x000000645a329a10 code [0x000000645a329c00, 0x000000645a32a058]
Event: 3231.698 Thread 0x000000646feae000 19046       3       org.gradle.internal.vfs.impl.DefaultFileSystemAccess$$Lambda$320/0x00000001004cbc40::get (20 bytes)
Event: 3231.699 Thread 0x000000646feae000 nmethod 19046 0x000000645a3d1310 code [0x000000645a3d1520, 0x000000645a3d19d8]
Event: 3231.906 Thread 0x000000646fea8000 nmethod 19044 0x0000006461913210 code [0x00000064619135a0, 0x0000006461915968]

GC Heap History (20 events):
Event: 1834.857 GC heap before
{Heap before GC invocations=29 (full 0):
 garbage-first heap   total 227328K, used 204203K [0x0000000080000000, 0x0000000100000000)
  region size 1024K, 88 young (90112K), 11 survivors (11264K)
 Metaspace       used 99580K, capacity 101856K, committed 101916K, reserved 1138688K
  class space    used 12562K, capacity 13427K, committed 13472K, reserved 1048576K
}
Event: 1834.890 GC heap after
{Heap after GC invocations=30 (full 0):
 garbage-first heap   total 227328K, used 105369K [0x0000000080000000, 0x0000000100000000)
  region size 1024K, 9 young (9216K), 9 survivors (9216K)
 Metaspace       used 99580K, capacity 101856K, committed 101916K, reserved 1138688K
  class space    used 12562K, capacity 13427K, committed 13472K, reserved 1048576K
}
Event: 1839.611 GC heap before
{Heap before GC invocations=30 (full 0):
 garbage-first heap   total 227328K, used 184217K [0x0000000080000000, 0x0000000100000000)
  region size 1024K, 87 young (89088K), 9 survivors (9216K)
 Metaspace       used 100055K, capacity 102307K, committed 102428K, reserved 1138688K
  class space    used 12577K, capacity 13455K, committed 13472K, reserved 1048576K
}
Event: 1839.641 GC heap after
{Heap after GC invocations=31 (full 0):
 garbage-first heap   total 227328K, used 112271K [0x0000000080000000, 0x0000000100000000)
  region size 1024K, 11 young (11264K), 11 survivors (11264K)
 Metaspace       used 100055K, capacity 102307K, committed 102428K, reserved 1138688K
  class space    used 12577K, capacity 13455K, committed 13472K, reserved 1048576K
}
Event: 2947.442 GC heap before
{Heap before GC invocations=31 (full 0):
 garbage-first heap   total 227328K, used 184975K [0x0000000080000000, 0x0000000100000000)
  region size 1024K, 83 young (84992K), 11 survivors (11264K)
 Metaspace       used 100501K, capacity 102942K, committed 103068K, reserved 1138688K
  class space    used 12600K, capacity 13493K, committed 13600K, reserved 1048576K
}
Event: 2947.459 GC heap after
{Heap after GC invocations=32 (full 0):
 garbage-first heap   total 227328K, used 111021K [0x0000000080000000, 0x0000000100000000)
  region size 1024K, 8 young (8192K), 8 survivors (8192K)
 Metaspace       used 100501K, capacity 102942K, committed 103068K, reserved 1138688K
  class space    used 12600K, capacity 13493K, committed 13600K, reserved 1048576K
}
Event: 2947.826 GC heap before
{Heap before GC invocations=32 (full 0):
 garbage-first heap   total 227328K, used 128429K [0x0000000080000000, 0x0000000100000000)
  region size 1024K, 26 young (26624K), 8 survivors (8192K)
 Metaspace       used 100694K, capacity 103061K, committed 103324K, reserved 1138688K
  class space    used 12628K, capacity 13532K, committed 13600K, reserved 1048576K
}
Event: 2947.844 GC heap after
{Heap after GC invocations=33 (full 0):
 garbage-first heap   total 227328K, used 111656K [0x0000000080000000, 0x0000000100000000)
  region size 1024K, 3 young (3072K), 3 survivors (3072K)
 Metaspace       used 100694K, capacity 103061K, committed 103324K, reserved 1138688K
  class space    used 12628K, capacity 13532K, committed 13600K, reserved 1048576K
}
Event: 2951.147 GC heap before
{Heap before GC invocations=34 (full 0):
 garbage-first heap   total 227328K, used 203816K [0x0000000080000000, 0x0000000100000000)
  region size 1024K, 75 young (76800K), 3 survivors (3072K)
 Metaspace       used 106276K, capacity 108559K, committed 108828K, reserved 1144832K
  class space    used 13219K, capacity 14088K, committed 14240K, reserved 1048576K
}
Event: 2951.161 GC heap after
{Heap after GC invocations=35 (full 0):
 garbage-first heap   total 227328K, used 113227K [0x0000000080000000, 0x0000000100000000)
  region size 1024K, 4 young (4096K), 4 survivors (4096K)
 Metaspace       used 106276K, capacity 108559K, committed 108828K, reserved 1144832K
  class space    used 13219K, capacity 14088K, committed 14240K, reserved 1048576K
}
Event: 2951.358 GC heap before
{Heap before GC invocations=35 (full 0):
 garbage-first heap   total 227328K, used 120395K [0x0000000080000000, 0x0000000100000000)
  region size 1024K, 11 young (11264K), 4 survivors (4096K)
 Metaspace       used 106527K, capacity 108861K, committed 109084K, reserved 1144832K
  class space    used 13246K, capacity 14125K, committed 14240K, reserved 1048576K
}
Event: 2951.388 GC heap after
{Heap after GC invocations=36 (full 0):
 garbage-first heap   total 227328K, used 98369K [0x0000000080000000, 0x0000000100000000)
  region size 1024K, 1 young (1024K), 1 survivors (1024K)
 Metaspace       used 106527K, capacity 108861K, committed 109084K, reserved 1144832K
  class space    used 13246K, capacity 14125K, committed 14240K, reserved 1048576K
}
Event: 2951.649 GC heap before
{Heap before GC invocations=36 (full 0):
 garbage-first heap   total 227328K, used 107585K [0x0000000080000000, 0x0000000100000000)
  region size 1024K, 11 young (11264K), 1 survivors (1024K)
 Metaspace       used 106742K, capacity 109051K, committed 109340K, reserved 1144832K
  class space    used 13272K, capacity 14165K, committed 14240K, reserved 1048576K
}
Event: 2951.667 GC heap after
{Heap after GC invocations=37 (full 0):
 garbage-first heap   total 227328K, used 97340K [0x0000000080000000, 0x0000000100000000)
  region size 1024K, 2 young (2048K), 2 survivors (2048K)
 Metaspace       used 106742K, capacity 109051K, committed 109340K, reserved 1144832K
  class space    used 13272K, capacity 14165K, committed 14240K, reserved 1048576K
}
Event: 2959.943 GC heap before
{Heap before GC invocations=37 (full 0):
 garbage-first heap   total 227328K, used 184380K [0x0000000080000000, 0x0000000100000000)
  region size 1024K, 87 young (89088K), 2 survivors (2048K)
 Metaspace       used 108809K, capacity 111206K, committed 111388K, reserved 1146880K
  class space    used 13487K, capacity 14382K, committed 14496K, reserved 1048576K
}
Event: 2959.961 GC heap after
{Heap after GC invocations=38 (full 0):
 garbage-first heap   total 227328K, used 102062K [0x0000000080000000, 0x0000000100000000)
  region size 1024K, 6 young (6144K), 6 survivors (6144K)
 Metaspace       used 108809K, capacity 111206K, committed 111388K, reserved 1146880K
  class space    used 13487K, capacity 14382K, committed 14496K, reserved 1048576K
}
Event: 3012.718 GC heap before
{Heap before GC invocations=38 (full 0):
 garbage-first heap   total 227328K, used 185006K [0x0000000080000000, 0x0000000100000000)
  region size 1024K, 88 young (90112K), 6 survivors (6144K)
 Metaspace       used 111045K, capacity 113650K, committed 113948K, reserved 1148928K
  class space    used 13749K, capacity 14702K, committed 14752K, reserved 1048576K
}
Event: 3012.745 GC heap after
{Heap after GC invocations=39 (full 0):
 garbage-first heap   total 227328K, used 106924K [0x0000000080000000, 0x0000000100000000)
  region size 1024K, 10 young (10240K), 10 survivors (10240K)
 Metaspace       used 111045K, capacity 113650K, committed 113948K, reserved 1148928K
  class space    used 13749K, capacity 14702K, committed 14752K, reserved 1048576K
}
Event: 3046.267 GC heap before
{Heap before GC invocations=39 (full 0):
 garbage-first heap   total 227328K, used 183724K [0x0000000080000000, 0x0000000100000000)
  region size 1024K, 86 young (88064K), 10 survivors (10240K)
 Metaspace       used 111429K, capacity 114074K, committed 114332K, reserved 1148928K
  class space    used 13784K, capacity 14767K, committed 14880K, reserved 1048576K
}
Event: 3046.282 GC heap after
{Heap after GC invocations=40 (full 0):
 garbage-first heap   total 227328K, used 104076K [0x0000000080000000, 0x0000000100000000)
  region size 1024K, 2 young (2048K), 2 survivors (2048K)
 Metaspace       used 111429K, capacity 114074K, committed 114332K, reserved 1148928K
  class space    used 13784K, capacity 14767K, committed 14880K, reserved 1048576K
}

Deoptimization events (20 events):
Event: 3046.282 Thread 0x0000006470a95800 DEOPT PACKING pc=0x000000646167daec sp=0x000000647178ee30
Event: 3046.282 Thread 0x0000006470a95800 DEOPT UNPACKING pc=0x0000006459aba1af sp=0x000000647178ee10 mode 2
Event: 3175.616 Thread 0x0000006475107800 Uncommon trap: trap_request=0xffffffde fr.pc=0x0000006461c237cc relative=0x00000000000009ec
Event: 3175.616 Thread 0x0000006475107800 Uncommon trap: reason=class_check action=maybe_recompile pc=0x0000006461c237cc method=org.gradle.cache.internal.LockOnDemandCrossProcessCacheAccess.incrementLockCount()V @ 97 c2
Event: 3175.616 Thread 0x0000006475107800 DEOPT PACKING pc=0x0000006461c237cc sp=0x0000006402c57760
Event: 3175.616 Thread 0x0000006475107800 DEOPT UNPACKING pc=0x0000006459aba1af sp=0x0000006402c57740 mode 2
Event: 3175.849 Thread 0x0000006475107800 Uncommon trap: trap_request=0xffffffde fr.pc=0x0000006461c5d960 relative=0x0000000000001700
Event: 3175.849 Thread 0x0000006475107800 Uncommon trap: reason=class_check action=maybe_recompile pc=0x0000006461c5d960 method=org.gradle.internal.vfs.impl.AbstractVirtualFileSystem.findSnapshot(Ljava/lang/String;)Ljava/util/Optional; @ 8 c2
Event: 3175.849 Thread 0x0000006475107800 DEOPT PACKING pc=0x0000006461c5d960 sp=0x0000006402c5a420
Event: 3175.849 Thread 0x0000006475107800 DEOPT UNPACKING pc=0x0000006459aba1af sp=0x0000006402c5a3c0 mode 2
Event: 3175.930 Thread 0x00000064785bb800 Uncommon trap: trap_request=0xffffff4d fr.pc=0x0000006461b39110 relative=0x0000000000000350
Event: 3175.930 Thread 0x00000064785bb800 Uncommon trap: reason=unstable_if action=reinterpret pc=0x0000006461b39110 method=java.util.concurrent.ConcurrentLinkedQueue.offer(Ljava/lang/Object;)Z @ 42 c2
Event: 3175.930 Thread 0x00000064785bb800 DEOPT PACKING pc=0x0000006461b39110 sp=0x000000647aeaea70
Event: 3175.930 Thread 0x00000064785bb800 DEOPT UNPACKING pc=0x0000006459aba1af sp=0x000000647aeaea10 mode 2
Event: 3231.554 Thread 0x0000006475107800 DEOPT PACKING pc=0x000000645a9734ab sp=0x0000006402c59930
Event: 3231.555 Thread 0x0000006475107800 DEOPT UNPACKING pc=0x0000006459aba95e sp=0x0000006402c58dd8 mode 0
Event: 3231.682 Thread 0x0000006475107800 Uncommon trap: trap_request=0xffffffde fr.pc=0x0000006461c5d960 relative=0x0000000000001700
Event: 3231.682 Thread 0x0000006475107800 Uncommon trap: reason=class_check action=maybe_recompile pc=0x0000006461c5d960 method=org.gradle.internal.vfs.impl.AbstractVirtualFileSystem.findSnapshot(Ljava/lang/String;)Ljava/util/Optional; @ 8 c2
Event: 3231.682 Thread 0x0000006475107800 DEOPT PACKING pc=0x0000006461c5d960 sp=0x0000006402c5a420
Event: 3231.682 Thread 0x0000006475107800 DEOPT UNPACKING pc=0x0000006459aba1af sp=0x0000006402c5a3c0 mode 2

Classes redefined (0 events):
No events

Internal exceptions (20 events):
Event: 3019.071 Thread 0x0000006475104800 Exception <a 'sun/nio/fs/WindowsException'{0x000000008984c1a0}> (0x000000008984c1a0) thrown at [./src/hotspot/share/prims/jni.cpp, line 616]
Event: 3019.072 Thread 0x0000006475104800 Exception <a 'sun/nio/fs/WindowsException'{0x000000008984fd70}> (0x000000008984fd70) thrown at [./src/hotspot/share/prims/jni.cpp, line 616]
Event: 3019.073 Thread 0x0000006475104800 Exception <a 'sun/nio/fs/WindowsException'{0x00000000898537b0}> (0x00000000898537b0) thrown at [./src/hotspot/share/prims/jni.cpp, line 616]
Event: 3019.076 Thread 0x0000006475104800 Exception <a 'sun/nio/fs/WindowsException'{0x0000000089858130}> (0x0000000089858130) thrown at [./src/hotspot/share/prims/jni.cpp, line 616]
Event: 3019.077 Thread 0x0000006475104800 Exception <a 'sun/nio/fs/WindowsException'{0x000000008985b7d8}> (0x000000008985b7d8) thrown at [./src/hotspot/share/prims/jni.cpp, line 616]
Event: 3019.078 Thread 0x0000006475104800 Exception <a 'sun/nio/fs/WindowsException'{0x000000008985f1e0}> (0x000000008985f1e0) thrown at [./src/hotspot/share/prims/jni.cpp, line 616]
Event: 3019.080 Thread 0x0000006475104800 Exception <a 'sun/nio/fs/WindowsException'{0x0000000089862ae8}> (0x0000000089862ae8) thrown at [./src/hotspot/share/prims/jni.cpp, line 616]
Event: 3019.081 Thread 0x0000006475104800 Exception <a 'sun/nio/fs/WindowsException'{0x00000000898667c8}> (0x00000000898667c8) thrown at [./src/hotspot/share/prims/jni.cpp, line 616]
Event: 3019.083 Thread 0x0000006475104800 Exception <a 'sun/nio/fs/WindowsException'{0x0000000089869cb8}> (0x0000000089869cb8) thrown at [./src/hotspot/share/prims/jni.cpp, line 616]
Event: 3019.085 Thread 0x0000006475104800 Exception <a 'sun/nio/fs/WindowsException'{0x000000008986e080}> (0x000000008986e080) thrown at [./src/hotspot/share/prims/jni.cpp, line 616]
Event: 3019.086 Thread 0x0000006475104800 Exception <a 'sun/nio/fs/WindowsException'{0x0000000089871858}> (0x0000000089871858) thrown at [./src/hotspot/share/prims/jni.cpp, line 616]
Event: 3019.088 Thread 0x0000006475104800 Exception <a 'sun/nio/fs/WindowsException'{0x0000000089875358}> (0x0000000089875358) thrown at [./src/hotspot/share/prims/jni.cpp, line 616]
Event: 3019.089 Thread 0x0000006475104800 Exception <a 'sun/nio/fs/WindowsException'{0x0000000089878f98}> (0x0000000089878f98) thrown at [./src/hotspot/share/prims/jni.cpp, line 616]
Event: 3019.314 Thread 0x0000006475185000 Exception <a 'sun/nio/fs/WindowsException'{0x000000008d9b1a58}> (0x000000008d9b1a58) thrown at [./src/hotspot/share/prims/jni.cpp, line 616]
Event: 3019.314 Thread 0x0000006475185000 Exception <a 'sun/nio/fs/WindowsException'{0x000000008d9b1ad8}> (0x000000008d9b1ad8) thrown at [./src/hotspot/share/prims/jni.cpp, line 616]
Event: 3019.314 Thread 0x0000006475185000 Exception <a 'sun/nio/fs/WindowsException'{0x000000008d9b3478}> (0x000000008d9b3478) thrown at [./src/hotspot/share/prims/jni.cpp, line 616]
Event: 3176.353 Thread 0x0000006475107800 Exception <a 'sun/nio/fs/WindowsException'{0x000000008c466940}> (0x000000008c466940) thrown at [./src/hotspot/share/prims/jni.cpp, line 616]
Event: 3179.927 Thread 0x0000006475107800 Exception <a 'sun/nio/fs/WindowsException'{0x000000008b787ee0}> (0x000000008b787ee0) thrown at [./src/hotspot/share/prims/jni.cpp, line 616]
Event: 3179.927 Thread 0x0000006475107800 Exception <a 'sun/nio/fs/WindowsException'{0x000000008b787f60}> (0x000000008b787f60) thrown at [./src/hotspot/share/prims/jni.cpp, line 616]
Event: 3179.928 Thread 0x0000006475107800 Exception <a 'sun/nio/fs/WindowsException'{0x000000008b789b58}> (0x000000008b789b58) thrown at [./src/hotspot/share/prims/jni.cpp, line 616]

Events (20 events):
Event: 3231.554 Thread 0x0000006471c09800 Thread added: 0x0000006471c09800
Event: 3231.554 Thread 0x0000006471c0d000 Thread added: 0x0000006471c0d000
Event: 3231.555 Thread 0x0000006471c0a800 Thread added: 0x0000006471c0a800
Event: 3231.555 Thread 0x0000006471c0f800 Thread added: 0x0000006471c0f800
Event: 3231.555 Thread 0x0000006471c10000 Thread added: 0x0000006471c10000
Event: 3231.555 Thread 0x0000006471c0d800 Thread added: 0x0000006471c0d800
Event: 3231.555 Thread 0x0000006471c0e800 Thread added: 0x0000006471c0e800
Event: 3231.555 Thread 0x00000064785bc800 Thread added: 0x00000064785bc800
Event: 3231.555 Thread 0x00000064785ba000 Thread added: 0x00000064785ba000
Event: 3231.556 Thread 0x00000064785bd000 Thread added: 0x00000064785bd000
Event: 3231.556 Thread 0x00000064785c0800 Thread added: 0x00000064785c0800
Event: 3231.556 Thread 0x00000064785be000 Thread added: 0x00000064785be000
Event: 3231.556 Thread 0x00000064785be800 Thread added: 0x00000064785be800
Event: 3231.556 Thread 0x00000064785c2000 Thread added: 0x00000064785c2000
Event: 3231.556 Thread 0x00000064785c1000 Thread added: 0x00000064785c1000
Event: 3231.557 Thread 0x00000064785bf800 Thread added: 0x00000064785bf800
Event: 3231.557 Thread 0x00000064785c4800 Thread added: 0x00000064785c4800
Event: 3231.557 Thread 0x00000064785c5800 Thread added: 0x00000064785c5800
Event: 3231.582 Executing VM operation: RevokeBias
Event: 3231.590 Executing VM operation: RevokeBias done


Dynamic libraries:
0x00007ff6ef480000 - 0x00007ff6ef48a000 	C:\Program Files\Android\Android Studio\jre\bin\java.exe
0x00007ffae81c0000 - 0x00007ffae836d000 	C:\Windows\SYSTEM32\ntdll.dll
0x00007ffae7a30000 - 0x00007ffae7b6f000 	C:\Windows\system32\KERNEL32.DLL
0x00007ffae5330000 - 0x00007ffae5445000 	C:\Windows\system32\KERNELBASE.dll
0x00007ffab6310000 - 0x00007ffab6329000 	C:\Program Files\Android\Android Studio\jre\bin\jli.dll
0x00007ffac79f0000 - 0x00007ffac7a07000 	C:\Program Files\Android\Android Studio\jre\bin\VCRUNTIME140.dll
0x00007ffac4340000 - 0x00007ffac4344000 	C:\Windows\SYSTEM32\api-ms-win-crt-stdio-l1-1-0.dll
0x00007ffac4320000 - 0x00007ffac4324000 	C:\Windows\SYSTEM32\api-ms-win-crt-runtime-l1-1-0.dll
0x00007ffac4300000 - 0x00007ffac4303000 	C:\Windows\SYSTEM32\api-ms-win-crt-environment-l1-1-0.dll
0x00007ffac42e0000 - 0x00007ffac42e5000 	C:\Windows\SYSTEM32\api-ms-win-crt-math-l1-1-0.dll
0x00007ffac38d0000 - 0x00007ffac38d3000 	C:\Windows\SYSTEM32\api-ms-win-crt-locale-l1-1-0.dll
0x00007ffac42b0000 - 0x00007ffac42b3000 	C:\Windows\SYSTEM32\api-ms-win-crt-heap-l1-1-0.dll
0x00007ffae2a40000 - 0x00007ffae2cbb000 	C:\Windows\WinSxS\amd64_microsoft.windows.common-controls_6595b64144ccf1df_6.0.9600.19394_none_62486577ecb635cf\COMCTL32.dll
0x00007ffae77d0000 - 0x00007ffae7947000 	C:\Windows\system32\USER32.dll
0x00007ffac42d0000 - 0x00007ffac42d3000 	C:\Windows\SYSTEM32\api-ms-win-crt-filesystem-l1-1-0.dll
0x00007ffac4330000 - 0x00007ffac4334000 	C:\Windows\SYSTEM32\api-ms-win-crt-string-l1-1-0.dll
0x00007ffac4310000 - 0x00007ffac4314000 	C:\Windows\SYSTEM32\api-ms-win-crt-convert-l1-1-0.dll
0x00007ffae7980000 - 0x00007ffae7a2a000 	C:\Windows\system32\msvcrt.dll
0x00007ffae7670000 - 0x00007ffae77be000 	C:\Windows\system32\GDI32.dll
0x00007ffac3b40000 - 0x00007ffac3c34000 	C:\Windows\SYSTEM32\ucrtbase.DLL
0x00007ffae8110000 - 0x00007ffae8146000 	C:\Windows\system32\IMM32.DLL
0x00007ffae5d10000 - 0x00007ffae5e61000 	C:\Windows\system32\MSCTF.dll
0x0000000058bb0000 - 0x0000000058bbc000 	C:\Program Files (x86)\360\Total Security\safemon\SafeWrapper.dll
0x00007ffae5b20000 - 0x00007ffae5bcd000 	C:\Windows\system32\ADVAPI32.dll
0x00007ffae7470000 - 0x00007ffae74cb000 	C:\Windows\SYSTEM32\sechost.dll
0x00007ffae5bd0000 - 0x00007ffae5d05000 	C:\Windows\system32\RPCRT4.dll
0x00007ffae5710000 - 0x00007ffae573e000 	C:\Windows\system32\SspiCli.dll
0x00007ffab6240000 - 0x00007ffab62d2000 	C:\Program Files (x86)\360\Total Security\safemon\libzdtp64.dll
0x00007ffae5f40000 - 0x00007ffae746c000 	C:\Windows\system32\SHELL32.dll
0x00007ffae74d0000 - 0x00007ffae7524000 	C:\Windows\system32\SHLWAPI.dll
0x00007ffadd860000 - 0x00007ffadd86a000 	C:\Windows\SYSTEM32\VERSION.dll
0x00007ffae5900000 - 0x00007ffae5b12000 	C:\Windows\SYSTEM32\combase.dll
0x00007ffac38e0000 - 0x00007ffac397d000 	C:\Program Files\Android\Android Studio\jre\bin\msvcp140.dll
0x00007ffac38c0000 - 0x00007ffac38c5000 	C:\Windows\SYSTEM32\api-ms-win-crt-multibyte-l1-1-0.dll
0x00007ffac42c0000 - 0x00007ffac42c3000 	C:\Windows\SYSTEM32\api-ms-win-crt-time-l1-1-0.dll
0x00007ffac42f0000 - 0x00007ffac42f3000 	C:\Windows\SYSTEM32\api-ms-win-crt-utility-l1-1-0.dll
0x00007ffac4350000 - 0x00007ffac4e52000 	C:\Program Files\Android\Android Studio\jre\bin\server\jvm.dll
0x00007ffac8c60000 - 0x00007ffac8c69000 	C:\Windows\SYSTEM32\WSOCK32.dll
0x00007ffade290000 - 0x00007ffade2b2000 	C:\Windows\SYSTEM32\WINMM.dll
0x00007ffae75f0000 - 0x00007ffae75f7000 	C:\Windows\system32\PSAPI.DLL
0x00007ffae80b0000 - 0x00007ffae810a000 	C:\Windows\system32\WS2_32.dll
0x00007ffade260000 - 0x00007ffade28a000 	C:\Windows\SYSTEM32\WINMMBASE.dll
0x00007ffae81b0000 - 0x00007ffae81b9000 	C:\Windows\system32\NSI.dll
0x00007ffae57f0000 - 0x00007ffae583f000 	C:\Windows\SYSTEM32\cfgmgr32.dll
0x00007ffae40b0000 - 0x00007ffae40d8000 	C:\Windows\SYSTEM32\DEVOBJ.dll
0x00007ffac4290000 - 0x00007ffac42a1000 	C:\Program Files\Android\Android Studio\jre\bin\verify.dll
0x00007ffadc0d0000 - 0x00007ffadc25a000 	C:\Windows\SYSTEM32\DBGHELP.DLL
0x00007ffac4260000 - 0x00007ffac4289000 	C:\Program Files\Android\Android Studio\jre\bin\java.dll
0x00007ffac4250000 - 0x00007ffac425b000 	C:\Program Files\Android\Android Studio\jre\bin\jimage.dll
0x00007ffac4230000 - 0x00007ffac4248000 	C:\Program Files\Android\Android Studio\jre\bin\zip.dll
0x00007ffae35e0000 - 0x00007ffae3692000 	C:\Windows\SYSTEM32\SHCORE.dll
0x00007ffae5260000 - 0x00007ffae5275000 	C:\Windows\SYSTEM32\profapi.dll
0x00007ffac4210000 - 0x00007ffac422a000 	C:\Program Files\Android\Android Studio\jre\bin\net.dll
0x00007ffadc000000 - 0x00007ffadc0c9000 	C:\Windows\SYSTEM32\WINHTTP.dll
0x00007ffae4aa0000 - 0x00007ffae4af9000 	C:\Windows\system32\mswsock.dll
0x00007ffac3f70000 - 0x00007ffac3f84000 	C:\Program Files\Android\Android Studio\jre\bin\nio.dll
0x00007ffabc2a0000 - 0x00007ffabc2c7000 	C:\Users\Nadezhda S\.gradle\native\e1d6ef7f7dcc3fd88c89a11ec53ec762bb8ba0a96d01ffa2cd45eb1d1d8dd5c5\windows-amd64\native-platform.dll
0x00007ffac4200000 - 0x00007ffac420a000 	C:\Program Files\Android\Android Studio\jre\bin\management.dll
0x00007ffac3f60000 - 0x00007ffac3f6d000 	C:\Program Files\Android\Android Studio\jre\bin\management_ext.dll
0x00007ffae4b00000 - 0x00007ffae4b20000 	C:\Windows\SYSTEM32\CRYPTSP.dll
0x00007ffae4720000 - 0x00007ffae4756000 	C:\Windows\system32\rsaenh.dll
0x00007ffae4d40000 - 0x00007ffae4d66000 	C:\Windows\SYSTEM32\bcrypt.dll
0x00007ffae4830000 - 0x00007ffae4851000 	C:\Windows\SYSTEM32\USERENV.dll
0x00007ffae5060000 - 0x00007ffae50c3000 	C:\Windows\system32\bcryptprimitives.dll
0x00007ffae50d0000 - 0x00007ffae50db000 	C:\Windows\SYSTEM32\CRYPTBASE.dll
0x00007ffae0de0000 - 0x00007ffae0e0a000 	C:\Windows\SYSTEM32\IPHLPAPI.DLL
0x00007ffae2450000 - 0x00007ffae245a000 	C:\Windows\SYSTEM32\WINNSI.DLL
0x00007ffadfeb0000 - 0x00007ffadfec6000 	C:\Windows\SYSTEM32\dhcpcsvc6.DLL
0x00007ffae00e0000 - 0x00007ffae00fa000 	C:\Windows\SYSTEM32\dhcpcsvc.DLL
0x00007ffac34d0000 - 0x00007ffac34f7000 	C:\Program Files\Android\Android Studio\jre\bin\sunec.dll
0x00007ffae0030000 - 0x00007ffae0062000 	C:\Windows\SYSTEM32\ntmarta.dll
0x00007ffac3510000 - 0x00007ffac352e000 	C:\Users\Nadezhda S\AppData\Local\Temp\native-platform12627738692689190563dir\native-platform.dll

dbghelp: loaded successfully - version: 4.0.5 - missing functions: none
symbol engine: initialized successfully - sym options: 0x614 - pdb path: .;C:\Program Files\Android\Android Studio\jre\bin;C:\Windows\SYSTEM32;C:\Windows\WinSxS\amd64_microsoft.windows.common-controls_6595b64144ccf1df_6.0.9600.19394_none_62486577ecb635cf;C:\Program Files (x86)\360\Total Security\safemon;C:\Program Files\Android\Android Studio\jre\bin\server;C:\Users\Nadezhda S\.gradle\native\e1d6ef7f7dcc3fd88c89a11ec53ec762bb8ba0a96d01ffa2cd45eb1d1d8dd5c5\windows-amd64;C:\Users\Nadezhda S\AppData\Local\Temp\native-platform12627738692689190563dir

VM Arguments:
jvm_args: --add-opens=java.base/java.util=ALL-UNNAMED --add-opens=java.base/java.lang=ALL-UNNAMED --add-opens=java.base/java.lang.invoke=ALL-UNNAMED --add-opens=java.base/java.util=ALL-UNNAMED --add-opens=java.prefs/java.util.prefs=ALL-UNNAMED --add-opens=java.prefs/java.util.prefs=ALL-UNNAMED --add-opens=java.base/java.nio.charset=ALL-UNNAMED --add-opens=java.base/java.net=ALL-UNNAMED --add-opens=java.base/java.util.concurrent.atomic=ALL-UNNAMED -Xmx2048m -Dfile.encoding=UTF-8 -Duser.country=RU -Duser.language=ru -Duser.variant 
java_command: org.gradle.launcher.daemon.bootstrap.GradleDaemon 7.4
java_class_path (initial): C:\Users\Nadezhda S\.gradle\wrapper\dists\gradle-7.4-bin\c0gwcg53nkjbqw7r0h0umtfvt\gradle-7.4\lib\gradle-launcher-7.4.jar
Launcher Type: SUN_STANDARD

[Global flags]
     intx CICompilerCount                          = 3                                         {product} {ergonomic}
     uint ConcGCThreads                            = 1                                         {product} {ergonomic}
     uint G1ConcRefinementThreads                  = 4                                         {product} {ergonomic}
   size_t G1HeapRegionSize                         = 1048576                                   {product} {ergonomic}
    uintx GCDrainStackTargetSize                   = 64                                        {product} {ergonomic}
   size_t InitialHeapSize                          = 134217728                                 {product} {ergonomic}
   size_t MarkStackSize                            = 4194304                                   {product} {ergonomic}
   size_t MaxHeapSize                              = 2147483648                                {product} {command line}
   size_t MaxNewSize                               = 1287651328                                {product} {ergonomic}
   size_t MinHeapDeltaBytes                        = 1048576                                   {product} {ergonomic}
    uintx NonNMethodCodeHeapSize                   = 5830732                                {pd product} {ergonomic}
    uintx NonProfiledCodeHeapSize                  = 122913754                              {pd product} {ergonomic}
    uintx ProfiledCodeHeapSize                     = 122913754                              {pd product} {ergonomic}
    uintx ReservedCodeCacheSize                    = 251658240                              {pd product} {ergonomic}
     bool SegmentedCodeCache                       = true                                      {product} {ergonomic}
     bool UseCompressedClassPointers               = true                                 {lp64_product} {ergonomic}
     bool UseCompressedOops                        = true                                 {lp64_product} {ergonomic}
     bool UseG1GC                                  = true                                      {product} {ergonomic}
     bool UseLargePagesIndividualAllocation        = false                                  {pd product} {ergonomic}

Logging:
Log output configuration:
 #0: stdout all=warning uptime,level,tags
 #1: stderr all=off uptime,level,tags

Environment Variables:
PATH=C:\Windows\system32;C:\Windows;C:\Windows\System32\Wbem;C:\Windows\System32\WindowsPowerShell\v1.0\;C:\Program Files\Git\cmd
USERNAME=Nadezhda S
OS=Windows_NT
PROCESSOR_IDENTIFIER=Intel64 Family 6 Model 42 Stepping 7, GenuineIntel



---------------  S Y S T E M  ---------------

OS: Windows 8.1 , 64 bit Build 9600 (6.3.9600.20389)
OS uptime: 0 days 0:56 hours

CPU:total 4 (initial active 4) (2 cores per cpu, 2 threads per core) family 6 model 42 stepping 7 microcode 0x28, cmov, cx8, fxsr, mmx, sse, sse2, sse3, ssse3, sse4.1, sse4.2, popcnt, avx, aes, clmul, ht, tsc, tscinvbit

Memory: 4k page, system-wide physical 8105M (660M free)
TotalPageFile size 8105M (AvailPageFile size 6M)
current process WorkingSet (physical memory assigned to process): 544M, peak: 558M
current process commit charge ("private bytes"): 570M, peak: 584M

vm_info: OpenJDK 64-Bit Server VM (11.0.13+0-b1751.21-8125866) for windows-amd64 JRE (11.0.13+0-b1751.21-8125866), built on Feb  2 2022 03:00:22 by "builder" with MS VC++ 14.0 (VS2015)

END.
