#
# There is insufficient memory for the Java Runtime Environment to continue.
# Native memory allocation (mmap) failed to map 108003328 bytes for Failed to commit area from 0x0000000094100000 to 0x000000009a800000 of length 108003328.
# Possible reasons:
#   The system is out of physical RAM or swap space
#   The process is running with CompressedOops enabled, and the Java Heap may be blocking the growth of the native heap
# Possible solutions:
#   Reduce memory load on the system
#   Increase physical memory or swap space
#   Check if swap backing store is full
#   Decrease Java heap size (-Xmx/-Xms)
#   Decrease number of Java threads
#   Decrease Java thread stack sizes (-Xss)
#   Set larger code cache with -XX:ReservedCodeCacheSize=
#   JVM is running with Unscaled Compressed Oops mode in which the Java heap is
#     placed in the first 4GB address space. The Java Heap base address is the
#     maximum limit for the native heap growth. Please use -XX:HeapBaseMinAddress
#     to set the Java Heap base and to place the Java Heap above 4GB virtual address.
# This output file may be truncated or incomplete.
#
#  Out of Memory Error (./src/hotspot/os/windows/os_windows.cpp:3619), pid=4720, tid=3476
#
# JRE version: OpenJDK Runtime Environment (11.0.13) (build 11.0.13+0-b1751.21-8125866)
# Java VM: OpenJDK 64-Bit Server VM (11.0.13+0-b1751.21-8125866, mixed mode, tiered, compressed oops, g1 gc, windows-amd64)
# No core dump will be written. Minidumps are not enabled by default on client versions of Windows
#

---------------  S U M M A R Y ------------

Command Line: --add-opens=java.base/java.util=ALL-UNNAMED --add-opens=java.base/java.lang=ALL-UNNAMED --add-opens=java.base/java.lang.invoke=ALL-UNNAMED --add-opens=java.base/java.util=ALL-UNNAMED --add-opens=java.prefs/java.util.prefs=ALL-UNNAMED --add-opens=java.prefs/java.util.prefs=ALL-UNNAMED --add-opens=java.base/java.nio.charset=ALL-UNNAMED --add-opens=java.base/java.net=ALL-UNNAMED --add-opens=java.base/java.util.concurrent.atomic=ALL-UNNAMED -Xmx2048m -Dfile.encoding=UTF-8 -Duser.country=RU -Duser.language=ru -Duser.variant org.gradle.launcher.daemon.bootstrap.GradleDaemon 7.4

Host: Intel(R) Core(TM) i5-2450M CPU @ 2.50GHz, 4 cores, 7G,  Windows 8.1 , 64 bit Build 9600 (6.3.9600.20389)
Time: Wed Nov 16 21:39:56 2022 RTZ 4 (ceia) elapsed time: 6431.975985 seconds (0d 1h 47m 11s)

---------------  T H R E A D  ---------------

Current thread (0x00000016560c4000):  VMThread "VM Thread" [stack: 0x00000016564c0000,0x00000016565c0000] [id=3476]

Stack: [0x00000016564c0000,0x00000016565c0000]
[error occurred during error reporting (printing stack bounds), id 0xc0000005, EXCEPTION_ACCESS_VIOLATION (0xc0000005) at pc=0x000000163f27112d]

Native frames: (J=compiled Java code, j=interpreted, Vv=VM code, C=native code)
V  [jvm.dll+0x6100fa]
V  [jvm.dll+0x747090]
V  [jvm.dll+0x7486ad]
V  [jvm.dll+0x748ce5]
V  [jvm.dll+0x748c9b]
V  [jvm.dll+0x60f224]
V  [jvm.dll+0x60f9b8]
C  [ntdll.dll+0x92f3d]
C  [ntdll.dll+0x54557]
C  [ntdll.dll+0x920ca]
C  0x000000163f27112d

VM_Operation (0x000000166bd1cd50): G1CollectForAllocation, mode: safepoint, requested by thread 0x0000001668739000


---------------  P R O C E S S  ---------------

Threads class SMR info:
_java_thread_list=0x000000165c3c0f60, length=94, elements={
0x000000163b785800, 0x00000016560cd000, 0x00000016560d6000, 0x0000001656128800,
0x000000165612b000, 0x000000165612c000, 0x000000165612d000, 0x00000016556b3000,
0x00000016556bc000, 0x0000001656294800, 0x0000001659191000, 0x000000165840c800,
0x00000016587c7000, 0x0000001659302000, 0x0000001659305000, 0x0000001659304800,
0x0000001659302800, 0x0000001659306000, 0x0000001659303800, 0x0000001659307800,
0x0000001659cdc000, 0x0000001659cdb800, 0x000000166004d000, 0x000000166004e800,
0x0000001660050000, 0x000000166004d800, 0x000000166004f000, 0x0000001660053800,
0x0000001660051000, 0x0000001660054000, 0x0000001660051800, 0x0000001660055000,
0x0000001660052800, 0x0000001660058000, 0x0000001660057800, 0x0000001660056000,
0x0000001660056800, 0x000000166005a000, 0x0000001660059000, 0x000000166005a800,
0x000000166005b800, 0x0000001659cd9000, 0x0000001659cd9800, 0x0000001659cde000,
0x0000001659cdf800, 0x0000001659cde800, 0x0000001659307000, 0x0000001659308800,
0x0000001659e90000, 0x0000001659e8f800, 0x0000001659e91000, 0x0000001659e8e800,
0x0000001659e92800, 0x0000001659e93800, 0x0000001659e92000, 0x0000001659e94800,
0x0000001659e95000, 0x0000001659e96000, 0x0000001659e97800, 0x0000001659e99000,
0x0000001659e98800, 0x0000001659e96800, 0x0000001659e9c800, 0x0000001659e9a000,
0x0000001659e9b800, 0x0000001659e9d800, 0x0000001659e9b000, 0x000000165d7e1000,
0x000000165d7e2000, 0x000000165d7e2800, 0x000000165d7e0800, 0x000000165d7e6000,
0x000000165d7e4800, 0x000000165d7e5000, 0x000000165d7e3800, 0x000000165d7e7000,
0x0000001668734000, 0x0000001668736800, 0x0000001668735000, 0x0000001668738000,
0x0000001668736000, 0x000000166873a000, 0x000000166873b800, 0x0000001668739000,
0x000000166873f000, 0x0000001668737800, 0x00000016584d7800, 0x000000166873c800,
0x000000166873d000, 0x000000166873a800, 0x000000166873e000, 0x0000001668740800,
0x0000001668741000, 0x0000001668742000
}

Java Threads: ( => current thread )
  0x000000163b785800 JavaThread "main" [_thread_blocked, id=4172, stack(0x000000163ae30000,0x000000163af30000)]
  0x00000016560cd000 JavaThread "Reference Handler" daemon [_thread_blocked, id=4724, stack(0x00000016565c0000,0x00000016566c0000)]
  0x00000016560d6000 JavaThread "Finalizer" daemon [_thread_blocked, id=4344, stack(0x00000016566c0000,0x00000016567c0000)]
  0x0000001656128800 JavaThread "Signal Dispatcher" daemon [_thread_blocked, id=4496, stack(0x00000016567c0000,0x00000016568c0000)]
  0x000000165612b000 JavaThread "Attach Listener" daemon [_thread_blocked, id=1500, stack(0x00000016568c0000,0x00000016569c0000)]
  0x000000165612c000 JavaThread "Service Thread" daemon [_thread_blocked, id=3800, stack(0x00000016569c0000,0x0000001656ac0000)]
  0x000000165612d000 JavaThread "C2 CompilerThread0" daemon [_thread_blocked, id=4484, stack(0x0000001656ac0000,0x0000001656bc0000)]
  0x00000016556b3000 JavaThread "C1 CompilerThread0" daemon [_thread_blocked, id=2568, stack(0x0000001656bc0000,0x0000001656cc0000)]
  0x00000016556bc000 JavaThread "Sweeper thread" daemon [_thread_blocked, id=2856, stack(0x0000001656cc0000,0x0000001656dc0000)]
  0x0000001656294800 JavaThread "Common-Cleaner" daemon [_thread_blocked, id=4436, stack(0x0000001656dc0000,0x0000001656ec0000)]
  0x0000001659191000 JavaThread "Daemon health stats" [_thread_blocked, id=3700, stack(0x000000165a460000,0x000000165a560000)]
  0x000000165840c800 JavaThread "Incoming local TCP Connector on port 49648" [_thread_in_native, id=4564, stack(0x000000165a840000,0x000000165a940000)]
  0x00000016587c7000 JavaThread "Daemon periodic checks" [_thread_blocked, id=4828, stack(0x000000165ab40000,0x000000165ac40000)]
  0x0000001659302000 JavaThread "Cache worker for journal cache (C:\Users\Nadezhda S\.gradle\caches\journal-1)" [_thread_blocked, id=4228, stack(0x000000165b740000,0x000000165b840000)]
  0x0000001659305000 JavaThread "File lock request listener" [_thread_in_native, id=188, stack(0x000000165b840000,0x000000165b940000)]
  0x0000001659304800 JavaThread "Cache worker for file hash cache (C:\Users\Nadezhda S\.gradle\caches\7.4\fileHashes)" [_thread_blocked, id=4176, stack(0x000000165bb40000,0x000000165bc40000)]
  0x0000001659302800 JavaThread "jar transforms" [_thread_blocked, id=3772, stack(0x000000165bc40000,0x000000165bd40000)]
  0x0000001659306000 JavaThread "jar transforms Thread 2" [_thread_blocked, id=4576, stack(0x000000165bd40000,0x000000165be40000)]
  0x0000001659303800 JavaThread "jar transforms Thread 3" [_thread_blocked, id=4884, stack(0x000000165be40000,0x000000165bf40000)]
  0x0000001659307800 JavaThread "jar transforms Thread 4" [_thread_blocked, id=628, stack(0x000000165e100000,0x000000165e200000)]
  0x0000001659cdc000 JavaThread "Cache worker for execution history cache (C:\Users\Nadezhda S\.gradle\caches\7.4\executionHistory)" [_thread_blocked, id=1312, stack(0x000000165ecf0000,0x000000165edf0000)]
  0x0000001659cdb800 JavaThread "Cache worker for file content cache (C:\Users\Nadezhda S\.gradle\caches\7.4\fileContent)" [_thread_blocked, id=132, stack(0x000000165f3f0000,0x000000165f4f0000)]
  0x000000166004d000 JavaThread "Memory manager" [_thread_blocked, id=3880, stack(0x0000001665a90000,0x0000001665b90000)]
  0x000000166004e800 JavaThread "Daemon Thread 3" [_thread_blocked, id=4224, stack(0x00000016577c0000,0x00000016578c0000)]
  0x0000001660050000 JavaThread "Handler for socket connection from /127.0.0.1:49648 to /127.0.0.1:49880" [_thread_in_native, id=2840, stack(0x000000165ac40000,0x000000165ad40000)]
  0x000000166004d800 JavaThread "Cancel handler" [_thread_blocked, id=1800, stack(0x000000165ad40000,0x000000165ae40000)]
  0x000000166004f000 JavaThread "Daemon worker Thread 3" [_thread_blocked, id=1296, stack(0x000000165ae40000,0x000000165af40000)]
  0x0000001660053800 JavaThread "Asynchronous log dispatcher for DefaultDaemonConnection: socket connection from /127.0.0.1:49648 to /127.0.0.1:49880" [_thread_blocked, id=2816, stack(0x000000165af40000,0x000000165b040000)]
  0x0000001660051000 JavaThread "Stdin handler" [_thread_blocked, id=2284, stack(0x000000165b040000,0x000000165b140000)]
  0x0000001660054000 JavaThread "Daemon client event forwarder" [_thread_blocked, id=2260, stack(0x000000165b240000,0x000000165b340000)]
  0x0000001660051800 JavaThread "Cache worker for checksums cache (C:\Users\Nadezhda S\AndroidStudioProjects\MFinishProjekt\.gradle\7.4\checksums)" [_thread_blocked, id=660, stack(0x000000165b340000,0x000000165b440000)]
  0x0000001660055000 JavaThread "Cache worker for cache directory md-rule (C:\Users\Nadezhda S\.gradle\caches\7.4\md-rule)" [_thread_blocked, id=4776, stack(0x000000165e200000,0x000000165e300000)]
  0x0000001660052800 JavaThread "Cache worker for file hash cache (C:\Users\Nadezhda S\AndroidStudioProjects\MFinishProjekt\.gradle\7.4\fileHashes)" [_thread_blocked, id=4200, stack(0x000000165e7f0000,0x000000165e8f0000)]
  0x0000001660058000 JavaThread "Cache worker for cache directory md-supplier (C:\Users\Nadezhda S\.gradle\caches\7.4\md-supplier)" [_thread_blocked, id=3280, stack(0x000000165e8f0000,0x000000165e9f0000)]
  0x0000001660057800 JavaThread "Cache worker for dependencies-accessors (C:\Users\Nadezhda S\AndroidStudioProjects\MFinishProjekt\.gradle\7.4\dependencies-accessors)" [_thread_blocked, id=3984, stack(0x000000165f4f0000,0x000000165f5f0000)]
  0x0000001660056000 JavaThread "Cache worker for Build Output Cleanup Cache (C:\Users\Nadezhda S\AndroidStudioProjects\MFinishProjekt\.gradle\buildOutputCleanup)" [_thread_blocked, id=1020, stack(0x00000016609f0000,0x0000001660af0000)]
  0x0000001660056800 JavaThread "Unconstrained build operations" [_thread_blocked, id=4868, stack(0x0000001661710000,0x0000001661810000)]
  0x000000166005a000 JavaThread "Unconstrained build operations Thread 2" [_thread_blocked, id=2968, stack(0x0000001661810000,0x0000001661910000)]
  0x0000001660059000 JavaThread "Unconstrained build operations Thread 3" [_thread_blocked, id=752, stack(0x0000001661910000,0x0000001661a10000)]
  0x000000166005a800 JavaThread "Unconstrained build operations Thread 4" [_thread_blocked, id=2564, stack(0x0000001661a10000,0x0000001661b10000)]
  0x000000166005b800 JavaThread "Unconstrained build operations Thread 5" [_thread_blocked, id=4376, stack(0x0000001661b10000,0x0000001661c10000)]
  0x0000001659cd9000 JavaThread "Unconstrained build operations Thread 6" [_thread_blocked, id=3408, stack(0x0000001661c10000,0x0000001661d10000)]
  0x0000001659cd9800 JavaThread "Unconstrained build operations Thread 7" [_thread_blocked, id=5096, stack(0x0000001661d10000,0x0000001661e10000)]
  0x0000001659cde000 JavaThread "Unconstrained build operations Thread 8" [_thread_blocked, id=4556, stack(0x0000001661e10000,0x0000001661f10000)]
  0x0000001659cdf800 JavaThread "Unconstrained build operations Thread 9" [_thread_blocked, id=3744, stack(0x0000001661f10000,0x0000001662010000)]
  0x0000001659cde800 JavaThread "Unconstrained build operations Thread 10" [_thread_blocked, id=2808, stack(0x0000001662010000,0x0000001662110000)]
  0x0000001659307000 JavaThread "Unconstrained build operations Thread 11" [_thread_blocked, id=2396, stack(0x0000001662110000,0x0000001662210000)]
  0x0000001659308800 JavaThread "Unconstrained build operations Thread 12" [_thread_blocked, id=5088, stack(0x0000001662210000,0x0000001662310000)]
  0x0000001659e90000 JavaThread "Unconstrained build operations Thread 13" [_thread_blocked, id=3396, stack(0x0000001662310000,0x0000001662410000)]
  0x0000001659e8f800 JavaThread "Unconstrained build operations Thread 14" [_thread_blocked, id=1884, stack(0x0000001662410000,0x0000001662510000)]
  0x0000001659e91000 JavaThread "Unconstrained build operations Thread 15" [_thread_blocked, id=4364, stack(0x0000001662510000,0x0000001662610000)]
  0x0000001659e8e800 JavaThread "Unconstrained build operations Thread 16" [_thread_blocked, id=3260, stack(0x0000001662610000,0x0000001662710000)]
  0x0000001659e92800 JavaThread "Unconstrained build operations Thread 17" [_thread_blocked, id=3924, stack(0x0000001662710000,0x0000001662810000)]
  0x0000001659e93800 JavaThread "Unconstrained build operations Thread 18" [_thread_blocked, id=4016, stack(0x0000001662810000,0x0000001662910000)]
  0x0000001659e92000 JavaThread "Unconstrained build operations Thread 19" [_thread_blocked, id=4244, stack(0x0000001662910000,0x0000001662a10000)]
  0x0000001659e94800 JavaThread "Unconstrained build operations Thread 20" [_thread_blocked, id=4332, stack(0x0000001662a10000,0x0000001662b10000)]
  0x0000001659e95000 JavaThread "Unconstrained build operations Thread 21" [_thread_blocked, id=1732, stack(0x0000001662b10000,0x0000001662c10000)]
  0x0000001659e96000 JavaThread "Unconstrained build operations Thread 22" [_thread_blocked, id=1180, stack(0x0000001662c10000,0x0000001662d10000)]
  0x0000001659e97800 JavaThread "Unconstrained build operations Thread 23" [_thread_blocked, id=3020, stack(0x0000001662d10000,0x0000001662e10000)]
  0x0000001659e99000 JavaThread "Unconstrained build operations Thread 24" [_thread_blocked, id=3460, stack(0x0000001662e10000,0x0000001662f10000)]
  0x0000001659e98800 JavaThread "Unconstrained build operations Thread 25" [_thread_blocked, id=5100, stack(0x0000001662f10000,0x0000001663010000)]
  0x0000001659e96800 JavaThread "Unconstrained build operations Thread 26" [_thread_blocked, id=4368, stack(0x0000001663010000,0x0000001663110000)]
  0x0000001659e9c800 JavaThread "Unconstrained build operations Thread 27" [_thread_blocked, id=2272, stack(0x0000001663110000,0x0000001663210000)]
  0x0000001659e9a000 JavaThread "Unconstrained build operations Thread 28" [_thread_blocked, id=3516, stack(0x0000001663210000,0x0000001663310000)]
  0x0000001659e9b800 JavaThread "Unconstrained build operations Thread 29" [_thread_blocked, id=2908, stack(0x0000001663310000,0x0000001663410000)]
  0x0000001659e9d800 JavaThread "Unconstrained build operations Thread 30" [_thread_blocked, id=2400, stack(0x0000001663410000,0x0000001663510000)]
  0x0000001659e9b000 JavaThread "Unconstrained build operations Thread 31" [_thread_blocked, id=1444, stack(0x0000001663510000,0x0000001663610000)]
  0x000000165d7e1000 JavaThread "Unconstrained build operations Thread 32" [_thread_blocked, id=4404, stack(0x0000001663610000,0x0000001663710000)]
  0x000000165d7e2000 JavaThread "Unconstrained build operations Thread 33" [_thread_blocked, id=4964, stack(0x0000001663710000,0x0000001663810000)]
  0x000000165d7e2800 JavaThread "Unconstrained build operations Thread 34" [_thread_blocked, id=2712, stack(0x0000001663810000,0x0000001663910000)]
  0x000000165d7e0800 JavaThread "Unconstrained build operations Thread 35" [_thread_blocked, id=1836, stack(0x0000001663910000,0x0000001663a10000)]
  0x000000165d7e6000 JavaThread "Unconstrained build operations Thread 36" [_thread_blocked, id=4968, stack(0x0000001663a10000,0x0000001663b10000)]
  0x000000165d7e4800 JavaThread "Unconstrained build operations Thread 37" [_thread_blocked, id=4212, stack(0x0000001663b10000,0x0000001663c10000)]
  0x000000165d7e5000 JavaThread "Unconstrained build operations Thread 38" [_thread_blocked, id=1428, stack(0x0000001663c10000,0x0000001663d10000)]
  0x000000165d7e3800 JavaThread "Unconstrained build operations Thread 39" [_thread_blocked, id=4780, stack(0x0000001663d10000,0x0000001663e10000)]
  0x000000165d7e7000 JavaThread "Unconstrained build operations Thread 40" [_thread_blocked, id=4432, stack(0x0000001663e10000,0x0000001663f10000)]
  0x0000001668734000 JavaThread "build event listener" [_thread_blocked, id=4208, stack(0x0000001665930000,0x0000001665a30000)]
  0x0000001668736800 JavaThread "included builds" [_thread_blocked, id=1236, stack(0x0000001666d50000,0x0000001666e50000)]
  0x0000001668735000 JavaThread "Execution worker for ':'" [_thread_blocked, id=4736, stack(0x0000001668850000,0x0000001668950000)]
  0x0000001668738000 JavaThread "Execution worker for ':' Thread 2" [_thread_blocked, id=1520, stack(0x0000001669c20000,0x0000001669d20000)]
  0x0000001668736000 JavaThread "Execution worker for ':' Thread 3" [_thread_blocked, id=4056, stack(0x0000001669f60000,0x000000166a060000)]
  0x000000166873a000 JavaThread "Cache worker for execution history cache (C:\Users\Nadezhda S\AndroidStudioProjects\MFinishProjekt\.gradle\7.4\executionHistory)" [_thread_blocked, id=4280, stack(0x000000166b520000,0x000000166b620000)]
  0x000000166873b800 JavaThread "WorkerExecutor Queue Thread 3" [_thread_blocked, id=180, stack(0x0000001666b80000,0x0000001666c80000)]
  0x0000001668739000 JavaThread "WorkerExecutor Queue Thread 4" [_thread_blocked, id=5016, stack(0x000000166bc20000,0x000000166bd20000)]
  0x000000166873f000 JavaThread "WorkerExecutor Queue Thread 5" [_thread_blocked, id=4760, stack(0x000000165e9f0000,0x000000165eaf0000)]
  0x0000001668737800 JavaThread "WorkerExecutor Queue Thread 6" [_thread_blocked, id=4600, stack(0x0000001665fa0000,0x00000016660a0000)]
  0x00000016584d7800 JavaThread "C2 CompilerThread1" daemon [_thread_blocked, id=3156, stack(0x000000166bd20000,0x000000166be20000)]
  0x000000166873c800 JavaThread "ForkJoinPool-1-worker-3" daemon [_thread_blocked, id=5124, stack(0x000000166d070000,0x000000166d170000)]
  0x000000166873d000 JavaThread "ForkJoinPool-1-worker-5" daemon [_thread_blocked, id=5128, stack(0x000000166e140000,0x000000166e240000)]
  0x000000166873a800 JavaThread "pool-5-thread-1" [_thread_blocked, id=5132, stack(0x000000166e240000,0x000000166e340000)]
  0x000000166873e000 JavaThread "stderr" [_thread_in_native, id=5144, stack(0x000000166e340000,0x000000166e440000)]
  0x0000001668740800 JavaThread "stdout" [_thread_in_native, id=5148, stack(0x000000166e440000,0x000000166e540000)]
  0x0000001668741000 JavaThread "ForkJoinPool-1-worker-7" daemon [_thread_blocked, id=5156, stack(0x000000166e540000,0x000000166e640000)]
  0x0000001668742000 JavaThread "ForkJoinPool-1-worker-1" daemon [_thread_blocked, id=5160, stack(0x000000166e640000,0x000000166e740000)]

Other Threads:
=>0x00000016560c4000 VMThread "VM Thread" [stack: 0x00000016564c0000,0x00000016565c0000] [id=3476]
  0x00000016562ad800 WatcherThread [stack: 0x0000001656ec0000,0x0000001656fc0000] [id=3436]
  0x000000163b79e800 GCTaskThread "GC Thread#0" [stack: 0x000000163b110000,0x000000163b210000] [id=3340]
  0x00000016574ef000 GCTaskThread "GC Thread#1" [stack: 0x0000001658890000,0x0000001658990000] [id=1636]
  0x0000001657077000 GCTaskThread "GC Thread#2" [stack: 0x0000001658990000,0x0000001658a90000] [id=4772]
  0x00000016594cf000 GCTaskThread "GC Thread#3" [stack: 0x000000165b440000,0x000000165b540000] [id=2680]
  0x000000163b7d0800 ConcurrentGCThread "G1 Main Marker" [stack: 0x0000001652e70000,0x0000001652f70000] [id=2068]
  0x000000163b7d3000 ConcurrentGCThread "G1 Conc#0" [stack: 0x0000001652f70000,0x0000001653070000] [id=1340]
  0x00000016554f5800 ConcurrentGCThread "G1 Refine#0" [stack: 0x00000016556c0000,0x00000016557c0000] [id=2460]
  0x00000016554f6800 ConcurrentGCThread "G1 Young RemSet Sampling" [stack: 0x00000016557c0000,0x00000016558c0000] [id=4272]

Threads with active compile tasks:
C2 CompilerThread16432004 25850       4       com.android.tools.r8.graph.m2::a (51 bytes)

VM state:at safepoint (normal execution)

VM Mutex/Monitor currently owned by a thread:  ([mutex/lock_event])
[0x000000163b7826e0] Threads_lock - owner thread: 0x00000016560c4000
[0x000000163b782530] Heap_lock - owner thread: 0x0000001668739000

Heap address: 0x0000000080000000, size: 2048 MB, Compressed Oops mode: 32-bit
Narrow klass base: 0x0000000000000000, Narrow klass shift: 3
Compressed class space size: 1073741824 Address: 0x0000000100000000

Heap:
 garbage-first heap   total 434176K, used 281587K [0x0000000080000000, 0x0000000100000000)
  region size 1024K, 2 young (2048K), 2 survivors (2048K)
 Metaspace       used 151691K, capacity 155550K, committed 155816K, reserved 1185792K
  class space    used 18588K, capacity 19953K, committed 20120K, reserved 1048576K
Heap Regions: E=young(eden), S=young(survivor), O=old, HS=humongous(starts), HC=humongous(continues), CS=collection set, F=free, A=archive, TAMS=top-at-mark-start (previous, next)
|   0|0x0000000080000000, 0x0000000080100000, 0x0000000080100000|100%|HS|  |TAMS 0x0000000080100000, 0x0000000080100000| Complete 
|   1|0x0000000080100000, 0x0000000080200000, 0x0000000080200000|100%|HC|  |TAMS 0x0000000080200000, 0x0000000080200000| Complete 
|   2|0x0000000080200000, 0x0000000080300000, 0x0000000080300000|100%|HC|  |TAMS 0x0000000080300000, 0x0000000080300000| Complete 
|   3|0x0000000080300000, 0x0000000080400000, 0x0000000080400000|100%| O|  |TAMS 0x0000000080400000, 0x0000000080400000| Untracked 
|   4|0x0000000080400000, 0x0000000080500000, 0x0000000080500000|100%| O|  |TAMS 0x0000000080500000, 0x0000000080500000| Untracked 
|   5|0x0000000080500000, 0x0000000080600000, 0x0000000080600000|100%| O|  |TAMS 0x0000000080600000, 0x0000000080600000| Untracked 
|   6|0x0000000080600000, 0x0000000080700000, 0x0000000080700000|100%|HS|  |TAMS 0x0000000080700000, 0x0000000080700000| Complete 
|   7|0x0000000080700000, 0x0000000080800000, 0x0000000080800000|100%| O|  |TAMS 0x0000000080800000, 0x0000000080800000| Untracked 
|   8|0x0000000080800000, 0x0000000080900000, 0x0000000080900000|100%| O|  |TAMS 0x0000000080900000, 0x0000000080900000| Untracked 
|   9|0x0000000080900000, 0x0000000080a00000, 0x0000000080a00000|100%| O|  |TAMS 0x0000000080a00000, 0x0000000080a00000| Untracked 
|  10|0x0000000080a00000, 0x0000000080b00000, 0x0000000080b00000|100%| O|  |TAMS 0x0000000080b00000, 0x0000000080b00000| Untracked 
|  11|0x0000000080b00000, 0x0000000080c00000, 0x0000000080c00000|100%| O|  |TAMS 0x0000000080c00000, 0x0000000080c00000| Untracked 
|  12|0x0000000080c00000, 0x0000000080d00000, 0x0000000080d00000|100%| O|  |TAMS 0x0000000080d00000, 0x0000000080d00000| Untracked 
|  13|0x0000000080d00000, 0x0000000080e00000, 0x0000000080e00000|100%| O|  |TAMS 0x0000000080e00000, 0x0000000080e00000| Untracked 
|  14|0x0000000080e00000, 0x0000000080f00000, 0x0000000080f00000|100%| O|  |TAMS 0x0000000080f00000, 0x0000000080f00000| Untracked 
|  15|0x0000000080f00000, 0x0000000081000000, 0x0000000081000000|100%| O|  |TAMS 0x0000000081000000, 0x0000000081000000| Untracked 
|  16|0x0000000081000000, 0x0000000081100000, 0x0000000081100000|100%| O|  |TAMS 0x0000000081100000, 0x0000000081100000| Untracked 
|  17|0x0000000081100000, 0x0000000081200000, 0x0000000081200000|100%|HS|  |TAMS 0x0000000081200000, 0x0000000081200000| Complete 
|  18|0x0000000081200000, 0x0000000081300000, 0x0000000081300000|100%|HC|  |TAMS 0x0000000081300000, 0x0000000081300000| Complete 
|  19|0x0000000081300000, 0x0000000081400000, 0x0000000081400000|100%|HS|  |TAMS 0x0000000081400000, 0x0000000081400000| Complete 
|  20|0x0000000081400000, 0x0000000081500000, 0x0000000081500000|100%|HC|  |TAMS 0x0000000081500000, 0x0000000081500000| Complete 
|  21|0x0000000081500000, 0x0000000081600000, 0x0000000081600000|100%|HC|  |TAMS 0x0000000081600000, 0x0000000081600000| Complete 
|  22|0x0000000081600000, 0x0000000081700000, 0x0000000081700000|100%|HS|  |TAMS 0x0000000081700000, 0x0000000081700000| Complete 
|  23|0x0000000081700000, 0x0000000081800000, 0x0000000081800000|100%|HC|  |TAMS 0x0000000081800000, 0x0000000081800000| Complete 
|  24|0x0000000081800000, 0x0000000081900000, 0x0000000081900000|100%|HC|  |TAMS 0x0000000081900000, 0x0000000081900000| Complete 
|  25|0x0000000081900000, 0x0000000081a00000, 0x0000000081a00000|100%|HS|  |TAMS 0x0000000081a00000, 0x0000000081a00000| Complete 
|  26|0x0000000081a00000, 0x0000000081b00000, 0x0000000081b00000|100%|HC|  |TAMS 0x0000000081b00000, 0x0000000081b00000| Complete 
|  27|0x0000000081b00000, 0x0000000081c00000, 0x0000000081c00000|100%|HC|  |TAMS 0x0000000081c00000, 0x0000000081c00000| Complete 
|  28|0x0000000081c00000, 0x0000000081d00000, 0x0000000081d00000|100%|HC|  |TAMS 0x0000000081d00000, 0x0000000081d00000| Complete 
|  29|0x0000000081d00000, 0x0000000081e00000, 0x0000000081e00000|100%|HS|  |TAMS 0x0000000081e00000, 0x0000000081e00000| Complete 
|  30|0x0000000081e00000, 0x0000000081f00000, 0x0000000081f00000|100%|HC|  |TAMS 0x0000000081f00000, 0x0000000081f00000| Complete 
|  31|0x0000000081f00000, 0x0000000082000000, 0x0000000082000000|100%|HC|  |TAMS 0x0000000082000000, 0x0000000082000000| Complete 
|  32|0x0000000082000000, 0x0000000082100000, 0x0000000082100000|100%|HC|  |TAMS 0x0000000082100000, 0x0000000082100000| Complete 
|  33|0x0000000082100000, 0x0000000082200000, 0x0000000082200000|100%|HC|  |TAMS 0x0000000082200000, 0x0000000082200000| Complete 
|  34|0x0000000082200000, 0x0000000082300000, 0x0000000082300000|100%|HS|  |TAMS 0x0000000082300000, 0x0000000082300000| Complete 
|  35|0x0000000082300000, 0x0000000082400000, 0x0000000082400000|100%| O|  |TAMS 0x0000000082400000, 0x0000000082400000| Untracked 
|  36|0x0000000082400000, 0x0000000082500000, 0x0000000082500000|100%| O|  |TAMS 0x0000000082500000, 0x0000000082500000| Untracked 
|  37|0x0000000082500000, 0x0000000082600000, 0x0000000082600000|100%| O|  |TAMS 0x0000000082600000, 0x0000000082600000| Untracked 
|  38|0x0000000082600000, 0x0000000082700000, 0x0000000082700000|100%| O|  |TAMS 0x0000000082700000, 0x0000000082700000| Untracked 
|  39|0x0000000082700000, 0x0000000082800000, 0x0000000082800000|100%| O|  |TAMS 0x0000000082800000, 0x0000000082800000| Untracked 
|  40|0x0000000082800000, 0x0000000082900000, 0x0000000082900000|100%| O|  |TAMS 0x0000000082900000, 0x0000000082900000| Untracked 
|  41|0x0000000082900000, 0x0000000082a00000, 0x0000000082a00000|100%| O|  |TAMS 0x0000000082a00000, 0x0000000082a00000| Untracked 
|  42|0x0000000082a00000, 0x0000000082b00000, 0x0000000082b00000|100%| O|  |TAMS 0x0000000082b00000, 0x0000000082b00000| Untracked 
|  43|0x0000000082b00000, 0x0000000082c00000, 0x0000000082c00000|100%| O|  |TAMS 0x0000000082c00000, 0x0000000082c00000| Untracked 
|  44|0x0000000082c00000, 0x0000000082d00000, 0x0000000082d00000|100%|HS|  |TAMS 0x0000000082d00000, 0x0000000082d00000| Complete 
|  45|0x0000000082d00000, 0x0000000082e00000, 0x0000000082e00000|100%|HC|  |TAMS 0x0000000082e00000, 0x0000000082e00000| Complete 
|  46|0x0000000082e00000, 0x0000000082f00000, 0x0000000082f00000|100%|HC|  |TAMS 0x0000000082f00000, 0x0000000082f00000| Complete 
|  47|0x0000000082f00000, 0x0000000083000000, 0x0000000083000000|100%|HC|  |TAMS 0x0000000083000000, 0x0000000083000000| Complete 
|  48|0x0000000083000000, 0x0000000083100000, 0x0000000083100000|100%|HS|  |TAMS 0x0000000083100000, 0x0000000083100000| Complete 
|  49|0x0000000083100000, 0x0000000083200000, 0x0000000083200000|100%|HC|  |TAMS 0x0000000083200000, 0x0000000083200000| Complete 
|  50|0x0000000083200000, 0x0000000083300000, 0x0000000083300000|100%|HC|  |TAMS 0x0000000083300000, 0x0000000083300000| Complete 
|  51|0x0000000083300000, 0x0000000083400000, 0x0000000083400000|100%|HS|  |TAMS 0x0000000083400000, 0x0000000083400000| Complete 
|  52|0x0000000083400000, 0x0000000083500000, 0x0000000083500000|100%|HC|  |TAMS 0x0000000083500000, 0x0000000083500000| Complete 
|  53|0x0000000083500000, 0x0000000083600000, 0x0000000083600000|100%|HS|  |TAMS 0x0000000083600000, 0x0000000083600000| Complete 
|  54|0x0000000083600000, 0x0000000083700000, 0x0000000083700000|100%|HC|  |TAMS 0x0000000083700000, 0x0000000083700000| Complete 
|  55|0x0000000083700000, 0x0000000083800000, 0x0000000083800000|100%|HC|  |TAMS 0x0000000083800000, 0x0000000083800000| Complete 
|  56|0x0000000083800000, 0x0000000083900000, 0x0000000083900000|100%| O|  |TAMS 0x0000000083900000, 0x0000000083900000| Untracked 
|  57|0x0000000083900000, 0x0000000083a00000, 0x0000000083a00000|100%| O|  |TAMS 0x0000000083a00000, 0x0000000083a00000| Untracked 
|  58|0x0000000083a00000, 0x0000000083b00000, 0x0000000083b00000|100%| O|  |TAMS 0x0000000083a00000, 0x0000000083b00000| Untracked 
|  59|0x0000000083b00000, 0x0000000083c00000, 0x0000000083c00000|100%| O|  |TAMS 0x0000000083c00000, 0x0000000083c00000| Untracked 
|  60|0x0000000083c00000, 0x0000000083d00000, 0x0000000083d00000|100%| O|  |TAMS 0x0000000083d00000, 0x0000000083d00000| Untracked 
|  61|0x0000000083d00000, 0x0000000083e00000, 0x0000000083e00000|100%| O|  |TAMS 0x0000000083e00000, 0x0000000083e00000| Untracked 
|  62|0x0000000083e00000, 0x0000000083f00000, 0x0000000083f00000|100%| O|  |TAMS 0x0000000083f00000, 0x0000000083f00000| Untracked 
|  63|0x0000000083f00000, 0x0000000084000000, 0x0000000084000000|100%| O|  |TAMS 0x0000000084000000, 0x0000000084000000| Untracked 
|  64|0x0000000084000000, 0x0000000084100000, 0x0000000084100000|100%| O|  |TAMS 0x0000000084000000, 0x0000000084100000| Untracked 
|  65|0x0000000084100000, 0x0000000084200000, 0x0000000084200000|100%| O|  |TAMS 0x0000000084200000, 0x0000000084200000| Untracked 
|  66|0x0000000084200000, 0x0000000084300000, 0x0000000084300000|100%|HS|  |TAMS 0x0000000084300000, 0x0000000084300000| Complete 
|  67|0x0000000084300000, 0x0000000084400000, 0x0000000084400000|100%|HC|  |TAMS 0x0000000084400000, 0x0000000084400000| Complete 
|  68|0x0000000084400000, 0x0000000084500000, 0x0000000084500000|100%|HC|  |TAMS 0x0000000084500000, 0x0000000084500000| Complete 
|  69|0x0000000084500000, 0x0000000084600000, 0x0000000084600000|100%|HC|  |TAMS 0x0000000084600000, 0x0000000084600000| Complete 
|  70|0x0000000084600000, 0x0000000084700000, 0x0000000084700000|100%|HC|  |TAMS 0x0000000084700000, 0x0000000084700000| Complete 
|  71|0x0000000084700000, 0x0000000084800000, 0x0000000084800000|100%| O|  |TAMS 0x0000000084800000, 0x0000000084800000| Untracked 
|  72|0x0000000084800000, 0x0000000084900000, 0x0000000084900000|100%|HS|  |TAMS 0x0000000084800000, 0x0000000084800000| Complete 
|  73|0x0000000084900000, 0x0000000084a00000, 0x0000000084a00000|100%|HS|  |TAMS 0x0000000084900000, 0x0000000084900000| Complete 
|  74|0x0000000084a00000, 0x0000000084b00000, 0x0000000084b00000|100%|HS|  |TAMS 0x0000000084b00000, 0x0000000084b00000| Complete 
|  75|0x0000000084b00000, 0x0000000084c00000, 0x0000000084c00000|100%|HS|  |TAMS 0x0000000084c00000, 0x0000000084c00000| Complete 
|  76|0x0000000084c00000, 0x0000000084d00000, 0x0000000084d00000|100%|HS|  |TAMS 0x0000000084d00000, 0x0000000084d00000| Complete 
|  77|0x0000000084d00000, 0x0000000084e00000, 0x0000000084e00000|100%|HS|  |TAMS 0x0000000084e00000, 0x0000000084e00000| Complete 
|  78|0x0000000084e00000, 0x0000000084f00000, 0x0000000084f00000|100%| O|  |TAMS 0x0000000084f00000, 0x0000000084f00000| Untracked 
|  79|0x0000000084f00000, 0x0000000084f00000, 0x0000000085000000|  0%| F|  |TAMS 0x0000000084f00000, 0x0000000084f00000| Untracked 
|  80|0x0000000085000000, 0x0000000085100000, 0x0000000085100000|100%| O|  |TAMS 0x0000000085100000, 0x0000000085100000| Untracked 
|  81|0x0000000085100000, 0x0000000085200000, 0x0000000085200000|100%| O|  |TAMS 0x0000000085200000, 0x0000000085200000| Untracked 
|  82|0x0000000085200000, 0x0000000085200000, 0x0000000085300000|  0%| F|  |TAMS 0x0000000085200000, 0x0000000085200000| Untracked 
|  83|0x0000000085300000, 0x0000000085400000, 0x0000000085400000|100%|HS|  |TAMS 0x0000000085400000, 0x0000000085400000| Complete 
|  84|0x0000000085400000, 0x0000000085500000, 0x0000000085500000|100%|HC|  |TAMS 0x0000000085500000, 0x0000000085500000| Complete 
|  85|0x0000000085500000, 0x0000000085600000, 0x0000000085600000|100%|HC|  |TAMS 0x0000000085600000, 0x0000000085600000| Complete 
|  86|0x0000000085600000, 0x0000000085700000, 0x0000000085700000|100%| O|  |TAMS 0x0000000085700000, 0x0000000085700000| Untracked 
|  87|0x0000000085700000, 0x0000000085800000, 0x0000000085800000|100%|HS|  |TAMS 0x0000000085800000, 0x0000000085800000| Complete 
|  88|0x0000000085800000, 0x0000000085900000, 0x0000000085900000|100%|HC|  |TAMS 0x0000000085900000, 0x0000000085900000| Complete 
|  89|0x0000000085900000, 0x0000000085a00000, 0x0000000085a00000|100%|HS|  |TAMS 0x0000000085900000, 0x0000000085900000| Complete 
|  90|0x0000000085a00000, 0x0000000085b00000, 0x0000000085b00000|100%|HC|  |TAMS 0x0000000085a00000, 0x0000000085a00000| Complete 
|  91|0x0000000085b00000, 0x0000000085c00000, 0x0000000085c00000|100%| O|  |TAMS 0x0000000085c00000, 0x0000000085c00000| Untracked 
|  92|0x0000000085c00000, 0x0000000085d00000, 0x0000000085d00000|100%| O|  |TAMS 0x0000000085d00000, 0x0000000085d00000| Untracked 
|  93|0x0000000085d00000, 0x0000000085e00000, 0x0000000085e00000|100%| O|  |TAMS 0x0000000085e00000, 0x0000000085e00000| Untracked 
|  94|0x0000000085e00000, 0x0000000085f00000, 0x0000000085f00000|100%| O|  |TAMS 0x0000000085f00000, 0x0000000085f00000| Untracked 
|  95|0x0000000085f00000, 0x0000000086000000, 0x0000000086000000|100%| O|  |TAMS 0x0000000086000000, 0x0000000086000000| Untracked 
|  96|0x0000000086000000, 0x0000000086100000, 0x0000000086100000|100%|HS|  |TAMS 0x0000000086100000, 0x0000000086100000| Complete 
|  97|0x0000000086100000, 0x0000000086200000, 0x0000000086200000|100%| O|  |TAMS 0x0000000086200000, 0x0000000086200000| Untracked 
|  98|0x0000000086200000, 0x0000000086300000, 0x0000000086300000|100%| O|  |TAMS 0x0000000086300000, 0x0000000086300000| Untracked 
|  99|0x0000000086300000, 0x0000000086300000, 0x0000000086400000|  0%| F|  |TAMS 0x0000000086300000, 0x0000000086300000| Untracked 
| 100|0x0000000086400000, 0x0000000086500000, 0x0000000086500000|100%| O|  |TAMS 0x0000000086500000, 0x0000000086500000| Untracked 
| 101|0x0000000086500000, 0x0000000086600000, 0x0000000086600000|100%| O|  |TAMS 0x0000000086600000, 0x0000000086600000| Untracked 
| 102|0x0000000086600000, 0x0000000086700000, 0x0000000086700000|100%| O|  |TAMS 0x0000000086700000, 0x0000000086700000| Untracked 
| 103|0x0000000086700000, 0x0000000086800000, 0x0000000086800000|100%| O|  |TAMS 0x0000000086800000, 0x0000000086800000| Untracked 
| 104|0x0000000086800000, 0x0000000086800000, 0x0000000086900000|  0%| F|  |TAMS 0x0000000086800000, 0x0000000086800000| Untracked 
| 105|0x0000000086900000, 0x0000000086a00000, 0x0000000086a00000|100%| O|  |TAMS 0x0000000086a00000, 0x0000000086a00000| Untracked 
| 106|0x0000000086a00000, 0x0000000086b00000, 0x0000000086b00000|100%|HS|  |TAMS 0x0000000086b00000, 0x0000000086b00000| Complete 
| 107|0x0000000086b00000, 0x0000000086c00000, 0x0000000086c00000|100%| O|  |TAMS 0x0000000086c00000, 0x0000000086c00000| Untracked 
| 108|0x0000000086c00000, 0x0000000086d00000, 0x0000000086d00000|100%|HS|  |TAMS 0x0000000086d00000, 0x0000000086d00000| Complete 
| 109|0x0000000086d00000, 0x0000000086e00000, 0x0000000086e00000|100%|HC|  |TAMS 0x0000000086e00000, 0x0000000086e00000| Complete 
| 110|0x0000000086e00000, 0x0000000086f00000, 0x0000000086f00000|100%|HS|  |TAMS 0x0000000086f00000, 0x0000000086f00000| Complete 
| 111|0x0000000086f00000, 0x0000000087000000, 0x0000000087000000|100%|HC|  |TAMS 0x0000000087000000, 0x0000000087000000| Complete 
| 112|0x0000000087000000, 0x0000000087100000, 0x0000000087100000|100%|HC|  |TAMS 0x0000000087100000, 0x0000000087100000| Complete 
| 113|0x0000000087100000, 0x0000000087200000, 0x0000000087200000|100%|HS|  |TAMS 0x0000000087200000, 0x0000000087200000| Complete 
| 114|0x0000000087200000, 0x0000000087300000, 0x0000000087300000|100%|HC|  |TAMS 0x0000000087300000, 0x0000000087300000| Complete 
| 115|0x0000000087300000, 0x0000000087400000, 0x0000000087400000|100%|HC|  |TAMS 0x0000000087400000, 0x0000000087400000| Complete 
| 116|0x0000000087400000, 0x0000000087500000, 0x0000000087500000|100%|HS|  |TAMS 0x0000000087500000, 0x0000000087500000| Complete 
| 117|0x0000000087500000, 0x0000000087600000, 0x0000000087600000|100%|HC|  |TAMS 0x0000000087600000, 0x0000000087600000| Complete 
| 118|0x0000000087600000, 0x0000000087700000, 0x0000000087700000|100%|HC|  |TAMS 0x0000000087700000, 0x0000000087700000| Complete 
| 119|0x0000000087700000, 0x0000000087800000, 0x0000000087800000|100%|HC|  |TAMS 0x0000000087800000, 0x0000000087800000| Complete 
| 120|0x0000000087800000, 0x0000000087900000, 0x0000000087900000|100%|HS|  |TAMS 0x0000000087900000, 0x0000000087900000| Complete 
| 121|0x0000000087900000, 0x0000000087a00000, 0x0000000087a00000|100%|HC|  |TAMS 0x0000000087a00000, 0x0000000087a00000| Complete 
| 122|0x0000000087a00000, 0x0000000087b00000, 0x0000000087b00000|100%|HC|  |TAMS 0x0000000087b00000, 0x0000000087b00000| Complete 
| 123|0x0000000087b00000, 0x0000000087c00000, 0x0000000087c00000|100%|HC|  |TAMS 0x0000000087c00000, 0x0000000087c00000| Complete 
| 124|0x0000000087c00000, 0x0000000087d00000, 0x0000000087d00000|100%|HC|  |TAMS 0x0000000087d00000, 0x0000000087d00000| Complete 
| 125|0x0000000087d00000, 0x0000000087e00000, 0x0000000087e00000|100%| O|  |TAMS 0x0000000087e00000, 0x0000000087e00000| Untracked 
| 126|0x0000000087e00000, 0x0000000087f00000, 0x0000000087f00000|100%| O|  |TAMS 0x0000000087f00000, 0x0000000087f00000| Untracked 
| 127|0x0000000087f00000, 0x0000000088000000, 0x0000000088000000|100%| O|  |TAMS 0x0000000088000000, 0x0000000088000000| Untracked 
| 128|0x0000000088000000, 0x0000000088100000, 0x0000000088100000|100%| O|  |TAMS 0x0000000088100000, 0x0000000088100000| Untracked 
| 129|0x0000000088100000, 0x0000000088200000, 0x0000000088200000|100%| O|  |TAMS 0x0000000088200000, 0x0000000088200000| Untracked 
| 130|0x0000000088200000, 0x0000000088300000, 0x0000000088300000|100%| O|  |TAMS 0x0000000088300000, 0x0000000088300000| Untracked 
| 131|0x0000000088300000, 0x0000000088400000, 0x0000000088400000|100%| O|  |TAMS 0x0000000088400000, 0x0000000088400000| Untracked 
| 132|0x0000000088400000, 0x0000000088500000, 0x0000000088500000|100%| O|  |TAMS 0x0000000088500000, 0x0000000088500000| Untracked 
| 133|0x0000000088500000, 0x0000000088600000, 0x0000000088600000|100%| O|  |TAMS 0x0000000088600000, 0x0000000088600000| Untracked 
| 134|0x0000000088600000, 0x0000000088700000, 0x0000000088700000|100%| O|  |TAMS 0x0000000088700000, 0x0000000088700000| Untracked 
| 135|0x0000000088700000, 0x0000000088800000, 0x0000000088800000|100%| O|  |TAMS 0x0000000088800000, 0x0000000088800000| Untracked 
| 136|0x0000000088800000, 0x0000000088900000, 0x0000000088900000|100%| O|  |TAMS 0x0000000088900000, 0x0000000088900000| Untracked 
| 137|0x0000000088900000, 0x0000000088a00000, 0x0000000088a00000|100%| O|  |TAMS 0x0000000088a00000, 0x0000000088a00000| Untracked 
| 138|0x0000000088a00000, 0x0000000088b00000, 0x0000000088b00000|100%| O|  |TAMS 0x0000000088b00000, 0x0000000088b00000| Untracked 
| 139|0x0000000088b00000, 0x0000000088c00000, 0x0000000088c00000|100%| O|  |TAMS 0x0000000088c00000, 0x0000000088c00000| Untracked 
| 140|0x0000000088c00000, 0x0000000088d00000, 0x0000000088d00000|100%| O|  |TAMS 0x0000000088d00000, 0x0000000088d00000| Untracked 
| 141|0x0000000088d00000, 0x0000000088e00000, 0x0000000088e00000|100%| O|  |TAMS 0x0000000088e00000, 0x0000000088e00000| Untracked 
| 142|0x0000000088e00000, 0x0000000088f00000, 0x0000000088f00000|100%| O|  |TAMS 0x0000000088f00000, 0x0000000088f00000| Untracked 
| 143|0x0000000088f00000, 0x0000000089000000, 0x0000000089000000|100%| O|  |TAMS 0x0000000089000000, 0x0000000089000000| Untracked 
| 144|0x0000000089000000, 0x0000000089100000, 0x0000000089100000|100%|HS|  |TAMS 0x0000000089100000, 0x0000000089100000| Complete 
| 145|0x0000000089100000, 0x0000000089100000, 0x0000000089200000|  0%| F|  |TAMS 0x0000000089100000, 0x0000000089100000| Untracked 
| 146|0x0000000089200000, 0x0000000089300000, 0x0000000089300000|100%| O|  |TAMS 0x0000000089300000, 0x0000000089300000| Untracked 
| 147|0x0000000089300000, 0x0000000089400000, 0x0000000089400000|100%| O|  |TAMS 0x0000000089400000, 0x0000000089400000| Untracked 
| 148|0x0000000089400000, 0x0000000089500000, 0x0000000089500000|100%| O|  |TAMS 0x0000000089500000, 0x0000000089500000| Untracked 
| 149|0x0000000089500000, 0x0000000089600000, 0x0000000089600000|100%| O|  |TAMS 0x0000000089600000, 0x0000000089600000| Untracked 
| 150|0x0000000089600000, 0x0000000089700000, 0x0000000089700000|100%| O|  |TAMS 0x0000000089700000, 0x0000000089700000| Untracked 
| 151|0x0000000089700000, 0x0000000089800000, 0x0000000089800000|100%| O|  |TAMS 0x0000000089800000, 0x0000000089800000| Untracked 
| 152|0x0000000089800000, 0x0000000089900000, 0x0000000089900000|100%| O|  |TAMS 0x0000000089900000, 0x0000000089900000| Untracked 
| 153|0x0000000089900000, 0x0000000089a00000, 0x0000000089a00000|100%| O|  |TAMS 0x0000000089a00000, 0x0000000089a00000| Untracked 
| 154|0x0000000089a00000, 0x0000000089b00000, 0x0000000089b00000|100%| O|  |TAMS 0x0000000089b00000, 0x0000000089b00000| Untracked 
| 155|0x0000000089b00000, 0x0000000089c00000, 0x0000000089c00000|100%| O|  |TAMS 0x0000000089c00000, 0x0000000089c00000| Untracked 
| 156|0x0000000089c00000, 0x0000000089d00000, 0x0000000089d00000|100%| O|  |TAMS 0x0000000089d00000, 0x0000000089d00000| Untracked 
| 157|0x0000000089d00000, 0x0000000089e00000, 0x0000000089e00000|100%| O|  |TAMS 0x0000000089e00000, 0x0000000089e00000| Untracked 
| 158|0x0000000089e00000, 0x0000000089f00000, 0x0000000089f00000|100%| O|  |TAMS 0x0000000089f00000, 0x0000000089f00000| Untracked 
| 159|0x0000000089f00000, 0x0000000089f00000, 0x000000008a000000|  0%| F|  |TAMS 0x0000000089f00000, 0x0000000089f00000| Untracked 
| 160|0x000000008a000000, 0x000000008a100000, 0x000000008a100000|100%| O|  |TAMS 0x000000008a100000, 0x000000008a100000| Untracked 
| 161|0x000000008a100000, 0x000000008a200000, 0x000000008a200000|100%| O|  |TAMS 0x000000008a200000, 0x000000008a200000| Untracked 
| 162|0x000000008a200000, 0x000000008a300000, 0x000000008a300000|100%| O|  |TAMS 0x000000008a300000, 0x000000008a300000| Untracked 
| 163|0x000000008a300000, 0x000000008a400000, 0x000000008a400000|100%| O|  |TAMS 0x000000008a400000, 0x000000008a400000| Untracked 
| 164|0x000000008a400000, 0x000000008a500000, 0x000000008a500000|100%| O|  |TAMS 0x000000008a500000, 0x000000008a500000| Untracked 
| 165|0x000000008a500000, 0x000000008a600000, 0x000000008a600000|100%| O|  |TAMS 0x000000008a600000, 0x000000008a600000| Untracked 
| 166|0x000000008a600000, 0x000000008a700000, 0x000000008a700000|100%| O|  |TAMS 0x000000008a700000, 0x000000008a700000| Untracked 
| 167|0x000000008a700000, 0x000000008a800000, 0x000000008a800000|100%| O|  |TAMS 0x000000008a800000, 0x000000008a800000| Untracked 
| 168|0x000000008a800000, 0x000000008a900000, 0x000000008a900000|100%| O|  |TAMS 0x000000008a900000, 0x000000008a900000| Untracked 
| 169|0x000000008a900000, 0x000000008aa00000, 0x000000008aa00000|100%| O|  |TAMS 0x000000008aa00000, 0x000000008aa00000| Untracked 
| 170|0x000000008aa00000, 0x000000008ab00000, 0x000000008ab00000|100%| O|  |TAMS 0x000000008ab00000, 0x000000008ab00000| Untracked 
| 171|0x000000008ab00000, 0x000000008ac00000, 0x000000008ac00000|100%| O|  |TAMS 0x000000008ac00000, 0x000000008ac00000| Untracked 
| 172|0x000000008ac00000, 0x000000008ad00000, 0x000000008ad00000|100%| O|  |TAMS 0x000000008ac00000, 0x000000008ad00000| Untracked 
| 173|0x000000008ad00000, 0x000000008ae00000, 0x000000008ae00000|100%| O|  |TAMS 0x000000008ae00000, 0x000000008ae00000| Untracked 
| 174|0x000000008ae00000, 0x000000008af00000, 0x000000008af00000|100%| O|  |TAMS 0x000000008af00000, 0x000000008af00000| Untracked 
| 175|0x000000008af00000, 0x000000008b000000, 0x000000008b000000|100%| O|  |TAMS 0x000000008b000000, 0x000000008b000000| Untracked 
| 176|0x000000008b000000, 0x000000008b100000, 0x000000008b100000|100%| O|  |TAMS 0x000000008b100000, 0x000000008b100000| Untracked 
| 177|0x000000008b100000, 0x000000008b200000, 0x000000008b200000|100%| O|  |TAMS 0x000000008b200000, 0x000000008b200000| Untracked 
| 178|0x000000008b200000, 0x000000008b300000, 0x000000008b300000|100%|HS|  |TAMS 0x000000008b300000, 0x000000008b300000| Complete 
| 179|0x000000008b300000, 0x000000008b400000, 0x000000008b400000|100%|HC|  |TAMS 0x000000008b400000, 0x000000008b400000| Complete 
| 180|0x000000008b400000, 0x000000008b500000, 0x000000008b500000|100%| O|  |TAMS 0x000000008b500000, 0x000000008b500000| Untracked 
| 181|0x000000008b500000, 0x000000008b600000, 0x000000008b600000|100%| O|  |TAMS 0x000000008b600000, 0x000000008b600000| Untracked 
| 182|0x000000008b600000, 0x000000008b700000, 0x000000008b700000|100%| O|  |TAMS 0x000000008b700000, 0x000000008b700000| Untracked 
| 183|0x000000008b700000, 0x000000008b800000, 0x000000008b800000|100%| O|  |TAMS 0x000000008b800000, 0x000000008b800000| Untracked 
| 184|0x000000008b800000, 0x000000008b900000, 0x000000008b900000|100%| O|  |TAMS 0x000000008b900000, 0x000000008b900000| Untracked 
| 185|0x000000008b900000, 0x000000008ba00000, 0x000000008ba00000|100%| O|  |TAMS 0x000000008ba00000, 0x000000008ba00000| Untracked 
| 186|0x000000008ba00000, 0x000000008bb00000, 0x000000008bb00000|100%| O|  |TAMS 0x000000008bb00000, 0x000000008bb00000| Untracked 
| 187|0x000000008bb00000, 0x000000008bc00000, 0x000000008bc00000|100%|HS|  |TAMS 0x000000008bc00000, 0x000000008bc00000| Complete 
| 188|0x000000008bc00000, 0x000000008bd00000, 0x000000008bd00000|100%|HC|  |TAMS 0x000000008bd00000, 0x000000008bd00000| Complete 
| 189|0x000000008bd00000, 0x000000008be00000, 0x000000008be00000|100%|HS|  |TAMS 0x000000008be00000, 0x000000008be00000| Complete 
| 190|0x000000008be00000, 0x000000008bf00000, 0x000000008bf00000|100%|HC|  |TAMS 0x000000008bf00000, 0x000000008bf00000| Complete 
| 191|0x000000008bf00000, 0x000000008c000000, 0x000000008c000000|100%|HS|  |TAMS 0x000000008c000000, 0x000000008c000000| Complete 
| 192|0x000000008c000000, 0x000000008c100000, 0x000000008c100000|100%|HC|  |TAMS 0x000000008c100000, 0x000000008c100000| Complete 
| 193|0x000000008c100000, 0x000000008c200000, 0x000000008c200000|100%|HC|  |TAMS 0x000000008c200000, 0x000000008c200000| Complete 
| 194|0x000000008c200000, 0x000000008c300000, 0x000000008c300000|100%| O|  |TAMS 0x000000008c300000, 0x000000008c300000| Untracked 
| 195|0x000000008c300000, 0x000000008c400000, 0x000000008c400000|100%| O|  |TAMS 0x000000008c400000, 0x000000008c400000| Untracked 
| 196|0x000000008c400000, 0x000000008c500000, 0x000000008c500000|100%| O|  |TAMS 0x000000008c400000, 0x000000008c500000| Untracked 
| 197|0x000000008c500000, 0x000000008c600000, 0x000000008c600000|100%| O|  |TAMS 0x000000008c500000, 0x000000008c600000| Untracked 
| 198|0x000000008c600000, 0x000000008c700000, 0x000000008c700000|100%| O|  |TAMS 0x000000008c700000, 0x000000008c700000| Untracked 
| 199|0x000000008c700000, 0x000000008c800000, 0x000000008c800000|100%| O|  |TAMS 0x000000008c700000, 0x000000008c800000| Untracked 
| 200|0x000000008c800000, 0x000000008c900000, 0x000000008c900000|100%| O|  |TAMS 0x000000008c900000, 0x000000008c900000| Untracked 
| 201|0x000000008c900000, 0x000000008ca00000, 0x000000008ca00000|100%| O|  |TAMS 0x000000008ca00000, 0x000000008ca00000| Untracked 
| 202|0x000000008ca00000, 0x000000008cb00000, 0x000000008cb00000|100%| O|  |TAMS 0x000000008cb00000, 0x000000008cb00000| Untracked 
| 203|0x000000008cb00000, 0x000000008cc00000, 0x000000008cc00000|100%| O|  |TAMS 0x000000008cb00000, 0x000000008cc00000| Untracked 
| 204|0x000000008cc00000, 0x000000008cd00000, 0x000000008cd00000|100%| O|  |TAMS 0x000000008cc00000, 0x000000008cd00000| Untracked 
| 205|0x000000008cd00000, 0x000000008ce00000, 0x000000008ce00000|100%| O|  |TAMS 0x000000008ce00000, 0x000000008ce00000| Untracked 
| 206|0x000000008ce00000, 0x000000008cf00000, 0x000000008cf00000|100%| O|  |TAMS 0x000000008cf00000, 0x000000008cf00000| Untracked 
| 207|0x000000008cf00000, 0x000000008d000000, 0x000000008d000000|100%| O|  |TAMS 0x000000008d000000, 0x000000008d000000| Untracked 
| 208|0x000000008d000000, 0x000000008d100000, 0x000000008d100000|100%| O|  |TAMS 0x000000008d000000, 0x000000008d100000| Untracked 
| 209|0x000000008d100000, 0x000000008d200000, 0x000000008d200000|100%| O|  |TAMS 0x000000008d100000, 0x000000008d200000| Untracked 
| 210|0x000000008d200000, 0x000000008d300000, 0x000000008d300000|100%| O|  |TAMS 0x000000008d300000, 0x000000008d300000| Untracked 
| 211|0x000000008d300000, 0x000000008d400000, 0x000000008d400000|100%| O|  |TAMS 0x000000008d400000, 0x000000008d400000| Untracked 
| 212|0x000000008d400000, 0x000000008d500000, 0x000000008d500000|100%| O|  |TAMS 0x000000008d500000, 0x000000008d500000| Untracked 
| 213|0x000000008d500000, 0x000000008d600000, 0x000000008d600000|100%| O|  |TAMS 0x000000008d600000, 0x000000008d600000| Untracked 
| 214|0x000000008d600000, 0x000000008d700000, 0x000000008d700000|100%| O|  |TAMS 0x000000008d700000, 0x000000008d700000| Untracked 
| 215|0x000000008d700000, 0x000000008d800000, 0x000000008d800000|100%| O|  |TAMS 0x000000008d800000, 0x000000008d800000| Untracked 
| 216|0x000000008d800000, 0x000000008d900000, 0x000000008d900000|100%| O|  |TAMS 0x000000008d800000, 0x000000008d900000| Untracked 
| 217|0x000000008d900000, 0x000000008da00000, 0x000000008da00000|100%| O|  |TAMS 0x000000008d900000, 0x000000008da00000| Untracked 
| 218|0x000000008da00000, 0x000000008db00000, 0x000000008db00000|100%| O|  |TAMS 0x000000008da00000, 0x000000008db00000| Untracked 
| 219|0x000000008db00000, 0x000000008dc00000, 0x000000008dc00000|100%| O|  |TAMS 0x000000008dc00000, 0x000000008dc00000| Untracked 
| 220|0x000000008dc00000, 0x000000008dc00000, 0x000000008dd00000|  0%| F|  |TAMS 0x000000008dc00000, 0x000000008dc00000| Untracked 
| 221|0x000000008dd00000, 0x000000008de00000, 0x000000008de00000|100%| O|  |TAMS 0x000000008de00000, 0x000000008de00000| Untracked 
| 222|0x000000008de00000, 0x000000008df00000, 0x000000008df00000|100%| O|  |TAMS 0x000000008df00000, 0x000000008df00000| Untracked 
| 223|0x000000008df00000, 0x000000008e000000, 0x000000008e000000|100%| O|  |TAMS 0x000000008e000000, 0x000000008e000000| Untracked 
| 224|0x000000008e000000, 0x000000008e100000, 0x000000008e100000|100%| O|  |TAMS 0x000000008e100000, 0x000000008e100000| Untracked 
| 225|0x000000008e100000, 0x000000008e200000, 0x000000008e200000|100%| O|  |TAMS 0x000000008e200000, 0x000000008e200000| Untracked 
| 226|0x000000008e200000, 0x000000008e300000, 0x000000008e300000|100%| O|  |TAMS 0x000000008e300000, 0x000000008e300000| Untracked 
| 227|0x000000008e300000, 0x000000008e400000, 0x000000008e400000|100%| O|  |TAMS 0x000000008e400000, 0x000000008e400000| Untracked 
| 228|0x000000008e400000, 0x000000008e500000, 0x000000008e500000|100%| O|  |TAMS 0x000000008e500000, 0x000000008e500000| Untracked 
| 229|0x000000008e500000, 0x000000008e600000, 0x000000008e600000|100%|HS|  |TAMS 0x000000008e500000, 0x000000008e500000| Complete 
| 230|0x000000008e600000, 0x000000008e700000, 0x000000008e700000|100%|HC|  |TAMS 0x000000008e600000, 0x000000008e600000| Complete 
| 231|0x000000008e700000, 0x000000008e800000, 0x000000008e800000|100%| O|  |TAMS 0x000000008e800000, 0x000000008e800000| Untracked 
| 232|0x000000008e800000, 0x000000008e900000, 0x000000008e900000|100%| O|  |TAMS 0x000000008e900000, 0x000000008e900000| Untracked 
| 233|0x000000008e900000, 0x000000008ea00000, 0x000000008ea00000|100%| O|  |TAMS 0x000000008ea00000, 0x000000008ea00000| Untracked 
| 234|0x000000008ea00000, 0x000000008eb00000, 0x000000008eb00000|100%| O|  |TAMS 0x000000008eb00000, 0x000000008eb00000| Untracked 
| 235|0x000000008eb00000, 0x000000008ec00000, 0x000000008ec00000|100%| O|  |TAMS 0x000000008ec00000, 0x000000008ec00000| Untracked 
| 236|0x000000008ec00000, 0x000000008ed00000, 0x000000008ed00000|100%| O|  |TAMS 0x000000008ed00000, 0x000000008ed00000| Untracked 
| 237|0x000000008ed00000, 0x000000008ee00000, 0x000000008ee00000|100%| O|  |TAMS 0x000000008ee00000, 0x000000008ee00000| Untracked 
| 238|0x000000008ee00000, 0x000000008ef00000, 0x000000008ef00000|100%| O|  |TAMS 0x000000008ef00000, 0x000000008ef00000| Untracked 
| 239|0x000000008ef00000, 0x000000008f000000, 0x000000008f000000|100%| O|  |TAMS 0x000000008f000000, 0x000000008f000000| Untracked 
| 240|0x000000008f000000, 0x000000008f100000, 0x000000008f100000|100%| O|  |TAMS 0x000000008f100000, 0x000000008f100000| Untracked 
| 241|0x000000008f100000, 0x000000008f200000, 0x000000008f200000|100%| O|  |TAMS 0x000000008f200000, 0x000000008f200000| Untracked 
| 242|0x000000008f200000, 0x000000008f300000, 0x000000008f300000|100%| O|  |TAMS 0x000000008f300000, 0x000000008f300000| Untracked 
| 243|0x000000008f300000, 0x000000008f400000, 0x000000008f400000|100%| O|  |TAMS 0x000000008f400000, 0x000000008f400000| Untracked 
| 244|0x000000008f400000, 0x000000008f400000, 0x000000008f500000|  0%| F|  |TAMS 0x000000008f400000, 0x000000008f400000| Untracked 
| 245|0x000000008f500000, 0x000000008f600000, 0x000000008f600000|100%| O|  |TAMS 0x000000008f600000, 0x000000008f600000| Untracked 
| 246|0x000000008f600000, 0x000000008f700000, 0x000000008f700000|100%| O|  |TAMS 0x000000008f700000, 0x000000008f700000| Untracked 
| 247|0x000000008f700000, 0x000000008f700000, 0x000000008f800000|  0%| F|  |TAMS 0x000000008f700000, 0x000000008f700000| Untracked 
| 248|0x000000008f800000, 0x000000008f800000, 0x000000008f900000|  0%| F|  |TAMS 0x000000008f800000, 0x000000008f800000| Untracked 
| 249|0x000000008f900000, 0x000000008fa00000, 0x000000008fa00000|100%| O|  |TAMS 0x000000008fa00000, 0x000000008fa00000| Untracked 
| 250|0x000000008fa00000, 0x000000008fa00000, 0x000000008fb00000|  0%| F|  |TAMS 0x000000008fa00000, 0x000000008fa00000| Untracked 
| 251|0x000000008fb00000, 0x000000008fb00000, 0x000000008fc00000|  0%| F|  |TAMS 0x000000008fb00000, 0x000000008fb00000| Untracked 
| 252|0x000000008fc00000, 0x000000008fd00000, 0x000000008fd00000|100%| O|  |TAMS 0x000000008fd00000, 0x000000008fd00000| Untracked 
| 253|0x000000008fd00000, 0x000000008fe00000, 0x000000008fe00000|100%| O|  |TAMS 0x000000008fe00000, 0x000000008fe00000| Untracked 
| 254|0x000000008fe00000, 0x000000008ff00000, 0x000000008ff00000|100%| O|  |TAMS 0x000000008ff00000, 0x000000008ff00000| Untracked 
| 255|0x000000008ff00000, 0x0000000090000000, 0x0000000090000000|100%| O|  |TAMS 0x0000000090000000, 0x0000000090000000| Untracked 
| 256|0x0000000090000000, 0x0000000090100000, 0x0000000090100000|100%| O|  |TAMS 0x0000000090100000, 0x0000000090100000| Untracked 
| 257|0x0000000090100000, 0x0000000090200000, 0x0000000090200000|100%| O|  |TAMS 0x0000000090200000, 0x0000000090200000| Untracked 
| 258|0x0000000090200000, 0x0000000090200000, 0x0000000090300000|  0%| F|  |TAMS 0x0000000090200000, 0x0000000090200000| Untracked 
| 259|0x0000000090300000, 0x0000000090300000, 0x0000000090400000|  0%| F|  |TAMS 0x0000000090300000, 0x0000000090300000| Untracked 
| 260|0x0000000090400000, 0x0000000090500000, 0x0000000090500000|100%| O|  |TAMS 0x0000000090500000, 0x0000000090500000| Untracked 
| 261|0x0000000090500000, 0x0000000090600000, 0x0000000090600000|100%| O|  |TAMS 0x0000000090600000, 0x0000000090600000| Untracked 
| 262|0x0000000090600000, 0x0000000090700000, 0x0000000090700000|100%| O|  |TAMS 0x0000000090700000, 0x0000000090700000| Untracked 
| 263|0x0000000090700000, 0x0000000090800000, 0x0000000090800000|100%| O|  |TAMS 0x0000000090800000, 0x0000000090800000| Untracked 
| 264|0x0000000090800000, 0x0000000090900000, 0x0000000090900000|100%| O|  |TAMS 0x0000000090900000, 0x0000000090900000| Untracked 
| 265|0x0000000090900000, 0x0000000090a00000, 0x0000000090a00000|100%| O|  |TAMS 0x0000000090a00000, 0x0000000090a00000| Untracked 
| 266|0x0000000090a00000, 0x0000000090a00000, 0x0000000090b00000|  0%| F|  |TAMS 0x0000000090a00000, 0x0000000090a00000| Untracked 
| 267|0x0000000090b00000, 0x0000000090c00000, 0x0000000090c00000|100%| O|  |TAMS 0x0000000090c00000, 0x0000000090c00000| Untracked 
| 268|0x0000000090c00000, 0x0000000090d00000, 0x0000000090d00000|100%| O|  |TAMS 0x0000000090d00000, 0x0000000090d00000| Untracked 
| 269|0x0000000090d00000, 0x0000000090e00000, 0x0000000090e00000|100%| O|  |TAMS 0x0000000090e00000, 0x0000000090e00000| Untracked 
| 270|0x0000000090e00000, 0x0000000090f00000, 0x0000000090f00000|100%| O|  |TAMS 0x0000000090f00000, 0x0000000090f00000| Untracked 
| 271|0x0000000090f00000, 0x0000000091000000, 0x0000000091000000|100%| O|  |TAMS 0x0000000091000000, 0x0000000091000000| Untracked 
| 272|0x0000000091000000, 0x0000000091100000, 0x0000000091100000|100%| O|  |TAMS 0x0000000091100000, 0x0000000091100000| Untracked 
| 273|0x0000000091100000, 0x0000000091100000, 0x0000000091200000|  0%| F|  |TAMS 0x0000000091100000, 0x0000000091100000| Untracked 
| 274|0x0000000091200000, 0x0000000091300000, 0x0000000091300000|100%| O|  |TAMS 0x0000000091300000, 0x0000000091300000| Untracked 
| 275|0x0000000091300000, 0x0000000091300000, 0x0000000091400000|  0%| F|  |TAMS 0x0000000091300000, 0x0000000091300000| Untracked 
| 276|0x0000000091400000, 0x0000000091500000, 0x0000000091500000|100%| O|  |TAMS 0x0000000091500000, 0x0000000091500000| Untracked 
| 277|0x0000000091500000, 0x0000000091600000, 0x0000000091600000|100%| O|  |TAMS 0x0000000091600000, 0x0000000091600000| Untracked 
| 278|0x0000000091600000, 0x0000000091600000, 0x0000000091700000|  0%| F|  |TAMS 0x0000000091600000, 0x0000000091600000| Untracked 
| 279|0x0000000091700000, 0x0000000091700000, 0x0000000091800000|  0%| F|  |TAMS 0x0000000091700000, 0x0000000091700000| Untracked 
| 280|0x0000000091800000, 0x0000000091900000, 0x0000000091900000|100%| O|  |TAMS 0x0000000091800000, 0x0000000091900000| Untracked 
| 281|0x0000000091900000, 0x0000000091a00000, 0x0000000091a00000|100%| O|  |TAMS 0x0000000091900000, 0x0000000091a00000| Untracked 
| 282|0x0000000091a00000, 0x0000000091b00000, 0x0000000091b00000|100%| O|  |TAMS 0x0000000091a00000, 0x0000000091b00000| Untracked 
| 283|0x0000000091b00000, 0x0000000091c00000, 0x0000000091c00000|100%| O|  |TAMS 0x0000000091b00000, 0x0000000091c00000| Untracked 
| 284|0x0000000091c00000, 0x0000000091d00000, 0x0000000091d00000|100%| O|  |TAMS 0x0000000091c00000, 0x0000000091d00000| Untracked 
| 285|0x0000000091d00000, 0x0000000091e00000, 0x0000000091e00000|100%| O|  |TAMS 0x0000000091d00000, 0x0000000091e00000| Untracked 
| 286|0x0000000091e00000, 0x0000000091f00000, 0x0000000091f00000|100%| O|  |TAMS 0x0000000091e00000, 0x0000000091f00000| Untracked 
| 287|0x0000000091f00000, 0x0000000092000000, 0x0000000092000000|100%| O|  |TAMS 0x0000000091f00000, 0x0000000092000000| Untracked 
| 288|0x0000000092000000, 0x0000000092100000, 0x0000000092100000|100%| O|  |TAMS 0x0000000092000000, 0x0000000092100000| Untracked 
| 289|0x0000000092100000, 0x0000000092200000, 0x0000000092200000|100%| O|  |TAMS 0x0000000092100000, 0x0000000092200000| Untracked 
| 290|0x0000000092200000, 0x0000000092300000, 0x0000000092300000|100%| O|  |TAMS 0x0000000092200000, 0x0000000092300000| Untracked 
| 291|0x0000000092300000, 0x0000000092400000, 0x0000000092400000|100%| O|  |TAMS 0x0000000092300000, 0x0000000092400000| Untracked 
| 292|0x0000000092400000, 0x0000000092400000, 0x0000000092500000|  0%| F|  |TAMS 0x0000000092400000, 0x0000000092400000| Untracked 
| 293|0x0000000092500000, 0x0000000092500000, 0x0000000092600000|  0%| F|  |TAMS 0x0000000092500000, 0x0000000092500000| Untracked 
| 294|0x0000000092600000, 0x0000000092600000, 0x0000000092700000|  0%| F|  |TAMS 0x0000000092600000, 0x0000000092600000| Untracked 
| 295|0x0000000092700000, 0x0000000092700000, 0x0000000092800000|  0%| F|  |TAMS 0x0000000092700000, 0x0000000092700000| Untracked 
| 296|0x0000000092800000, 0x0000000092800000, 0x0000000092900000|  0%| F|  |TAMS 0x0000000092800000, 0x0000000092800000| Untracked 
| 297|0x0000000092900000, 0x0000000092900000, 0x0000000092a00000|  0%| F|  |TAMS 0x0000000092900000, 0x0000000092900000| Untracked 
| 298|0x0000000092a00000, 0x0000000092a00000, 0x0000000092b00000|  0%| F|  |TAMS 0x0000000092a00000, 0x0000000092a00000| Untracked 
| 299|0x0000000092b00000, 0x0000000092b00000, 0x0000000092c00000|  0%| F|  |TAMS 0x0000000092b00000, 0x0000000092b00000| Untracked 
| 300|0x0000000092c00000, 0x0000000092c00000, 0x0000000092d00000|  0%| F|  |TAMS 0x0000000092c00000, 0x0000000092c00000| Untracked 
| 301|0x0000000092d00000, 0x0000000092d00000, 0x0000000092e00000|  0%| F|  |TAMS 0x0000000092d00000, 0x0000000092d00000| Untracked 
| 302|0x0000000092e00000, 0x0000000092e00000, 0x0000000092f00000|  0%| F|  |TAMS 0x0000000092e00000, 0x0000000092e00000| Untracked 
| 303|0x0000000092f00000, 0x0000000092f00000, 0x0000000093000000|  0%| F|  |TAMS 0x0000000092f00000, 0x0000000092f00000| Untracked 
| 304|0x0000000093000000, 0x00000000930fce90, 0x0000000093100000| 98%| S|CS|TAMS 0x0000000093000000, 0x0000000093000000| Complete 
| 305|0x0000000093100000, 0x0000000093100000, 0x0000000093200000|  0%| F|  |TAMS 0x0000000093100000, 0x0000000093100000| Untracked 
| 306|0x0000000093200000, 0x0000000093300000, 0x0000000093300000|100%| S|CS|TAMS 0x0000000093200000, 0x0000000093200000| Complete 
| 307|0x0000000093300000, 0x0000000093300000, 0x0000000093400000|  0%| F|  |TAMS 0x0000000093300000, 0x0000000093300000| Untracked 
| 308|0x0000000093400000, 0x0000000093400000, 0x0000000093500000|  0%| F|  |TAMS 0x0000000093400000, 0x0000000093400000| Untracked 
| 309|0x0000000093500000, 0x0000000093500000, 0x0000000093600000|  0%| F|  |TAMS 0x0000000093500000, 0x0000000093500000| Untracked 
| 310|0x0000000093600000, 0x0000000093600000, 0x0000000093700000|  0%| F|  |TAMS 0x0000000093600000, 0x0000000093600000| Untracked 
| 311|0x0000000093700000, 0x0000000093700000, 0x0000000093800000|  0%| F|  |TAMS 0x0000000093700000, 0x0000000093700000| Untracked 
| 312|0x0000000093800000, 0x0000000093800000, 0x0000000093900000|  0%| F|  |TAMS 0x0000000093800000, 0x0000000093800000| Untracked 
| 313|0x0000000093900000, 0x0000000093900000, 0x0000000093a00000|  0%| F|  |TAMS 0x0000000093900000, 0x0000000093900000| Untracked 
| 314|0x0000000093a00000, 0x0000000093a00000, 0x0000000093b00000|  0%| F|  |TAMS 0x0000000093a00000, 0x0000000093a00000| Untracked 
| 315|0x0000000093b00000, 0x0000000093b00000, 0x0000000093c00000|  0%| F|  |TAMS 0x0000000093b00000, 0x0000000093b00000| Untracked 
| 316|0x0000000093c00000, 0x0000000093c00000, 0x0000000093d00000|  0%| F|  |TAMS 0x0000000093c00000, 0x0000000093c00000| Untracked 
| 317|0x0000000093d00000, 0x0000000093d00000, 0x0000000093e00000|  0%| F|  |TAMS 0x0000000093d00000, 0x0000000093d00000| Untracked 
| 318|0x0000000093e00000, 0x0000000093e00000, 0x0000000093f00000|  0%| F|  |TAMS 0x0000000093e00000, 0x0000000093e00000| Untracked 
| 319|0x0000000093f00000, 0x0000000093f00000, 0x0000000094000000|  0%| F|  |TAMS 0x0000000093f00000, 0x0000000093f00000| Untracked 
| 320|0x0000000094000000, 0x0000000094000000, 0x0000000094100000|  0%| F|  |TAMS 0x0000000094000000, 0x0000000094000000| Untracked 

Card table byte_map: [0x000000164e670000,0x000000164ea70000] _byte_map_base: 0x000000164e270000

Marking Bits (Prev, Next): (CMBitMap*) 0x000000163b7c79c8, (CMBitMap*) 0x000000163b7c7a00
 Prev Bits: [0x000000164ee70000, 0x0000001650e70000)
 Next Bits: [0x0000001650e70000, 0x0000001652e70000)

Polling page: 0x0000001639540000

Metaspace:

Usage:
  Non-class:    132.42 MB capacity,   129.98 MB ( 98%) used,     1.98 MB (  1%) free+waste,   464.13 KB ( <1%) overhead. 
      Class:     19.49 MB capacity,    18.15 MB ( 93%) used,     1.14 MB (  6%) free+waste,   200.19 KB (  1%) overhead. 
       Both:    151.90 MB capacity,   148.14 MB ( 98%) used,     3.12 MB (  2%) free+waste,   664.31 KB ( <1%) overhead. 

Virtual space:
  Non-class space:      134.00 MB reserved,     132.52 MB ( 99%) committed 
      Class space:        1.00 GB reserved,      19.65 MB (  2%) committed 
             Both:        1.13 GB reserved,     152.16 MB ( 13%) committed 

Chunk freelists:
   Non-Class:  35.00 KB
       Class:  79.00 KB
        Both:  114.00 KB

MaxMetaspaceSize: 17179869184.00 GB
CompressedClassSpaceSize: 1.00 GB
Initial GC threshold: 20.80 MB
Current GC threshold: 253.61 MB
CDS: off

CodeHeap 'non-profiled nmethods': size=120064Kb used=17023Kb max_used=17023Kb free=103040Kb
 bounds [0x0000001646d30000, 0x0000001647dd0000, 0x000000164e270000]
CodeHeap 'profiled nmethods': size=120000Kb used=54039Kb max_used=54039Kb free=65960Kb
 bounds [0x000000163f800000, 0x0000001642d00000, 0x0000001646d30000]
CodeHeap 'non-nmethods': size=5696Kb used=2535Kb max_used=2578Kb free=3160Kb
 bounds [0x000000163f270000, 0x000000163f500000, 0x000000163f800000]
 total_blobs=24199 nmethods=23134 adapters=974
 compilation: enabled
              stopped_count=0, restarted_count=0
 full_count=0

Compilation events (20 events):
Event: 6431.841 Thread 0x000000165612d000 nmethod 25844 0x0000001647dccc90 code [0x0000001647dcce20, 0x0000001647dcce78]
Event: 6431.841 Thread 0x00000016556b3000 nmethod 25845 0x000000163fa39410 code [0x000000163fa395c0, 0x000000163fa396b8]
Event: 6431.842 Thread 0x00000016556b3000 25846       3       com.android.tools.r8.code.r::a (1 bytes)
Event: 6431.842 Thread 0x00000016556b3000 nmethod 25846 0x000000163fa39090 code [0x000000163fa39240, 0x000000163fa39338]
Event: 6431.842 Thread 0x00000016556b3000 25847       3       com.android.tools.r8.code.N0::a (1 bytes)
Event: 6431.843 Thread 0x00000016556b3000 nmethod 25847 0x000000163fa38d10 code [0x000000163fa38ec0, 0x000000163fa38fb8]
Event: 6431.843 Thread 0x00000016556b3000 25848       3       com.android.tools.r8.code.c0::a (1 bytes)
Event: 6431.843 Thread 0x00000016556b3000 nmethod 25848 0x000000163fa38990 code [0x000000163fa38b40, 0x000000163fa38c38]
Event: 6431.849 Thread 0x00000016584d7800 nmethod 25842 0x0000001647dccf90 code [0x0000001647dcd180, 0x0000001647dcd5d0]
Event: 6431.852 Thread 0x000000165612d000 25849       4       com.android.tools.r8.code.E::a (1 bytes)
Event: 6431.852 Thread 0x000000165612d000 nmethod 25849 0x0000001647dcd890 code [0x0000001647dcda20, 0x0000001647dcda78]
Event: 6431.890 Thread 0x00000016584d7800 25850       4       com.android.tools.r8.graph.m2::a (51 bytes)
Event: 6431.892 Thread 0x000000165612d000 25851       4       com.android.tools.r8.graph.f2::a (17 bytes)
Event: 6431.924 Thread 0x000000165612d000 nmethod 25851 0x0000001647dcdb90 code [0x0000001647dcddc0, 0x0000001647dce928]
Event: 6431.924 Thread 0x000000165612d000 25852       4       com.android.tools.r8.graph.m2$$Lambda$2025/0x0000000101340440::get$Lambda (11 bytes)
Event: 6431.929 Thread 0x000000165612d000 nmethod 25852 0x0000001647dcf010 code [0x0000001647dcf1a0, 0x0000001647dcf478]
Event: 6431.929 Thread 0x000000165612d000 25853       4       com.android.tools.r8.graph.X2::e (22 bytes)
Event: 6431.936 Thread 0x000000165612d000 nmethod 25853 0x0000001647dcf510 code [0x0000001647dcf700, 0x0000001647dcfa48]
Event: 6431.953 Thread 0x00000016556b3000 25854       3       com.android.tools.r8.code.a::a (1 bytes)
Event: 6431.953 Thread 0x00000016556b3000 nmethod 25854 0x000000163fa38610 code [0x000000163fa387c0, 0x000000163fa388b8]

GC Heap History (20 events):
Event: 6424.073 GC heap after
{Heap after GC invocations=86 (full 0):
 garbage-first heap   total 328704K, used 249439K [0x0000000080000000, 0x0000000100000000)
  region size 1024K, 2 young (2048K), 2 survivors (2048K)
 Metaspace       used 151147K, capacity 154959K, committed 155304K, reserved 1185792K
  class space    used 18559K, capacity 19926K, committed 20120K, reserved 1048576K
}
Event: 6424.901 GC heap before
{Heap before GC invocations=86 (full 0):
 garbage-first heap   total 328704K, used 269919K [0x0000000080000000, 0x0000000100000000)
  region size 1024K, 23 young (23552K), 2 survivors (2048K)
 Metaspace       used 151191K, capacity 154963K, committed 155304K, reserved 1185792K
  class space    used 18563K, capacity 19927K, committed 20120K, reserved 1048576K
}
Event: 6424.932 GC heap after
{Heap after GC invocations=87 (full 0):
 garbage-first heap   total 328704K, used 260539K [0x0000000080000000, 0x0000000100000000)
  region size 1024K, 3 young (3072K), 3 survivors (3072K)
 Metaspace       used 151191K, capacity 154963K, committed 155304K, reserved 1185792K
  class space    used 18563K, capacity 19927K, committed 20120K, reserved 1048576K
}
Event: 6425.670 GC heap before
{Heap before GC invocations=87 (full 0):
 garbage-first heap   total 328704K, used 275899K [0x0000000080000000, 0x0000000100000000)
  region size 1024K, 18 young (18432K), 3 survivors (3072K)
 Metaspace       used 151246K, capacity 155037K, committed 155560K, reserved 1185792K
  class space    used 18570K, capacity 19930K, committed 20120K, reserved 1048576K
}
Event: 6425.694 GC heap after
{Heap after GC invocations=88 (full 0):
 garbage-first heap   total 328704K, used 268193K [0x0000000080000000, 0x0000000100000000)
  region size 1024K, 3 young (3072K), 3 survivors (3072K)
 Metaspace       used 151246K, capacity 155037K, committed 155560K, reserved 1185792K
  class space    used 18570K, capacity 19930K, committed 20120K, reserved 1048576K
}
Event: 6426.459 GC heap before
{Heap before GC invocations=89 (full 0):
 garbage-first heap   total 328704K, used 281505K [0x0000000080000000, 0x0000000100000000)
  region size 1024K, 16 young (16384K), 3 survivors (3072K)
 Metaspace       used 151242K, capacity 155028K, committed 155560K, reserved 1185792K
  class space    used 18569K, capacity 19927K, committed 20120K, reserved 1048576K
}
Event: 6426.481 GC heap after
{Heap after GC invocations=90 (full 0):
 garbage-first heap   total 328704K, used 275456K [0x0000000080000000, 0x0000000100000000)
  region size 1024K, 2 young (2048K), 2 survivors (2048K)
 Metaspace       used 151242K, capacity 155028K, committed 155560K, reserved 1185792K
  class space    used 18569K, capacity 19927K, committed 20120K, reserved 1048576K
}
Event: 6427.125 GC heap before
{Heap before GC invocations=90 (full 0):
 garbage-first heap   total 328704K, used 289792K [0x0000000080000000, 0x0000000100000000)
  region size 1024K, 16 young (16384K), 2 survivors (2048K)
 Metaspace       used 151259K, capacity 155028K, committed 155560K, reserved 1185792K
  class space    used 18569K, capacity 19927K, committed 20120K, reserved 1048576K
}
Event: 6427.158 GC heap after
{Heap after GC invocations=91 (full 0):
 garbage-first heap   total 328704K, used 281600K [0x0000000080000000, 0x0000000100000000)
  region size 1024K, 2 young (2048K), 2 survivors (2048K)
 Metaspace       used 151259K, capacity 155028K, committed 155560K, reserved 1185792K
  class space    used 18569K, capacity 19927K, committed 20120K, reserved 1048576K
}
Event: 6428.169 GC heap before
{Heap before GC invocations=91 (full 0):
 garbage-first heap   total 328704K, used 295936K [0x0000000080000000, 0x0000000100000000)
  region size 1024K, 16 young (16384K), 2 survivors (2048K)
 Metaspace       used 151358K, capacity 155113K, committed 155560K, reserved 1185792K
  class space    used 18575K, capacity 19931K, committed 20120K, reserved 1048576K
}
Event: 6428.193 GC heap after
{Heap after GC invocations=92 (full 0):
 garbage-first heap   total 328704K, used 288655K [0x0000000080000000, 0x0000000100000000)
  region size 1024K, 2 young (2048K), 2 survivors (2048K)
 Metaspace       used 151358K, capacity 155113K, committed 155560K, reserved 1185792K
  class space    used 18575K, capacity 19931K, committed 20120K, reserved 1048576K
}
Event: 6429.056 GC heap before
{Heap before GC invocations=92 (full 0):
 garbage-first heap   total 328704K, used 301967K [0x0000000080000000, 0x0000000100000000)
  region size 1024K, 16 young (16384K), 2 survivors (2048K)
 Metaspace       used 151530K, capacity 155390K, committed 155816K, reserved 1185792K
  class space    used 18587K, capacity 19953K, committed 20120K, reserved 1048576K
}
Event: 6429.068 GC heap after
{Heap after GC invocations=93 (full 0):
 garbage-first heap   total 328704K, used 290365K [0x0000000080000000, 0x0000000100000000)
  region size 1024K, 1 young (1024K), 1 survivors (1024K)
 Metaspace       used 151530K, capacity 155390K, committed 155816K, reserved 1185792K
  class space    used 18587K, capacity 19953K, committed 20120K, reserved 1048576K
}
Event: 6429.671 GC heap before
{Heap before GC invocations=94 (full 0):
 garbage-first heap   total 328704K, used 293437K [0x0000000080000000, 0x0000000100000000)
  region size 1024K, 16 young (16384K), 1 survivors (1024K)
 Metaspace       used 151548K, capacity 155394K, committed 155816K, reserved 1185792K
  class space    used 18587K, capacity 19953K, committed 20120K, reserved 1048576K
}
Event: 6429.678 GC heap after
{Heap after GC invocations=95 (full 0):
 garbage-first heap   total 328704K, used 281534K [0x0000000080000000, 0x0000000100000000)
  region size 1024K, 2 young (2048K), 2 survivors (2048K)
 Metaspace       used 151548K, capacity 155394K, committed 155816K, reserved 1185792K
  class space    used 18587K, capacity 19953K, committed 20120K, reserved 1048576K
}
Event: 6430.150 GC heap before
{Heap before GC invocations=95 (full 0):
 garbage-first heap   total 328704K, used 295870K [0x0000000080000000, 0x0000000100000000)
  region size 1024K, 16 young (16384K), 2 survivors (2048K)
 Metaspace       used 151595K, capacity 155407K, committed 155816K, reserved 1185792K
  class space    used 18587K, capacity 19953K, committed 20120K, reserved 1048576K
}
Event: 6430.228 GC heap after
{Heap after GC invocations=96 (full 0):
 garbage-first heap   total 328704K, used 272623K [0x0000000080000000, 0x0000000100000000)
  region size 1024K, 2 young (2048K), 2 survivors (2048K)
 Metaspace       used 151595K, capacity 155407K, committed 155816K, reserved 1185792K
  class space    used 18587K, capacity 19953K, committed 20120K, reserved 1048576K
}
Event: 6431.123 GC heap before
{Heap before GC invocations=96 (full 0):
 garbage-first heap   total 328704K, used 286959K [0x0000000080000000, 0x0000000100000000)
  region size 1024K, 16 young (16384K), 2 survivors (2048K)
 Metaspace       used 151676K, capacity 155485K, committed 155816K, reserved 1185792K
  class space    used 18588K, capacity 19953K, committed 20120K, reserved 1048576K
}
Event: 6431.144 GC heap after
{Heap after GC invocations=97 (full 0):
 garbage-first heap   total 328704K, used 274624K [0x0000000080000000, 0x0000000100000000)
  region size 1024K, 2 young (2048K), 2 survivors (2048K)
 Metaspace       used 151676K, capacity 155485K, committed 155816K, reserved 1185792K
  class space    used 18588K, capacity 19953K, committed 20120K, reserved 1048576K
}
Event: 6431.954 GC heap before
{Heap before GC invocations=97 (full 0):
 garbage-first heap   total 328704K, used 295104K [0x0000000080000000, 0x0000000100000000)
  region size 1024K, 16 young (16384K), 2 survivors (2048K)
 Metaspace       used 151691K, capacity 155550K, committed 155816K, reserved 1185792K
  class space    used 18588K, capacity 19953K, committed 20120K, reserved 1048576K
}

Deoptimization events (20 events):
Event: 6431.043 Thread 0x0000001668739000 DEOPT PACKING pc=0x0000001647daf80c sp=0x000000166bd1d130
Event: 6431.043 Thread 0x0000001668739000 DEOPT UNPACKING pc=0x000000163f2ba1af sp=0x000000166bd1cf20 mode 2
Event: 6431.043 Thread 0x0000001668739000 Uncommon trap: trap_request=0xffffffde fr.pc=0x0000001647daf80c relative=0x0000000000000a8c
Event: 6431.043 Thread 0x0000001668739000 Uncommon trap: reason=class_check action=maybe_recompile pc=0x0000001647daf80c method=com.android.tools.r8.internal.S4.c(Ljava/lang/Object;)Ljava/util/Set; @ 13 c2
Event: 6431.043 Thread 0x0000001668739000 DEOPT PACKING pc=0x0000001647daf80c sp=0x000000166bd1d130
Event: 6431.043 Thread 0x0000001668739000 DEOPT UNPACKING pc=0x000000163f2ba1af sp=0x000000166bd1cf20 mode 2
Event: 6431.106 Thread 0x0000001668739000 DEOPT PACKING pc=0x000000163f87ddb1 sp=0x000000166bd1d390
Event: 6431.106 Thread 0x0000001668739000 DEOPT UNPACKING pc=0x000000163f2ba95e sp=0x000000166bd1c848 mode 0
Event: 6431.339 Thread 0x0000001668739000 Uncommon trap: trap_request=0xffffff4d fr.pc=0x0000001647dba634 relative=0x00000000000007d4
Event: 6431.339 Thread 0x0000001668739000 Uncommon trap: reason=unstable_if action=reinterpret pc=0x0000001647dba634 method=com.android.tools.r8.internal.Ef.a(C)Z @ 9 c2
Event: 6431.339 Thread 0x0000001668739000 DEOPT PACKING pc=0x0000001647dba634 sp=0x000000166bd1d160
Event: 6431.339 Thread 0x0000001668739000 DEOPT UNPACKING pc=0x000000163f2ba1af sp=0x000000166bd1d050 mode 2
Event: 6431.838 Thread 0x0000001668739000 Uncommon trap: trap_request=0xffffff5c fr.pc=0x0000001647daf174 relative=0x00000000000003f4
Event: 6431.838 Thread 0x0000001668739000 Uncommon trap: reason=speculate_null_assert action=make_not_entrant pc=0x0000001647daf174 method=com.android.tools.r8.graph.X2.a(Lcom/android/tools/r8/graph/l2;Lcom/android/tools/r8/graph/P0;)Lcom/android/tools/r8/graph/l2; @ 138 c2
Event: 6431.838 Thread 0x0000001668739000 DEOPT PACKING pc=0x0000001647daf174 sp=0x000000166bd1d1c0
Event: 6431.838 Thread 0x0000001668739000 DEOPT UNPACKING pc=0x000000163f2ba1af sp=0x000000166bd1cf20 mode 2
Event: 6431.889 Thread 0x0000001668739000 Uncommon trap: trap_request=0xffffff5c fr.pc=0x0000001647db0994 relative=0x00000000000003d4
Event: 6431.889 Thread 0x0000001668739000 Uncommon trap: reason=speculate_null_assert action=make_not_entrant pc=0x0000001647db0994 method=com.android.tools.r8.graph.X2.a(Lcom/android/tools/r8/graph/l2;Lcom/android/tools/r8/graph/P0;)Lcom/android/tools/r8/graph/l2; @ 138 c2
Event: 6431.889 Thread 0x0000001668739000 DEOPT PACKING pc=0x0000001647db0994 sp=0x000000166bd1d140
Event: 6431.889 Thread 0x0000001668739000 DEOPT UNPACKING pc=0x000000163f2ba1af sp=0x000000166bd1cf30 mode 2

Classes redefined (0 events):
No events

Internal exceptions (20 events):
Event: 6422.352 Thread 0x0000001668738000 Exception <a 'sun/nio/fs/WindowsException'{0x0000000093ae1c78}> (0x0000000093ae1c78) thrown at [./src/hotspot/share/prims/jni.cpp, line 616]
Event: 6422.353 Thread 0x0000001668738000 Exception <a 'sun/nio/fs/WindowsException'{0x0000000093ae2020}> (0x0000000093ae2020) thrown at [./src/hotspot/share/prims/jni.cpp, line 616]
Event: 6422.353 Thread 0x0000001668738000 Exception <a 'sun/nio/fs/WindowsException'{0x0000000093ae2ed8}> (0x0000000093ae2ed8) thrown at [./src/hotspot/share/prims/jni.cpp, line 616]
Event: 6422.353 Thread 0x0000001668738000 Exception <a 'sun/nio/fs/WindowsException'{0x0000000093ae3230}> (0x0000000093ae3230) thrown at [./src/hotspot/share/prims/jni.cpp, line 616]
Event: 6422.353 Thread 0x0000001668738000 Exception <a 'sun/nio/fs/WindowsException'{0x0000000093ae4378}> (0x0000000093ae4378) thrown at [./src/hotspot/share/prims/jni.cpp, line 616]
Event: 6422.353 Thread 0x0000001668738000 Exception <a 'sun/nio/fs/WindowsException'{0x0000000093ae4670}> (0x0000000093ae4670) thrown at [./src/hotspot/share/prims/jni.cpp, line 616]
Event: 6422.353 Thread 0x0000001668738000 Exception <a 'sun/nio/fs/WindowsException'{0x0000000093ae5508}> (0x0000000093ae5508) thrown at [./src/hotspot/share/prims/jni.cpp, line 616]
Event: 6422.353 Thread 0x0000001668738000 Exception <a 'sun/nio/fs/WindowsException'{0x0000000093ae5818}> (0x0000000093ae5818) thrown at [./src/hotspot/share/prims/jni.cpp, line 616]
Event: 6422.531 Thread 0x0000001668738000 Exception <a 'java/lang/NoSuchMethodError'{0x0000000093ab6010}: <clinit>> (0x0000000093ab6010) thrown at [./src/hotspot/share/prims/jni.cpp, line 1366]
Event: 6422.538 Thread 0x0000001668738000 Exception <a 'java/lang/NoSuchMethodError'{0x0000000093aea118}: <clinit>> (0x0000000093aea118) thrown at [./src/hotspot/share/prims/jni.cpp, line 1366]
Event: 6422.569 Thread 0x0000001668738000 Exception <a 'java/lang/NoSuchMethodError'{0x0000000093afcb30}: <clinit>> (0x0000000093afcb30) thrown at [./src/hotspot/share/prims/jni.cpp, line 1366]
Event: 6422.765 Thread 0x0000001668737800 Exception <a 'java/lang/NoSuchMethodError'{0x0000000093c9e718}: 'void java.lang.invoke.DirectMethodHandle$Holder.invokeStatic(java.lang.Object, long)'> (0x0000000093c9e718) thrown at [./src/hotspot/share/interpreter/linkResolver.cpp, line 773]
Event: 6422.768 Thread 0x0000001668737800 Exception <a 'java/lang/NoSuchMethodError'{0x0000000093cc8e80}: 'java.lang.Object java.lang.invoke.DirectMethodHandle$Holder.invokeStaticInit(java.lang.Object, java.lang.Object, long, java.lang.Object)'> (0x0000000093cc8e80) thrown at [./src/hotspot/share/interpreter/linkResolver.cpp, line 773]
Event: 6422.768 Thread 0x0000001668737800 Exception <a 'java/lang/NoSuchMethodError'{0x0000000093cd5bf0}: 'java.lang.Object java.lang.invoke.DirectMethodHandle$Holder.invokeStatic(java.lang.Object, java.lang.Object, long)'> (0x0000000093cd5bf0) thrown at [./src/hotspot/share/interpreter/linkResolver.cpp, line 773]
Event: 6422.769 Thread 0x0000001668737800 Exception <a 'java/lang/NoSuchMethodError'{0x0000000093cdd1f0}: 'java.lang.Object java.lang.invoke.Invokers$Holder.linkToTargetMethod(java.lang.Object, long, java.lang.Object)'> (0x0000000093cdd1f0) thrown at [./src/hotspot/share/interpreter/linkResolver.cpp, line 773]
Event: 6423.082 Thread 0x0000001668736800 Exception <a 'sun/nio/fs/WindowsException'{0x0000000092ca74e0}> (0x0000000092ca74e0) thrown at [./src/hotspot/share/prims/jni.cpp, line 616]
Event: 6423.083 Thread 0x0000001668736800 Exception <a 'sun/nio/fs/WindowsException'{0x0000000092ca8638}> (0x0000000092ca8638) thrown at [./src/hotspot/share/prims/jni.cpp, line 616]
Event: 6423.083 Thread 0x0000001668736800 Exception <a 'sun/nio/fs/WindowsException'{0x0000000092ca8940}> (0x0000000092ca8940) thrown at [./src/hotspot/share/prims/jni.cpp, line 616]
Event: 6423.561 Thread 0x0000001668736800 Exception <a 'sun/nio/fs/WindowsException'{0x000000009253f780}> (0x000000009253f780) thrown at [./src/hotspot/share/prims/jni.cpp, line 616]
Event: 6423.561 Thread 0x0000001668736800 Exception <a 'sun/nio/fs/WindowsException'{0x00000000925408f8}> (0x00000000925408f8) thrown at [./src/hotspot/share/prims/jni.cpp, line 616]

Events (20 events):
Event: 6429.042 loading class com/android/tools/r8/graph/N2 done
Event: 6429.055 Executing VM operation: G1CollectForAllocation
Event: 6429.068 Executing VM operation: G1CollectForAllocation done
Event: 6429.091 Executing VM operation: CGC_Operation
Event: 6429.138 Executing VM operation: CGC_Operation done
Event: 6429.607 Executing VM operation: CGC_Operation
Event: 6429.612 Executing VM operation: CGC_Operation done
Event: 6429.670 Executing VM operation: G1CollectForAllocation
Event: 6429.678 Executing VM operation: G1CollectForAllocation done
Event: 6430.068 Executing VM operation: RevokeBias
Event: 6430.071 Executing VM operation: RevokeBias done
Event: 6430.075 Executing VM operation: BulkRevokeBias
Event: 6430.077 Executing VM operation: BulkRevokeBias done
Event: 6430.122 Executing VM operation: G1CollectForAllocation
Event: 6430.228 Executing VM operation: G1CollectForAllocation done
Event: 6430.325 loading class com/android/tools/r8/internal/I2
Event: 6430.325 loading class com/android/tools/r8/internal/I2 done
Event: 6431.123 Executing VM operation: G1CollectForAllocation
Event: 6431.145 Executing VM operation: G1CollectForAllocation done
Event: 6431.953 Executing VM operation: G1CollectForAllocation


Dynamic libraries:
0x00007ff65a670000 - 0x00007ff65a67a000 	C:\Program Files\Android\Android Studio\jre\bin\java.exe
0x00007ffa82c20000 - 0x00007ffa82dcd000 	C:\Windows\SYSTEM32\ntdll.dll
0x00007ffa80c00000 - 0x00007ffa80d3f000 	C:\Windows\system32\KERNEL32.DLL
0x00007ffa7fef0000 - 0x00007ffa80005000 	C:\Windows\system32\KERNELBASE.dll
0x00007ffa61a30000 - 0x00007ffa61a49000 	C:\Program Files\Android\Android Studio\jre\bin\jli.dll
0x00007ffa79a00000 - 0x00007ffa79a17000 	C:\Program Files\Android\Android Studio\jre\bin\VCRUNTIME140.dll
0x00007ffa7c2d0000 - 0x00007ffa7c2d4000 	C:\Windows\SYSTEM32\api-ms-win-crt-stdio-l1-1-0.dll
0x00007ffa78870000 - 0x00007ffa78874000 	C:\Windows\SYSTEM32\api-ms-win-crt-runtime-l1-1-0.dll
0x00007ffa78730000 - 0x00007ffa78733000 	C:\Windows\SYSTEM32\api-ms-win-crt-environment-l1-1-0.dll
0x00007ffa785d0000 - 0x00007ffa785d5000 	C:\Windows\SYSTEM32\api-ms-win-crt-math-l1-1-0.dll
0x00007ffa71c60000 - 0x00007ffa71c63000 	C:\Windows\SYSTEM32\api-ms-win-crt-locale-l1-1-0.dll
0x00007ffa75000000 - 0x00007ffa75003000 	C:\Windows\SYSTEM32\api-ms-win-crt-heap-l1-1-0.dll
0x00007ffa7d850000 - 0x00007ffa7dacb000 	C:\Windows\WinSxS\amd64_microsoft.windows.common-controls_6595b64144ccf1df_6.0.9600.19394_none_62486577ecb635cf\COMCTL32.dll
0x00007ffa80950000 - 0x00007ffa80ac7000 	C:\Windows\system32\USER32.dll
0x00007ffa76970000 - 0x00007ffa76973000 	C:\Windows\SYSTEM32\api-ms-win-crt-filesystem-l1-1-0.dll
0x00007ffa78880000 - 0x00007ffa78884000 	C:\Windows\SYSTEM32\api-ms-win-crt-string-l1-1-0.dll
0x00007ffa78860000 - 0x00007ffa78864000 	C:\Windows\SYSTEM32\api-ms-win-crt-convert-l1-1-0.dll
0x00007ffa804e0000 - 0x00007ffa8058a000 	C:\Windows\system32\msvcrt.dll
0x00007ffa80d40000 - 0x00007ffa80e8e000 	C:\Windows\system32\GDI32.dll
0x00007ffa63290000 - 0x00007ffa63384000 	C:\Windows\SYSTEM32\ucrtbase.DLL
0x00007ffa80910000 - 0x00007ffa80946000 	C:\Windows\system32\IMM32.DLL
0x00007ffa80eb0000 - 0x00007ffa81001000 	C:\Windows\system32\MSCTF.dll
0x00007ffa62df0000 - 0x00007ffa62e8d000 	C:\Program Files\Android\Android Studio\jre\bin\msvcp140.dll
0x00007ffa71c50000 - 0x00007ffa71c55000 	C:\Windows\SYSTEM32\api-ms-win-crt-multibyte-l1-1-0.dll
0x00007ffa75010000 - 0x00007ffa75013000 	C:\Windows\SYSTEM32\api-ms-win-crt-time-l1-1-0.dll
0x00007ffa78720000 - 0x00007ffa78723000 	C:\Windows\SYSTEM32\api-ms-win-crt-utility-l1-1-0.dll
0x00007ffa60240000 - 0x00007ffa60d42000 	C:\Program Files\Android\Android Studio\jre\bin\server\jvm.dll
0x00007ffa80590000 - 0x00007ffa8063d000 	C:\Windows\system32\ADVAPI32.dll
0x00007ffa7c470000 - 0x00007ffa7c479000 	C:\Windows\SYSTEM32\WSOCK32.dll
0x00007ffa78590000 - 0x00007ffa785b2000 	C:\Windows\SYSTEM32\WINMM.dll
0x00007ffa78580000 - 0x00007ffa7858a000 	C:\Windows\SYSTEM32\VERSION.dll
0x00007ffa80e90000 - 0x00007ffa80e97000 	C:\Windows\system32\PSAPI.DLL
0x00007ffa802a0000 - 0x00007ffa802fb000 	C:\Windows\SYSTEM32\sechost.dll
0x00007ffa82940000 - 0x00007ffa82a75000 	C:\Windows\system32\RPCRT4.dll
0x00007ffa80710000 - 0x00007ffa8076a000 	C:\Windows\system32\WS2_32.dll
0x00007ffa78550000 - 0x00007ffa7857a000 	C:\Windows\SYSTEM32\WINMMBASE.dll
0x00007ffa80010000 - 0x00007ffa8003e000 	C:\Windows\system32\SspiCli.dll
0x00007ffa80b30000 - 0x00007ffa80b39000 	C:\Windows\system32\NSI.dll
0x00007ffa7fea0000 - 0x00007ffa7feef000 	C:\Windows\SYSTEM32\cfgmgr32.dll
0x00007ffa7eaf0000 - 0x00007ffa7eb18000 	C:\Windows\SYSTEM32\DEVOBJ.dll
0x00007ffa743f0000 - 0x00007ffa74401000 	C:\Program Files\Android\Android Studio\jre\bin\verify.dll
0x00007ffa71da0000 - 0x00007ffa71f2a000 	C:\Windows\SYSTEM32\DBGHELP.DLL
0x00007ffa743c0000 - 0x00007ffa743e9000 	C:\Program Files\Android\Android Studio\jre\bin\java.dll
0x00007ffa742a0000 - 0x00007ffa742ab000 	C:\Program Files\Android\Android Studio\jre\bin\jimage.dll
0x00007ffa74280000 - 0x00007ffa74298000 	C:\Program Files\Android\Android Studio\jre\bin\zip.dll
0x00007ffa81410000 - 0x00007ffa8293c000 	C:\Windows\system32\SHELL32.dll
0x00007ffa81010000 - 0x00007ffa81222000 	C:\Windows\SYSTEM32\combase.dll
0x00007ffa80780000 - 0x00007ffa807d4000 	C:\Windows\system32\SHLWAPI.dll
0x00007ffa7ddf0000 - 0x00007ffa7dea2000 	C:\Windows\SYSTEM32\SHCORE.dll
0x00007ffa7fcc0000 - 0x00007ffa7fcd5000 	C:\Windows\SYSTEM32\profapi.dll
0x00007ffa74260000 - 0x00007ffa7427a000 	C:\Program Files\Android\Android Studio\jre\bin\net.dll
0x00007ffa78bb0000 - 0x00007ffa78c79000 	C:\Windows\SYSTEM32\WINHTTP.dll
0x00007ffa7f500000 - 0x00007ffa7f559000 	C:\Windows\system32\mswsock.dll
0x00007ffa71c70000 - 0x00007ffa71c84000 	C:\Program Files\Android\Android Studio\jre\bin\nio.dll
0x00007ffa62940000 - 0x00007ffa62967000 	C:\Users\Nadezhda S\.gradle\native\e1d6ef7f7dcc3fd88c89a11ec53ec762bb8ba0a96d01ffa2cd45eb1d1d8dd5c5\windows-amd64\native-platform.dll
0x00007ffa741a0000 - 0x00007ffa741aa000 	C:\Program Files\Android\Android Studio\jre\bin\management.dll
0x00007ffa72390000 - 0x00007ffa7239d000 	C:\Program Files\Android\Android Studio\jre\bin\management_ext.dll
0x00007ffa7f560000 - 0x00007ffa7f580000 	C:\Windows\SYSTEM32\CRYPTSP.dll
0x00007ffa7f180000 - 0x00007ffa7f1b6000 	C:\Windows\system32\rsaenh.dll
0x00007ffa7f7a0000 - 0x00007ffa7f7c6000 	C:\Windows\SYSTEM32\bcrypt.dll
0x00007ffa7f290000 - 0x00007ffa7f2b1000 	C:\Windows\SYSTEM32\USERENV.dll
0x00007ffa7fac0000 - 0x00007ffa7fb23000 	C:\Windows\system32\bcryptprimitives.dll
0x00007ffa7fb30000 - 0x00007ffa7fb3b000 	C:\Windows\SYSTEM32\CRYPTBASE.dll
0x00007ffa7c800000 - 0x00007ffa7c82a000 	C:\Windows\SYSTEM32\IPHLPAPI.DLL
0x00007ffa7c710000 - 0x00007ffa7c71a000 	C:\Windows\SYSTEM32\WINNSI.DLL
0x00007ffa7b360000 - 0x00007ffa7b376000 	C:\Windows\SYSTEM32\dhcpcsvc6.DLL
0x00007ffa7c400000 - 0x00007ffa7c41a000 	C:\Windows\SYSTEM32\dhcpcsvc.DLL
0x00007ffa62d90000 - 0x00007ffa62db7000 	C:\Program Files\Android\Android Studio\jre\bin\sunec.dll
0x00007ffa7f300000 - 0x00007ffa7f3a4000 	C:\Windows\SYSTEM32\DNSAPI.dll
0x00007ffa77ee0000 - 0x00007ffa77eea000 	C:\Windows\System32\rasadhlp.dll
0x00007ffa7c320000 - 0x00007ffa7c38b000 	C:\Windows\System32\fwpuclnt.dll
0x00007ffa7a110000 - 0x00007ffa7a142000 	C:\Windows\SYSTEM32\ntmarta.dll

dbghelp: loaded successfully - version: 4.0.5 - missing functions: none
symbol engine: initialized successfully - sym options: 0x614 - pdb path: .;C:\Program Files\Android\Android Studio\jre\bin;C:\Windows\SYSTEM32;C:\Windows\WinSxS\amd64_microsoft.windows.common-controls_6595b64144ccf1df_6.0.9600.19394_none_62486577ecb635cf;C:\Program Files\Android\Android Studio\jre\bin\server;C:\Users\Nadezhda S\.gradle\native\e1d6ef7f7dcc3fd88c89a11ec53ec762bb8ba0a96d01ffa2cd45eb1d1d8dd5c5\windows-amd64

VM Arguments:
jvm_args: --add-opens=java.base/java.util=ALL-UNNAMED --add-opens=java.base/java.lang=ALL-UNNAMED --add-opens=java.base/java.lang.invoke=ALL-UNNAMED --add-opens=java.base/java.util=ALL-UNNAMED --add-opens=java.prefs/java.util.prefs=ALL-UNNAMED --add-opens=java.prefs/java.util.prefs=ALL-UNNAMED --add-opens=java.base/java.nio.charset=ALL-UNNAMED --add-opens=java.base/java.net=ALL-UNNAMED --add-opens=java.base/java.util.concurrent.atomic=ALL-UNNAMED -Xmx2048m -Dfile.encoding=UTF-8 -Duser.country=RU -Duser.language=ru -Duser.variant 
java_command: org.gradle.launcher.daemon.bootstrap.GradleDaemon 7.4
java_class_path (initial): C:\Users\Nadezhda S\.gradle\wrapper\dists\gradle-7.4-bin\c0gwcg53nkjbqw7r0h0umtfvt\gradle-7.4\lib\gradle-launcher-7.4.jar
Launcher Type: SUN_STANDARD

[Global flags]
     intx CICompilerCount                          = 3                                         {product} {ergonomic}
     uint ConcGCThreads                            = 1                                         {product} {ergonomic}
     uint G1ConcRefinementThreads                  = 4                                         {product} {ergonomic}
   size_t G1HeapRegionSize                         = 1048576                                   {product} {ergonomic}
    uintx GCDrainStackTargetSize                   = 64                                        {product} {ergonomic}
   size_t InitialHeapSize                          = 134217728                                 {product} {ergonomic}
   size_t MarkStackSize                            = 4194304                                   {product} {ergonomic}
   size_t MaxHeapSize                              = 2147483648                                {product} {command line}
   size_t MaxNewSize                               = 1287651328                                {product} {ergonomic}
   size_t MinHeapDeltaBytes                        = 1048576                                   {product} {ergonomic}
    uintx NonNMethodCodeHeapSize                   = 5830732                                {pd product} {ergonomic}
    uintx NonProfiledCodeHeapSize                  = 122913754                              {pd product} {ergonomic}
    uintx ProfiledCodeHeapSize                     = 122913754                              {pd product} {ergonomic}
    uintx ReservedCodeCacheSize                    = 251658240                              {pd product} {ergonomic}
     bool SegmentedCodeCache                       = true                                      {product} {ergonomic}
     bool UseCompressedClassPointers               = true                                 {lp64_product} {ergonomic}
     bool UseCompressedOops                        = true                                 {lp64_product} {ergonomic}
     bool UseG1GC                                  = true                                      {product} {ergonomic}
     bool UseLargePagesIndividualAllocation        = false                                  {pd product} {ergonomic}

Logging:
Log output configuration:
 #0: stdout all=warning uptime,level,tags
 #1: stderr all=off uptime,level,tags

Environment Variables:
PATH=C:\Windows\system32;C:\Windows;C:\Windows\System32\Wbem;C:\Windows\System32\WindowsPowerShell\v1.0\;C:\Program Files\Git\cmd
USERNAME=Nadezhda S
OS=Windows_NT
PROCESSOR_IDENTIFIER=Intel64 Family 6 Model 42 Stepping 7, GenuineIntel



---------------  S Y S T E M  ---------------

OS: Windows 8.1 , 64 bit Build 9600 (6.3.9600.20389)
OS uptime: 0 days 3:42 hours

CPU:total 4 (initial active 4) (2 cores per cpu, 2 threads per core) family 6 model 42 stepping 7 microcode 0x28, cmov, cx8, fxsr, mmx, sse, sse2, sse3, ssse3, sse4.1, sse4.2, popcnt, avx, aes, clmul, ht, tsc, tscinvbit

Memory: 4k page, system-wide physical 8105M (775M free)
TotalPageFile size 8105M (AvailPageFile size 25M)
current process WorkingSet (physical memory assigned to process): 740M, peak: 751M
current process commit charge ("private bytes"): 768M, peak: 871M

vm_info: OpenJDK 64-Bit Server VM (11.0.13+0-b1751.21-8125866) for windows-amd64 JRE (11.0.13+0-b1751.21-8125866), built on Feb  2 2022 03:00:22 by "builder" with MS VC++ 14.0 (VS2015)

END.
